[2025-04-09T11:06:44.830+0000] {processor.py:186} INFO - Started process (PID=322) to work on /opt/airflow/dags/real_estate_dag.py
[2025-04-09T11:06:44.831+0000] {processor.py:914} INFO - Processing file /opt/airflow/dags/real_estate_dag.py for tasks to queue
[2025-04-09T11:06:44.834+0000] {logging_mixin.py:190} INFO - [2025-04-09T11:06:44.833+0000] {dagbag.py:588} INFO - Filling up the DagBag from /opt/airflow/dags/real_estate_dag.py
[2025-04-09T11:06:45.735+0000] {processor.py:925} INFO - DAG(s) 'real_estate_pipeline' retrieved from /opt/airflow/dags/real_estate_dag.py
[2025-04-09T11:06:46.003+0000] {logging_mixin.py:190} INFO - [2025-04-09T11:06:46.003+0000] {dag.py:3239} INFO - Sync 1 DAGs
[2025-04-09T11:06:46.034+0000] {logging_mixin.py:190} INFO - [2025-04-09T11:06:46.034+0000] {dag.py:4180} INFO - Setting next_dagrun for real_estate_pipeline to 2025-04-08 23:00:00+00:00, run_after=2025-04-09 23:00:00+00:00
[2025-04-09T11:06:46.114+0000] {processor.py:208} INFO - Processing /opt/airflow/dags/real_estate_dag.py took 1.290 seconds
[2025-04-09T11:07:16.375+0000] {processor.py:186} INFO - Started process (PID=324) to work on /opt/airflow/dags/real_estate_dag.py
[2025-04-09T11:07:16.377+0000] {processor.py:914} INFO - Processing file /opt/airflow/dags/real_estate_dag.py for tasks to queue
[2025-04-09T11:07:16.380+0000] {logging_mixin.py:190} INFO - [2025-04-09T11:07:16.379+0000] {dagbag.py:588} INFO - Filling up the DagBag from /opt/airflow/dags/real_estate_dag.py
[2025-04-09T11:07:17.292+0000] {processor.py:925} INFO - DAG(s) 'real_estate_pipeline' retrieved from /opt/airflow/dags/real_estate_dag.py
[2025-04-09T11:07:17.341+0000] {logging_mixin.py:190} INFO - [2025-04-09T11:07:17.341+0000] {dag.py:3239} INFO - Sync 1 DAGs
[2025-04-09T11:07:17.380+0000] {logging_mixin.py:190} INFO - [2025-04-09T11:07:17.380+0000] {dag.py:4180} INFO - Setting next_dagrun for real_estate_pipeline to 2025-04-08 23:00:00+00:00, run_after=2025-04-09 23:00:00+00:00
[2025-04-09T11:07:17.487+0000] {processor.py:208} INFO - Processing /opt/airflow/dags/real_estate_dag.py took 1.117 seconds
[2025-04-09T11:07:48.079+0000] {processor.py:186} INFO - Started process (PID=326) to work on /opt/airflow/dags/real_estate_dag.py
[2025-04-09T11:07:48.081+0000] {processor.py:914} INFO - Processing file /opt/airflow/dags/real_estate_dag.py for tasks to queue
[2025-04-09T11:07:48.084+0000] {logging_mixin.py:190} INFO - [2025-04-09T11:07:48.084+0000] {dagbag.py:588} INFO - Filling up the DagBag from /opt/airflow/dags/real_estate_dag.py
[2025-04-09T11:07:49.582+0000] {processor.py:925} INFO - DAG(s) 'real_estate_pipeline' retrieved from /opt/airflow/dags/real_estate_dag.py
[2025-04-09T11:07:49.645+0000] {logging_mixin.py:190} INFO - [2025-04-09T11:07:49.644+0000] {dag.py:3239} INFO - Sync 1 DAGs
[2025-04-09T11:07:49.682+0000] {logging_mixin.py:190} INFO - [2025-04-09T11:07:49.682+0000] {dag.py:4180} INFO - Setting next_dagrun for real_estate_pipeline to 2025-04-08 23:00:00+00:00, run_after=2025-04-09 23:00:00+00:00
[2025-04-09T11:07:49.768+0000] {processor.py:208} INFO - Processing /opt/airflow/dags/real_estate_dag.py took 1.697 seconds
[2025-04-09T11:08:19.951+0000] {processor.py:186} INFO - Started process (PID=328) to work on /opt/airflow/dags/real_estate_dag.py
[2025-04-09T11:08:19.953+0000] {processor.py:914} INFO - Processing file /opt/airflow/dags/real_estate_dag.py for tasks to queue
[2025-04-09T11:08:19.969+0000] {logging_mixin.py:190} INFO - [2025-04-09T11:08:19.969+0000] {dagbag.py:588} INFO - Filling up the DagBag from /opt/airflow/dags/real_estate_dag.py
[2025-04-09T11:08:20.836+0000] {processor.py:925} INFO - DAG(s) 'real_estate_pipeline' retrieved from /opt/airflow/dags/real_estate_dag.py
[2025-04-09T11:08:20.867+0000] {logging_mixin.py:190} INFO - [2025-04-09T11:08:20.867+0000] {dag.py:3239} INFO - Sync 1 DAGs
[2025-04-09T11:08:20.900+0000] {logging_mixin.py:190} INFO - [2025-04-09T11:08:20.900+0000] {dag.py:4180} INFO - Setting next_dagrun for real_estate_pipeline to 2025-04-08 23:00:00+00:00, run_after=2025-04-09 23:00:00+00:00
[2025-04-09T11:08:20.988+0000] {processor.py:208} INFO - Processing /opt/airflow/dags/real_estate_dag.py took 1.043 seconds
[2025-04-09T11:08:51.521+0000] {processor.py:186} INFO - Started process (PID=330) to work on /opt/airflow/dags/real_estate_dag.py
[2025-04-09T11:08:51.523+0000] {processor.py:914} INFO - Processing file /opt/airflow/dags/real_estate_dag.py for tasks to queue
[2025-04-09T11:08:51.527+0000] {logging_mixin.py:190} INFO - [2025-04-09T11:08:51.526+0000] {dagbag.py:588} INFO - Filling up the DagBag from /opt/airflow/dags/real_estate_dag.py
[2025-04-09T11:08:52.754+0000] {processor.py:925} INFO - DAG(s) 'real_estate_pipeline' retrieved from /opt/airflow/dags/real_estate_dag.py
[2025-04-09T11:08:52.801+0000] {logging_mixin.py:190} INFO - [2025-04-09T11:08:52.800+0000] {dag.py:3239} INFO - Sync 1 DAGs
[2025-04-09T11:08:52.844+0000] {logging_mixin.py:190} INFO - [2025-04-09T11:08:52.843+0000] {dag.py:4180} INFO - Setting next_dagrun for real_estate_pipeline to 2025-04-08 23:00:00+00:00, run_after=2025-04-09 23:00:00+00:00
[2025-04-09T11:08:52.997+0000] {processor.py:208} INFO - Processing /opt/airflow/dags/real_estate_dag.py took 1.482 seconds
[2025-04-09T11:09:23.660+0000] {processor.py:186} INFO - Started process (PID=332) to work on /opt/airflow/dags/real_estate_dag.py
[2025-04-09T11:09:23.663+0000] {processor.py:914} INFO - Processing file /opt/airflow/dags/real_estate_dag.py for tasks to queue
[2025-04-09T11:09:23.674+0000] {logging_mixin.py:190} INFO - [2025-04-09T11:09:23.672+0000] {dagbag.py:588} INFO - Filling up the DagBag from /opt/airflow/dags/real_estate_dag.py
[2025-04-09T11:09:24.623+0000] {processor.py:925} INFO - DAG(s) 'real_estate_pipeline' retrieved from /opt/airflow/dags/real_estate_dag.py
[2025-04-09T11:09:24.681+0000] {logging_mixin.py:190} INFO - [2025-04-09T11:09:24.680+0000] {dag.py:3239} INFO - Sync 1 DAGs
[2025-04-09T11:09:24.715+0000] {logging_mixin.py:190} INFO - [2025-04-09T11:09:24.714+0000] {dag.py:4180} INFO - Setting next_dagrun for real_estate_pipeline to 2025-04-08 23:00:00+00:00, run_after=2025-04-09 23:00:00+00:00
[2025-04-09T11:09:24.799+0000] {processor.py:208} INFO - Processing /opt/airflow/dags/real_estate_dag.py took 1.149 seconds
[2025-04-09T11:09:54.973+0000] {processor.py:186} INFO - Started process (PID=334) to work on /opt/airflow/dags/real_estate_dag.py
[2025-04-09T11:09:54.974+0000] {processor.py:914} INFO - Processing file /opt/airflow/dags/real_estate_dag.py for tasks to queue
[2025-04-09T11:09:54.977+0000] {logging_mixin.py:190} INFO - [2025-04-09T11:09:54.976+0000] {dagbag.py:588} INFO - Filling up the DagBag from /opt/airflow/dags/real_estate_dag.py
[2025-04-09T11:09:55.970+0000] {processor.py:925} INFO - DAG(s) 'real_estate_pipeline' retrieved from /opt/airflow/dags/real_estate_dag.py
[2025-04-09T11:09:56.005+0000] {logging_mixin.py:190} INFO - [2025-04-09T11:09:56.005+0000] {dag.py:3239} INFO - Sync 1 DAGs
[2025-04-09T11:09:56.034+0000] {logging_mixin.py:190} INFO - [2025-04-09T11:09:56.034+0000] {dag.py:4180} INFO - Setting next_dagrun for real_estate_pipeline to 2025-04-08 23:00:00+00:00, run_after=2025-04-09 23:00:00+00:00
[2025-04-09T11:09:56.130+0000] {processor.py:208} INFO - Processing /opt/airflow/dags/real_estate_dag.py took 1.165 seconds
[2025-04-09T11:10:26.541+0000] {processor.py:186} INFO - Started process (PID=336) to work on /opt/airflow/dags/real_estate_dag.py
[2025-04-09T11:10:26.542+0000] {processor.py:914} INFO - Processing file /opt/airflow/dags/real_estate_dag.py for tasks to queue
[2025-04-09T11:10:26.545+0000] {logging_mixin.py:190} INFO - [2025-04-09T11:10:26.545+0000] {dagbag.py:588} INFO - Filling up the DagBag from /opt/airflow/dags/real_estate_dag.py
[2025-04-09T11:10:27.366+0000] {processor.py:925} INFO - DAG(s) 'real_estate_pipeline' retrieved from /opt/airflow/dags/real_estate_dag.py
[2025-04-09T11:10:27.399+0000] {logging_mixin.py:190} INFO - [2025-04-09T11:10:27.398+0000] {dag.py:3239} INFO - Sync 1 DAGs
[2025-04-09T11:10:27.422+0000] {logging_mixin.py:190} INFO - [2025-04-09T11:10:27.422+0000] {dag.py:4180} INFO - Setting next_dagrun for real_estate_pipeline to 2025-04-08 23:00:00+00:00, run_after=2025-04-09 23:00:00+00:00
[2025-04-09T11:10:27.471+0000] {processor.py:208} INFO - Processing /opt/airflow/dags/real_estate_dag.py took 0.938 seconds
[2025-04-09T11:10:57.806+0000] {processor.py:186} INFO - Started process (PID=338) to work on /opt/airflow/dags/real_estate_dag.py
[2025-04-09T11:10:57.816+0000] {processor.py:914} INFO - Processing file /opt/airflow/dags/real_estate_dag.py for tasks to queue
[2025-04-09T11:10:57.819+0000] {logging_mixin.py:190} INFO - [2025-04-09T11:10:57.818+0000] {dagbag.py:588} INFO - Filling up the DagBag from /opt/airflow/dags/real_estate_dag.py
[2025-04-09T11:10:59.198+0000] {processor.py:925} INFO - DAG(s) 'real_estate_pipeline' retrieved from /opt/airflow/dags/real_estate_dag.py
[2025-04-09T11:10:59.252+0000] {logging_mixin.py:190} INFO - [2025-04-09T11:10:59.252+0000] {dag.py:3239} INFO - Sync 1 DAGs
[2025-04-09T11:10:59.294+0000] {logging_mixin.py:190} INFO - [2025-04-09T11:10:59.294+0000] {dag.py:4180} INFO - Setting next_dagrun for real_estate_pipeline to 2025-04-08 23:00:00+00:00, run_after=2025-04-09 23:00:00+00:00
[2025-04-09T11:10:59.374+0000] {processor.py:208} INFO - Processing /opt/airflow/dags/real_estate_dag.py took 1.581 seconds
[2025-04-09T11:11:29.776+0000] {processor.py:186} INFO - Started process (PID=340) to work on /opt/airflow/dags/real_estate_dag.py
[2025-04-09T11:11:29.778+0000] {processor.py:914} INFO - Processing file /opt/airflow/dags/real_estate_dag.py for tasks to queue
[2025-04-09T11:11:29.780+0000] {logging_mixin.py:190} INFO - [2025-04-09T11:11:29.780+0000] {dagbag.py:588} INFO - Filling up the DagBag from /opt/airflow/dags/real_estate_dag.py
[2025-04-09T11:11:30.528+0000] {processor.py:925} INFO - DAG(s) 'real_estate_pipeline' retrieved from /opt/airflow/dags/real_estate_dag.py
[2025-04-09T11:11:30.597+0000] {logging_mixin.py:190} INFO - [2025-04-09T11:11:30.596+0000] {dag.py:3239} INFO - Sync 1 DAGs
[2025-04-09T11:11:30.649+0000] {logging_mixin.py:190} INFO - [2025-04-09T11:11:30.649+0000] {dag.py:4180} INFO - Setting next_dagrun for real_estate_pipeline to 2025-04-08 23:00:00+00:00, run_after=2025-04-09 23:00:00+00:00
[2025-04-09T11:11:30.716+0000] {processor.py:208} INFO - Processing /opt/airflow/dags/real_estate_dag.py took 0.945 seconds
[2025-04-09T11:12:01.143+0000] {processor.py:186} INFO - Started process (PID=342) to work on /opt/airflow/dags/real_estate_dag.py
[2025-04-09T11:12:01.144+0000] {processor.py:914} INFO - Processing file /opt/airflow/dags/real_estate_dag.py for tasks to queue
[2025-04-09T11:12:01.147+0000] {logging_mixin.py:190} INFO - [2025-04-09T11:12:01.147+0000] {dagbag.py:588} INFO - Filling up the DagBag from /opt/airflow/dags/real_estate_dag.py
[2025-04-09T11:12:02.381+0000] {processor.py:925} INFO - DAG(s) 'real_estate_pipeline' retrieved from /opt/airflow/dags/real_estate_dag.py
[2025-04-09T11:12:02.436+0000] {logging_mixin.py:190} INFO - [2025-04-09T11:12:02.435+0000] {dag.py:3239} INFO - Sync 1 DAGs
[2025-04-09T11:12:02.477+0000] {logging_mixin.py:190} INFO - [2025-04-09T11:12:02.477+0000] {dag.py:4180} INFO - Setting next_dagrun for real_estate_pipeline to 2025-04-08 23:00:00+00:00, run_after=2025-04-09 23:00:00+00:00
[2025-04-09T11:12:02.563+0000] {processor.py:208} INFO - Processing /opt/airflow/dags/real_estate_dag.py took 1.428 seconds
[2025-04-09T11:12:33.157+0000] {processor.py:186} INFO - Started process (PID=344) to work on /opt/airflow/dags/real_estate_dag.py
[2025-04-09T11:12:33.159+0000] {processor.py:914} INFO - Processing file /opt/airflow/dags/real_estate_dag.py for tasks to queue
[2025-04-09T11:12:33.162+0000] {logging_mixin.py:190} INFO - [2025-04-09T11:12:33.161+0000] {dagbag.py:588} INFO - Filling up the DagBag from /opt/airflow/dags/real_estate_dag.py
[2025-04-09T11:12:34.296+0000] {processor.py:925} INFO - DAG(s) 'real_estate_pipeline' retrieved from /opt/airflow/dags/real_estate_dag.py
[2025-04-09T11:12:34.350+0000] {logging_mixin.py:190} INFO - [2025-04-09T11:12:34.350+0000] {dag.py:3239} INFO - Sync 1 DAGs
[2025-04-09T11:12:34.395+0000] {logging_mixin.py:190} INFO - [2025-04-09T11:12:34.395+0000] {dag.py:4180} INFO - Setting next_dagrun for real_estate_pipeline to 2025-04-08 23:00:00+00:00, run_after=2025-04-09 23:00:00+00:00
[2025-04-09T11:12:34.516+0000] {processor.py:208} INFO - Processing /opt/airflow/dags/real_estate_dag.py took 1.367 seconds
[2025-04-09T11:13:05.127+0000] {processor.py:186} INFO - Started process (PID=346) to work on /opt/airflow/dags/real_estate_dag.py
[2025-04-09T11:13:05.129+0000] {processor.py:914} INFO - Processing file /opt/airflow/dags/real_estate_dag.py for tasks to queue
[2025-04-09T11:13:05.132+0000] {logging_mixin.py:190} INFO - [2025-04-09T11:13:05.132+0000] {dagbag.py:588} INFO - Filling up the DagBag from /opt/airflow/dags/real_estate_dag.py
[2025-04-09T11:13:06.487+0000] {processor.py:925} INFO - DAG(s) 'real_estate_pipeline' retrieved from /opt/airflow/dags/real_estate_dag.py
[2025-04-09T11:13:06.546+0000] {logging_mixin.py:190} INFO - [2025-04-09T11:13:06.545+0000] {dag.py:3239} INFO - Sync 1 DAGs
[2025-04-09T11:13:06.588+0000] {logging_mixin.py:190} INFO - [2025-04-09T11:13:06.587+0000] {dag.py:4180} INFO - Setting next_dagrun for real_estate_pipeline to 2025-04-08 23:00:00+00:00, run_after=2025-04-09 23:00:00+00:00
[2025-04-09T11:13:06.710+0000] {processor.py:208} INFO - Processing /opt/airflow/dags/real_estate_dag.py took 1.591 seconds
[2025-04-09T11:13:37.159+0000] {processor.py:186} INFO - Started process (PID=348) to work on /opt/airflow/dags/real_estate_dag.py
[2025-04-09T11:13:37.160+0000] {processor.py:914} INFO - Processing file /opt/airflow/dags/real_estate_dag.py for tasks to queue
[2025-04-09T11:13:37.163+0000] {logging_mixin.py:190} INFO - [2025-04-09T11:13:37.163+0000] {dagbag.py:588} INFO - Filling up the DagBag from /opt/airflow/dags/real_estate_dag.py
[2025-04-09T11:13:38.059+0000] {processor.py:925} INFO - DAG(s) 'real_estate_pipeline' retrieved from /opt/airflow/dags/real_estate_dag.py
[2025-04-09T11:13:38.114+0000] {logging_mixin.py:190} INFO - [2025-04-09T11:13:38.113+0000] {dag.py:3239} INFO - Sync 1 DAGs
[2025-04-09T11:13:38.166+0000] {logging_mixin.py:190} INFO - [2025-04-09T11:13:38.165+0000] {dag.py:4180} INFO - Setting next_dagrun for real_estate_pipeline to 2025-04-08 23:00:00+00:00, run_after=2025-04-09 23:00:00+00:00
[2025-04-09T11:13:38.331+0000] {processor.py:208} INFO - Processing /opt/airflow/dags/real_estate_dag.py took 1.177 seconds
[2025-04-09T11:14:08.977+0000] {processor.py:186} INFO - Started process (PID=350) to work on /opt/airflow/dags/real_estate_dag.py
[2025-04-09T11:14:08.979+0000] {processor.py:914} INFO - Processing file /opt/airflow/dags/real_estate_dag.py for tasks to queue
[2025-04-09T11:14:08.981+0000] {logging_mixin.py:190} INFO - [2025-04-09T11:14:08.980+0000] {dagbag.py:588} INFO - Filling up the DagBag from /opt/airflow/dags/real_estate_dag.py
[2025-04-09T11:14:09.807+0000] {processor.py:925} INFO - DAG(s) 'real_estate_pipeline' retrieved from /opt/airflow/dags/real_estate_dag.py
[2025-04-09T11:14:09.847+0000] {logging_mixin.py:190} INFO - [2025-04-09T11:14:09.847+0000] {dag.py:3239} INFO - Sync 1 DAGs
[2025-04-09T11:14:09.881+0000] {logging_mixin.py:190} INFO - [2025-04-09T11:14:09.881+0000] {dag.py:4180} INFO - Setting next_dagrun for real_estate_pipeline to 2025-04-08 23:00:00+00:00, run_after=2025-04-09 23:00:00+00:00
[2025-04-09T11:14:09.956+0000] {processor.py:208} INFO - Processing /opt/airflow/dags/real_estate_dag.py took 0.985 seconds
[2025-04-09T11:14:40.196+0000] {processor.py:186} INFO - Started process (PID=352) to work on /opt/airflow/dags/real_estate_dag.py
[2025-04-09T11:14:40.198+0000] {processor.py:914} INFO - Processing file /opt/airflow/dags/real_estate_dag.py for tasks to queue
[2025-04-09T11:14:40.200+0000] {logging_mixin.py:190} INFO - [2025-04-09T11:14:40.200+0000] {dagbag.py:588} INFO - Filling up the DagBag from /opt/airflow/dags/real_estate_dag.py
[2025-04-09T11:14:40.877+0000] {processor.py:925} INFO - DAG(s) 'real_estate_pipeline' retrieved from /opt/airflow/dags/real_estate_dag.py
[2025-04-09T11:14:40.907+0000] {logging_mixin.py:190} INFO - [2025-04-09T11:14:40.906+0000] {dag.py:3239} INFO - Sync 1 DAGs
[2025-04-09T11:14:40.929+0000] {logging_mixin.py:190} INFO - [2025-04-09T11:14:40.929+0000] {dag.py:4180} INFO - Setting next_dagrun for real_estate_pipeline to 2025-04-08 23:00:00+00:00, run_after=2025-04-09 23:00:00+00:00
[2025-04-09T11:14:40.983+0000] {processor.py:208} INFO - Processing /opt/airflow/dags/real_estate_dag.py took 0.794 seconds
[2025-04-09T11:15:11.375+0000] {processor.py:186} INFO - Started process (PID=354) to work on /opt/airflow/dags/real_estate_dag.py
[2025-04-09T11:15:11.377+0000] {processor.py:914} INFO - Processing file /opt/airflow/dags/real_estate_dag.py for tasks to queue
[2025-04-09T11:15:11.380+0000] {logging_mixin.py:190} INFO - [2025-04-09T11:15:11.380+0000] {dagbag.py:588} INFO - Filling up the DagBag from /opt/airflow/dags/real_estate_dag.py
[2025-04-09T11:15:12.650+0000] {processor.py:925} INFO - DAG(s) 'real_estate_pipeline' retrieved from /opt/airflow/dags/real_estate_dag.py
[2025-04-09T11:15:12.700+0000] {logging_mixin.py:190} INFO - [2025-04-09T11:15:12.699+0000] {dag.py:3239} INFO - Sync 1 DAGs
[2025-04-09T11:15:12.737+0000] {logging_mixin.py:190} INFO - [2025-04-09T11:15:12.737+0000] {dag.py:4180} INFO - Setting next_dagrun for real_estate_pipeline to 2025-04-08 23:00:00+00:00, run_after=2025-04-09 23:00:00+00:00
[2025-04-09T11:15:12.811+0000] {processor.py:208} INFO - Processing /opt/airflow/dags/real_estate_dag.py took 1.446 seconds
[2025-04-09T11:15:43.173+0000] {processor.py:186} INFO - Started process (PID=356) to work on /opt/airflow/dags/real_estate_dag.py
[2025-04-09T11:15:43.177+0000] {processor.py:914} INFO - Processing file /opt/airflow/dags/real_estate_dag.py for tasks to queue
[2025-04-09T11:15:43.180+0000] {logging_mixin.py:190} INFO - [2025-04-09T11:15:43.180+0000] {dagbag.py:588} INFO - Filling up the DagBag from /opt/airflow/dags/real_estate_dag.py
[2025-04-09T11:15:44.201+0000] {processor.py:925} INFO - DAG(s) 'real_estate_pipeline' retrieved from /opt/airflow/dags/real_estate_dag.py
[2025-04-09T11:15:44.245+0000] {logging_mixin.py:190} INFO - [2025-04-09T11:15:44.244+0000] {dag.py:3239} INFO - Sync 1 DAGs
[2025-04-09T11:15:44.288+0000] {logging_mixin.py:190} INFO - [2025-04-09T11:15:44.288+0000] {dag.py:4180} INFO - Setting next_dagrun for real_estate_pipeline to 2025-04-08 23:00:00+00:00, run_after=2025-04-09 23:00:00+00:00
[2025-04-09T11:15:44.396+0000] {processor.py:208} INFO - Processing /opt/airflow/dags/real_estate_dag.py took 1.230 seconds
[2025-04-09T11:16:14.831+0000] {processor.py:186} INFO - Started process (PID=358) to work on /opt/airflow/dags/real_estate_dag.py
[2025-04-09T11:16:14.836+0000] {processor.py:914} INFO - Processing file /opt/airflow/dags/real_estate_dag.py for tasks to queue
[2025-04-09T11:16:14.839+0000] {logging_mixin.py:190} INFO - [2025-04-09T11:16:14.839+0000] {dagbag.py:588} INFO - Filling up the DagBag from /opt/airflow/dags/real_estate_dag.py
[2025-04-09T11:16:16.385+0000] {processor.py:925} INFO - DAG(s) 'real_estate_pipeline' retrieved from /opt/airflow/dags/real_estate_dag.py
[2025-04-09T11:16:16.444+0000] {logging_mixin.py:190} INFO - [2025-04-09T11:16:16.443+0000] {dag.py:3239} INFO - Sync 1 DAGs
[2025-04-09T11:16:16.485+0000] {logging_mixin.py:190} INFO - [2025-04-09T11:16:16.484+0000] {dag.py:4180} INFO - Setting next_dagrun for real_estate_pipeline to 2025-04-08 23:00:00+00:00, run_after=2025-04-09 23:00:00+00:00
[2025-04-09T11:16:16.643+0000] {processor.py:208} INFO - Processing /opt/airflow/dags/real_estate_dag.py took 1.824 seconds
[2025-04-09T11:16:46.886+0000] {processor.py:186} INFO - Started process (PID=360) to work on /opt/airflow/dags/real_estate_dag.py
[2025-04-09T11:16:46.888+0000] {processor.py:914} INFO - Processing file /opt/airflow/dags/real_estate_dag.py for tasks to queue
[2025-04-09T11:16:46.891+0000] {logging_mixin.py:190} INFO - [2025-04-09T11:16:46.890+0000] {dagbag.py:588} INFO - Filling up the DagBag from /opt/airflow/dags/real_estate_dag.py
[2025-04-09T11:16:48.079+0000] {processor.py:925} INFO - DAG(s) 'real_estate_pipeline' retrieved from /opt/airflow/dags/real_estate_dag.py
[2025-04-09T11:16:48.133+0000] {logging_mixin.py:190} INFO - [2025-04-09T11:16:48.132+0000] {dag.py:3239} INFO - Sync 1 DAGs
[2025-04-09T11:16:48.181+0000] {logging_mixin.py:190} INFO - [2025-04-09T11:16:48.180+0000] {dag.py:4180} INFO - Setting next_dagrun for real_estate_pipeline to 2025-04-08 23:00:00+00:00, run_after=2025-04-09 23:00:00+00:00
[2025-04-09T11:16:48.299+0000] {processor.py:208} INFO - Processing /opt/airflow/dags/real_estate_dag.py took 1.422 seconds
[2025-04-09T11:17:18.920+0000] {processor.py:186} INFO - Started process (PID=362) to work on /opt/airflow/dags/real_estate_dag.py
[2025-04-09T11:17:18.922+0000] {processor.py:914} INFO - Processing file /opt/airflow/dags/real_estate_dag.py for tasks to queue
[2025-04-09T11:17:18.925+0000] {logging_mixin.py:190} INFO - [2025-04-09T11:17:18.925+0000] {dagbag.py:588} INFO - Filling up the DagBag from /opt/airflow/dags/real_estate_dag.py
[2025-04-09T11:17:20.522+0000] {processor.py:925} INFO - DAG(s) 'real_estate_pipeline' retrieved from /opt/airflow/dags/real_estate_dag.py
[2025-04-09T11:17:20.579+0000] {logging_mixin.py:190} INFO - [2025-04-09T11:17:20.578+0000] {dag.py:3239} INFO - Sync 1 DAGs
[2025-04-09T11:17:20.622+0000] {logging_mixin.py:190} INFO - [2025-04-09T11:17:20.622+0000] {dag.py:4180} INFO - Setting next_dagrun for real_estate_pipeline to 2025-04-08 23:00:00+00:00, run_after=2025-04-09 23:00:00+00:00
[2025-04-09T11:17:20.740+0000] {processor.py:208} INFO - Processing /opt/airflow/dags/real_estate_dag.py took 1.827 seconds
[2025-04-09T11:17:50.939+0000] {processor.py:186} INFO - Started process (PID=364) to work on /opt/airflow/dags/real_estate_dag.py
[2025-04-09T11:17:50.941+0000] {processor.py:914} INFO - Processing file /opt/airflow/dags/real_estate_dag.py for tasks to queue
[2025-04-09T11:17:50.945+0000] {logging_mixin.py:190} INFO - [2025-04-09T11:17:50.945+0000] {dagbag.py:588} INFO - Filling up the DagBag from /opt/airflow/dags/real_estate_dag.py
[2025-04-09T11:17:52.329+0000] {processor.py:925} INFO - DAG(s) 'real_estate_pipeline' retrieved from /opt/airflow/dags/real_estate_dag.py
[2025-04-09T11:17:52.403+0000] {logging_mixin.py:190} INFO - [2025-04-09T11:17:52.402+0000] {dag.py:3239} INFO - Sync 1 DAGs
[2025-04-09T11:17:52.449+0000] {logging_mixin.py:190} INFO - [2025-04-09T11:17:52.449+0000] {dag.py:4180} INFO - Setting next_dagrun for real_estate_pipeline to 2025-04-08 23:00:00+00:00, run_after=2025-04-09 23:00:00+00:00
[2025-04-09T11:17:52.578+0000] {processor.py:208} INFO - Processing /opt/airflow/dags/real_estate_dag.py took 1.645 seconds
[2025-04-09T11:18:23.048+0000] {processor.py:186} INFO - Started process (PID=366) to work on /opt/airflow/dags/real_estate_dag.py
[2025-04-09T11:18:23.050+0000] {processor.py:914} INFO - Processing file /opt/airflow/dags/real_estate_dag.py for tasks to queue
[2025-04-09T11:18:23.053+0000] {logging_mixin.py:190} INFO - [2025-04-09T11:18:23.052+0000] {dagbag.py:588} INFO - Filling up the DagBag from /opt/airflow/dags/real_estate_dag.py
[2025-04-09T11:18:23.772+0000] {processor.py:925} INFO - DAG(s) 'real_estate_pipeline' retrieved from /opt/airflow/dags/real_estate_dag.py
[2025-04-09T11:18:23.819+0000] {logging_mixin.py:190} INFO - [2025-04-09T11:18:23.819+0000] {dag.py:3239} INFO - Sync 1 DAGs
[2025-04-09T11:18:23.858+0000] {logging_mixin.py:190} INFO - [2025-04-09T11:18:23.858+0000] {dag.py:4180} INFO - Setting next_dagrun for real_estate_pipeline to 2025-04-08 23:00:00+00:00, run_after=2025-04-09 23:00:00+00:00
[2025-04-09T11:18:23.939+0000] {processor.py:208} INFO - Processing /opt/airflow/dags/real_estate_dag.py took 0.898 seconds
[2025-04-09T11:18:54.497+0000] {processor.py:186} INFO - Started process (PID=368) to work on /opt/airflow/dags/real_estate_dag.py
[2025-04-09T11:18:54.499+0000] {processor.py:914} INFO - Processing file /opt/airflow/dags/real_estate_dag.py for tasks to queue
[2025-04-09T11:18:54.502+0000] {logging_mixin.py:190} INFO - [2025-04-09T11:18:54.502+0000] {dagbag.py:588} INFO - Filling up the DagBag from /opt/airflow/dags/real_estate_dag.py
[2025-04-09T11:18:55.705+0000] {processor.py:925} INFO - DAG(s) 'real_estate_pipeline' retrieved from /opt/airflow/dags/real_estate_dag.py
[2025-04-09T11:18:55.753+0000] {logging_mixin.py:190} INFO - [2025-04-09T11:18:55.752+0000] {dag.py:3239} INFO - Sync 1 DAGs
[2025-04-09T11:18:55.796+0000] {logging_mixin.py:190} INFO - [2025-04-09T11:18:55.796+0000] {dag.py:4180} INFO - Setting next_dagrun for real_estate_pipeline to 2025-04-08 23:00:00+00:00, run_after=2025-04-09 23:00:00+00:00
[2025-04-09T11:18:55.877+0000] {processor.py:208} INFO - Processing /opt/airflow/dags/real_estate_dag.py took 1.399 seconds
[2025-04-09T11:19:26.383+0000] {processor.py:186} INFO - Started process (PID=370) to work on /opt/airflow/dags/real_estate_dag.py
[2025-04-09T11:19:26.384+0000] {processor.py:914} INFO - Processing file /opt/airflow/dags/real_estate_dag.py for tasks to queue
[2025-04-09T11:19:26.391+0000] {logging_mixin.py:190} INFO - [2025-04-09T11:19:26.390+0000] {dagbag.py:588} INFO - Filling up the DagBag from /opt/airflow/dags/real_estate_dag.py
[2025-04-09T11:19:27.485+0000] {processor.py:925} INFO - DAG(s) 'real_estate_pipeline' retrieved from /opt/airflow/dags/real_estate_dag.py
[2025-04-09T11:19:27.538+0000] {logging_mixin.py:190} INFO - [2025-04-09T11:19:27.537+0000] {dag.py:3239} INFO - Sync 1 DAGs
[2025-04-09T11:19:27.574+0000] {logging_mixin.py:190} INFO - [2025-04-09T11:19:27.574+0000] {dag.py:4180} INFO - Setting next_dagrun for real_estate_pipeline to 2025-04-08 23:00:00+00:00, run_after=2025-04-09 23:00:00+00:00
[2025-04-09T11:19:27.660+0000] {processor.py:208} INFO - Processing /opt/airflow/dags/real_estate_dag.py took 1.284 seconds
[2025-04-09T14:21:08.807+0000] {processor.py:186} INFO - Started process (PID=372) to work on /opt/airflow/dags/real_estate_dag.py
[2025-04-09T14:21:08.808+0000] {processor.py:914} INFO - Processing file /opt/airflow/dags/real_estate_dag.py for tasks to queue
[2025-04-09T14:21:08.813+0000] {logging_mixin.py:190} INFO - [2025-04-09T14:21:08.812+0000] {dagbag.py:588} INFO - Filling up the DagBag from /opt/airflow/dags/real_estate_dag.py
[2025-04-09T14:21:09.638+0000] {processor.py:925} INFO - DAG(s) 'real_estate_pipeline' retrieved from /opt/airflow/dags/real_estate_dag.py
[2025-04-09T14:21:09.672+0000] {logging_mixin.py:190} INFO - [2025-04-09T14:21:09.672+0000] {dag.py:3239} INFO - Sync 1 DAGs
[2025-04-09T14:21:09.703+0000] {logging_mixin.py:190} INFO - [2025-04-09T14:21:09.703+0000] {dag.py:4180} INFO - Setting next_dagrun for real_estate_pipeline to 2025-04-08 23:00:00+00:00, run_after=2025-04-09 23:00:00+00:00
[2025-04-09T14:21:09.780+0000] {processor.py:208} INFO - Processing /opt/airflow/dags/real_estate_dag.py took 0.983 seconds
[2025-04-09T14:21:39.941+0000] {processor.py:186} INFO - Started process (PID=374) to work on /opt/airflow/dags/real_estate_dag.py
[2025-04-09T14:21:39.942+0000] {processor.py:914} INFO - Processing file /opt/airflow/dags/real_estate_dag.py for tasks to queue
[2025-04-09T14:21:39.944+0000] {logging_mixin.py:190} INFO - [2025-04-09T14:21:39.944+0000] {dagbag.py:588} INFO - Filling up the DagBag from /opt/airflow/dags/real_estate_dag.py
[2025-04-09T14:21:40.792+0000] {processor.py:925} INFO - DAG(s) 'real_estate_pipeline' retrieved from /opt/airflow/dags/real_estate_dag.py
[2025-04-09T14:21:40.831+0000] {logging_mixin.py:190} INFO - [2025-04-09T14:21:40.830+0000] {dag.py:3239} INFO - Sync 1 DAGs
[2025-04-09T14:21:40.867+0000] {logging_mixin.py:190} INFO - [2025-04-09T14:21:40.867+0000] {dag.py:4180} INFO - Setting next_dagrun for real_estate_pipeline to 2025-04-08 23:00:00+00:00, run_after=2025-04-09 23:00:00+00:00
[2025-04-09T14:21:41.011+0000] {processor.py:208} INFO - Processing /opt/airflow/dags/real_estate_dag.py took 1.075 seconds
[2025-04-09T14:22:11.589+0000] {processor.py:186} INFO - Started process (PID=376) to work on /opt/airflow/dags/real_estate_dag.py
[2025-04-09T14:22:11.591+0000] {processor.py:914} INFO - Processing file /opt/airflow/dags/real_estate_dag.py for tasks to queue
[2025-04-09T14:22:11.593+0000] {logging_mixin.py:190} INFO - [2025-04-09T14:22:11.593+0000] {dagbag.py:588} INFO - Filling up the DagBag from /opt/airflow/dags/real_estate_dag.py
[2025-04-09T14:22:12.699+0000] {processor.py:925} INFO - DAG(s) 'real_estate_pipeline' retrieved from /opt/airflow/dags/real_estate_dag.py
[2025-04-09T14:22:12.749+0000] {logging_mixin.py:190} INFO - [2025-04-09T14:22:12.748+0000] {dag.py:3239} INFO - Sync 1 DAGs
[2025-04-09T14:22:12.786+0000] {logging_mixin.py:190} INFO - [2025-04-09T14:22:12.786+0000] {dag.py:4180} INFO - Setting next_dagrun for real_estate_pipeline to 2025-04-08 23:00:00+00:00, run_after=2025-04-09 23:00:00+00:00
[2025-04-09T14:22:12.891+0000] {processor.py:208} INFO - Processing /opt/airflow/dags/real_estate_dag.py took 1.308 seconds
[2025-04-09T14:22:43.558+0000] {processor.py:186} INFO - Started process (PID=378) to work on /opt/airflow/dags/real_estate_dag.py
[2025-04-09T14:22:43.560+0000] {processor.py:914} INFO - Processing file /opt/airflow/dags/real_estate_dag.py for tasks to queue
[2025-04-09T14:22:43.563+0000] {logging_mixin.py:190} INFO - [2025-04-09T14:22:43.562+0000] {dagbag.py:588} INFO - Filling up the DagBag from /opt/airflow/dags/real_estate_dag.py
[2025-04-09T14:22:44.308+0000] {processor.py:925} INFO - DAG(s) 'real_estate_pipeline' retrieved from /opt/airflow/dags/real_estate_dag.py
[2025-04-09T14:22:44.341+0000] {logging_mixin.py:190} INFO - [2025-04-09T14:22:44.341+0000] {dag.py:3239} INFO - Sync 1 DAGs
[2025-04-09T14:22:44.368+0000] {logging_mixin.py:190} INFO - [2025-04-09T14:22:44.368+0000] {dag.py:4180} INFO - Setting next_dagrun for real_estate_pipeline to 2025-04-08 23:00:00+00:00, run_after=2025-04-09 23:00:00+00:00
[2025-04-09T14:22:44.426+0000] {processor.py:208} INFO - Processing /opt/airflow/dags/real_estate_dag.py took 0.874 seconds
[2025-04-09T14:23:14.886+0000] {processor.py:186} INFO - Started process (PID=380) to work on /opt/airflow/dags/real_estate_dag.py
[2025-04-09T14:23:14.887+0000] {processor.py:914} INFO - Processing file /opt/airflow/dags/real_estate_dag.py for tasks to queue
[2025-04-09T14:23:14.890+0000] {logging_mixin.py:190} INFO - [2025-04-09T14:23:14.890+0000] {dagbag.py:588} INFO - Filling up the DagBag from /opt/airflow/dags/real_estate_dag.py
[2025-04-09T14:23:15.592+0000] {processor.py:925} INFO - DAG(s) 'real_estate_pipeline' retrieved from /opt/airflow/dags/real_estate_dag.py
[2025-04-09T14:23:15.626+0000] {logging_mixin.py:190} INFO - [2025-04-09T14:23:15.626+0000] {dag.py:3239} INFO - Sync 1 DAGs
[2025-04-09T14:23:15.661+0000] {logging_mixin.py:190} INFO - [2025-04-09T14:23:15.660+0000] {dag.py:4180} INFO - Setting next_dagrun for real_estate_pipeline to 2025-04-08 23:00:00+00:00, run_after=2025-04-09 23:00:00+00:00
[2025-04-09T14:23:15.725+0000] {processor.py:208} INFO - Processing /opt/airflow/dags/real_estate_dag.py took 0.846 seconds
[2025-04-09T14:23:46.163+0000] {processor.py:186} INFO - Started process (PID=382) to work on /opt/airflow/dags/real_estate_dag.py
[2025-04-09T14:23:46.165+0000] {processor.py:914} INFO - Processing file /opt/airflow/dags/real_estate_dag.py for tasks to queue
[2025-04-09T14:23:46.168+0000] {logging_mixin.py:190} INFO - [2025-04-09T14:23:46.167+0000] {dagbag.py:588} INFO - Filling up the DagBag from /opt/airflow/dags/real_estate_dag.py
[2025-04-09T14:23:47.000+0000] {processor.py:925} INFO - DAG(s) 'real_estate_pipeline' retrieved from /opt/airflow/dags/real_estate_dag.py
[2025-04-09T14:23:47.033+0000] {logging_mixin.py:190} INFO - [2025-04-09T14:23:47.032+0000] {dag.py:3239} INFO - Sync 1 DAGs
[2025-04-09T14:23:47.058+0000] {logging_mixin.py:190} INFO - [2025-04-09T14:23:47.058+0000] {dag.py:4180} INFO - Setting next_dagrun for real_estate_pipeline to 2025-04-08 23:00:00+00:00, run_after=2025-04-09 23:00:00+00:00
[2025-04-09T14:23:47.127+0000] {processor.py:208} INFO - Processing /opt/airflow/dags/real_estate_dag.py took 0.970 seconds
[2025-04-09T14:24:17.652+0000] {processor.py:186} INFO - Started process (PID=384) to work on /opt/airflow/dags/real_estate_dag.py
[2025-04-09T14:24:17.656+0000] {processor.py:914} INFO - Processing file /opt/airflow/dags/real_estate_dag.py for tasks to queue
[2025-04-09T14:24:17.660+0000] {logging_mixin.py:190} INFO - [2025-04-09T14:24:17.659+0000] {dagbag.py:588} INFO - Filling up the DagBag from /opt/airflow/dags/real_estate_dag.py
[2025-04-09T14:24:18.435+0000] {processor.py:925} INFO - DAG(s) 'real_estate_pipeline' retrieved from /opt/airflow/dags/real_estate_dag.py
[2025-04-09T14:24:18.477+0000] {logging_mixin.py:190} INFO - [2025-04-09T14:24:18.476+0000] {dag.py:3239} INFO - Sync 1 DAGs
[2025-04-09T14:24:18.510+0000] {logging_mixin.py:190} INFO - [2025-04-09T14:24:18.509+0000] {dag.py:4180} INFO - Setting next_dagrun for real_estate_pipeline to 2025-04-08 23:00:00+00:00, run_after=2025-04-09 23:00:00+00:00
[2025-04-09T14:24:18.581+0000] {processor.py:208} INFO - Processing /opt/airflow/dags/real_estate_dag.py took 0.936 seconds
[2025-04-09T14:36:43.081+0000] {processor.py:186} INFO - Started process (PID=386) to work on /opt/airflow/dags/real_estate_dag.py
[2025-04-09T14:36:43.083+0000] {processor.py:914} INFO - Processing file /opt/airflow/dags/real_estate_dag.py for tasks to queue
[2025-04-09T14:36:43.088+0000] {logging_mixin.py:190} INFO - [2025-04-09T14:36:43.088+0000] {dagbag.py:588} INFO - Filling up the DagBag from /opt/airflow/dags/real_estate_dag.py
[2025-04-09T14:36:43.805+0000] {processor.py:925} INFO - DAG(s) 'real_estate_pipeline' retrieved from /opt/airflow/dags/real_estate_dag.py
[2025-04-09T14:36:43.837+0000] {logging_mixin.py:190} INFO - [2025-04-09T14:36:43.836+0000] {dag.py:3239} INFO - Sync 1 DAGs
[2025-04-09T14:36:43.862+0000] {logging_mixin.py:190} INFO - [2025-04-09T14:36:43.862+0000] {dag.py:4180} INFO - Setting next_dagrun for real_estate_pipeline to 2025-04-08 23:00:00+00:00, run_after=2025-04-09 23:00:00+00:00
[2025-04-09T14:36:43.953+0000] {processor.py:208} INFO - Processing /opt/airflow/dags/real_estate_dag.py took 0.879 seconds
[2025-04-09T14:37:15.264+0000] {processor.py:186} INFO - Started process (PID=388) to work on /opt/airflow/dags/real_estate_dag.py
[2025-04-09T14:37:15.268+0000] {processor.py:914} INFO - Processing file /opt/airflow/dags/real_estate_dag.py for tasks to queue
[2025-04-09T14:37:15.275+0000] {logging_mixin.py:190} INFO - [2025-04-09T14:37:15.275+0000] {dagbag.py:588} INFO - Filling up the DagBag from /opt/airflow/dags/real_estate_dag.py
[2025-04-09T14:37:16.692+0000] {processor.py:925} INFO - DAG(s) 'real_estate_pipeline' retrieved from /opt/airflow/dags/real_estate_dag.py
[2025-04-09T14:37:16.739+0000] {logging_mixin.py:190} INFO - [2025-04-09T14:37:16.739+0000] {dag.py:3239} INFO - Sync 1 DAGs
[2025-04-09T14:37:16.776+0000] {logging_mixin.py:190} INFO - [2025-04-09T14:37:16.776+0000] {dag.py:4180} INFO - Setting next_dagrun for real_estate_pipeline to 2025-04-08 23:00:00+00:00, run_after=2025-04-09 23:00:00+00:00
[2025-04-09T14:37:16.915+0000] {processor.py:208} INFO - Processing /opt/airflow/dags/real_estate_dag.py took 1.660 seconds
[2025-04-09T14:37:47.596+0000] {processor.py:186} INFO - Started process (PID=390) to work on /opt/airflow/dags/real_estate_dag.py
[2025-04-09T14:37:47.598+0000] {processor.py:914} INFO - Processing file /opt/airflow/dags/real_estate_dag.py for tasks to queue
[2025-04-09T14:37:47.600+0000] {logging_mixin.py:190} INFO - [2025-04-09T14:37:47.600+0000] {dagbag.py:588} INFO - Filling up the DagBag from /opt/airflow/dags/real_estate_dag.py
[2025-04-09T14:37:48.562+0000] {processor.py:925} INFO - DAG(s) 'real_estate_pipeline' retrieved from /opt/airflow/dags/real_estate_dag.py
[2025-04-09T14:37:48.592+0000] {logging_mixin.py:190} INFO - [2025-04-09T14:37:48.591+0000] {dag.py:3239} INFO - Sync 1 DAGs
[2025-04-09T14:37:48.619+0000] {logging_mixin.py:190} INFO - [2025-04-09T14:37:48.619+0000] {dag.py:4180} INFO - Setting next_dagrun for real_estate_pipeline to 2025-04-08 23:00:00+00:00, run_after=2025-04-09 23:00:00+00:00
[2025-04-09T14:37:48.708+0000] {processor.py:208} INFO - Processing /opt/airflow/dags/real_estate_dag.py took 1.117 seconds
[2025-04-09T14:38:19.027+0000] {processor.py:186} INFO - Started process (PID=392) to work on /opt/airflow/dags/real_estate_dag.py
[2025-04-09T14:38:19.028+0000] {processor.py:914} INFO - Processing file /opt/airflow/dags/real_estate_dag.py for tasks to queue
[2025-04-09T14:38:19.031+0000] {logging_mixin.py:190} INFO - [2025-04-09T14:38:19.031+0000] {dagbag.py:588} INFO - Filling up the DagBag from /opt/airflow/dags/real_estate_dag.py
[2025-04-09T14:38:19.805+0000] {processor.py:925} INFO - DAG(s) 'real_estate_pipeline' retrieved from /opt/airflow/dags/real_estate_dag.py
[2025-04-09T14:38:19.843+0000] {logging_mixin.py:190} INFO - [2025-04-09T14:38:19.842+0000] {dag.py:3239} INFO - Sync 1 DAGs
[2025-04-09T14:38:19.872+0000] {logging_mixin.py:190} INFO - [2025-04-09T14:38:19.872+0000] {dag.py:4180} INFO - Setting next_dagrun for real_estate_pipeline to 2025-04-08 23:00:00+00:00, run_after=2025-04-09 23:00:00+00:00
[2025-04-09T14:38:19.975+0000] {processor.py:208} INFO - Processing /opt/airflow/dags/real_estate_dag.py took 0.956 seconds
[2025-04-09T14:41:02.978+0000] {processor.py:186} INFO - Started process (PID=394) to work on /opt/airflow/dags/real_estate_dag.py
[2025-04-09T14:41:02.979+0000] {processor.py:914} INFO - Processing file /opt/airflow/dags/real_estate_dag.py for tasks to queue
[2025-04-09T14:41:02.982+0000] {logging_mixin.py:190} INFO - [2025-04-09T14:41:02.981+0000] {dagbag.py:588} INFO - Filling up the DagBag from /opt/airflow/dags/real_estate_dag.py
[2025-04-09T14:41:03.721+0000] {processor.py:925} INFO - DAG(s) 'real_estate_pipeline' retrieved from /opt/airflow/dags/real_estate_dag.py
[2025-04-09T14:41:03.756+0000] {logging_mixin.py:190} INFO - [2025-04-09T14:41:03.756+0000] {dag.py:3239} INFO - Sync 1 DAGs
[2025-04-09T14:41:03.782+0000] {logging_mixin.py:190} INFO - [2025-04-09T14:41:03.781+0000] {dag.py:4180} INFO - Setting next_dagrun for real_estate_pipeline to 2025-04-08 23:00:00+00:00, run_after=2025-04-09 23:00:00+00:00
[2025-04-09T14:41:03.838+0000] {processor.py:208} INFO - Processing /opt/airflow/dags/real_estate_dag.py took 0.865 seconds
[2025-04-09T14:43:08.961+0000] {processor.py:186} INFO - Started process (PID=396) to work on /opt/airflow/dags/real_estate_dag.py
[2025-04-09T14:43:08.962+0000] {processor.py:914} INFO - Processing file /opt/airflow/dags/real_estate_dag.py for tasks to queue
[2025-04-09T14:43:08.964+0000] {logging_mixin.py:190} INFO - [2025-04-09T14:43:08.964+0000] {dagbag.py:588} INFO - Filling up the DagBag from /opt/airflow/dags/real_estate_dag.py
[2025-04-09T14:43:09.765+0000] {processor.py:925} INFO - DAG(s) 'real_estate_pipeline' retrieved from /opt/airflow/dags/real_estate_dag.py
[2025-04-09T14:43:09.806+0000] {logging_mixin.py:190} INFO - [2025-04-09T14:43:09.806+0000] {dag.py:3239} INFO - Sync 1 DAGs
[2025-04-09T14:43:09.848+0000] {logging_mixin.py:190} INFO - [2025-04-09T14:43:09.848+0000] {dag.py:4180} INFO - Setting next_dagrun for real_estate_pipeline to 2025-04-08 23:00:00+00:00, run_after=2025-04-09 23:00:00+00:00
[2025-04-09T14:43:10.095+0000] {processor.py:208} INFO - Processing /opt/airflow/dags/real_estate_dag.py took 1.139 seconds
[2025-04-09T14:43:40.431+0000] {processor.py:186} INFO - Started process (PID=398) to work on /opt/airflow/dags/real_estate_dag.py
[2025-04-09T14:43:40.433+0000] {processor.py:914} INFO - Processing file /opt/airflow/dags/real_estate_dag.py for tasks to queue
[2025-04-09T14:43:40.435+0000] {logging_mixin.py:190} INFO - [2025-04-09T14:43:40.435+0000] {dagbag.py:588} INFO - Filling up the DagBag from /opt/airflow/dags/real_estate_dag.py
[2025-04-09T14:43:41.151+0000] {processor.py:925} INFO - DAG(s) 'real_estate_pipeline' retrieved from /opt/airflow/dags/real_estate_dag.py
[2025-04-09T14:43:41.193+0000] {logging_mixin.py:190} INFO - [2025-04-09T14:43:41.192+0000] {dag.py:3239} INFO - Sync 1 DAGs
[2025-04-09T14:43:41.228+0000] {logging_mixin.py:190} INFO - [2025-04-09T14:43:41.227+0000] {dag.py:4180} INFO - Setting next_dagrun for real_estate_pipeline to 2025-04-08 23:00:00+00:00, run_after=2025-04-09 23:00:00+00:00
[2025-04-09T14:43:41.359+0000] {processor.py:208} INFO - Processing /opt/airflow/dags/real_estate_dag.py took 0.933 seconds
[2025-04-09T14:44:12.221+0000] {processor.py:186} INFO - Started process (PID=400) to work on /opt/airflow/dags/real_estate_dag.py
[2025-04-09T14:44:12.223+0000] {processor.py:914} INFO - Processing file /opt/airflow/dags/real_estate_dag.py for tasks to queue
[2025-04-09T14:44:12.226+0000] {logging_mixin.py:190} INFO - [2025-04-09T14:44:12.226+0000] {dagbag.py:588} INFO - Filling up the DagBag from /opt/airflow/dags/real_estate_dag.py
[2025-04-09T14:44:13.274+0000] {processor.py:925} INFO - DAG(s) 'real_estate_pipeline' retrieved from /opt/airflow/dags/real_estate_dag.py
[2025-04-09T14:44:13.321+0000] {logging_mixin.py:190} INFO - [2025-04-09T14:44:13.320+0000] {dag.py:3239} INFO - Sync 1 DAGs
[2025-04-09T14:44:13.361+0000] {logging_mixin.py:190} INFO - [2025-04-09T14:44:13.361+0000] {dag.py:4180} INFO - Setting next_dagrun for real_estate_pipeline to 2025-04-08 23:00:00+00:00, run_after=2025-04-09 23:00:00+00:00
[2025-04-09T14:44:13.446+0000] {processor.py:208} INFO - Processing /opt/airflow/dags/real_estate_dag.py took 1.236 seconds
[2025-04-09T14:44:43.829+0000] {processor.py:186} INFO - Started process (PID=402) to work on /opt/airflow/dags/real_estate_dag.py
[2025-04-09T14:44:43.831+0000] {processor.py:914} INFO - Processing file /opt/airflow/dags/real_estate_dag.py for tasks to queue
[2025-04-09T14:44:43.834+0000] {logging_mixin.py:190} INFO - [2025-04-09T14:44:43.834+0000] {dagbag.py:588} INFO - Filling up the DagBag from /opt/airflow/dags/real_estate_dag.py
[2025-04-09T14:44:44.744+0000] {processor.py:925} INFO - DAG(s) 'real_estate_pipeline' retrieved from /opt/airflow/dags/real_estate_dag.py
[2025-04-09T14:44:44.786+0000] {logging_mixin.py:190} INFO - [2025-04-09T14:44:44.785+0000] {dag.py:3239} INFO - Sync 1 DAGs
[2025-04-09T14:44:44.817+0000] {logging_mixin.py:190} INFO - [2025-04-09T14:44:44.817+0000] {dag.py:4180} INFO - Setting next_dagrun for real_estate_pipeline to 2025-04-08 23:00:00+00:00, run_after=2025-04-09 23:00:00+00:00
[2025-04-09T14:44:44.899+0000] {processor.py:208} INFO - Processing /opt/airflow/dags/real_estate_dag.py took 1.076 seconds
[2025-04-09T14:45:15.515+0000] {processor.py:186} INFO - Started process (PID=404) to work on /opt/airflow/dags/real_estate_dag.py
[2025-04-09T14:45:15.517+0000] {processor.py:914} INFO - Processing file /opt/airflow/dags/real_estate_dag.py for tasks to queue
[2025-04-09T14:45:15.519+0000] {logging_mixin.py:190} INFO - [2025-04-09T14:45:15.519+0000] {dagbag.py:588} INFO - Filling up the DagBag from /opt/airflow/dags/real_estate_dag.py
[2025-04-09T14:45:16.455+0000] {processor.py:925} INFO - DAG(s) 'real_estate_pipeline' retrieved from /opt/airflow/dags/real_estate_dag.py
[2025-04-09T14:45:16.496+0000] {logging_mixin.py:190} INFO - [2025-04-09T14:45:16.495+0000] {dag.py:3239} INFO - Sync 1 DAGs
[2025-04-09T14:45:16.525+0000] {logging_mixin.py:190} INFO - [2025-04-09T14:45:16.525+0000] {dag.py:4180} INFO - Setting next_dagrun for real_estate_pipeline to 2025-04-08 23:00:00+00:00, run_after=2025-04-09 23:00:00+00:00
[2025-04-09T14:45:16.583+0000] {processor.py:208} INFO - Processing /opt/airflow/dags/real_estate_dag.py took 1.074 seconds
[2025-04-09T14:45:46.961+0000] {processor.py:186} INFO - Started process (PID=406) to work on /opt/airflow/dags/real_estate_dag.py
[2025-04-09T14:45:46.962+0000] {processor.py:914} INFO - Processing file /opt/airflow/dags/real_estate_dag.py for tasks to queue
[2025-04-09T14:45:46.965+0000] {logging_mixin.py:190} INFO - [2025-04-09T14:45:46.964+0000] {dagbag.py:588} INFO - Filling up the DagBag from /opt/airflow/dags/real_estate_dag.py
[2025-04-09T14:45:47.798+0000] {processor.py:925} INFO - DAG(s) 'real_estate_pipeline' retrieved from /opt/airflow/dags/real_estate_dag.py
[2025-04-09T14:45:47.839+0000] {logging_mixin.py:190} INFO - [2025-04-09T14:45:47.838+0000] {dag.py:3239} INFO - Sync 1 DAGs
[2025-04-09T14:45:47.867+0000] {logging_mixin.py:190} INFO - [2025-04-09T14:45:47.867+0000] {dag.py:4180} INFO - Setting next_dagrun for real_estate_pipeline to 2025-04-08 23:00:00+00:00, run_after=2025-04-09 23:00:00+00:00
[2025-04-09T14:45:47.942+0000] {processor.py:208} INFO - Processing /opt/airflow/dags/real_estate_dag.py took 0.987 seconds
[2025-04-09T14:46:18.182+0000] {processor.py:186} INFO - Started process (PID=408) to work on /opt/airflow/dags/real_estate_dag.py
[2025-04-09T14:46:18.188+0000] {processor.py:914} INFO - Processing file /opt/airflow/dags/real_estate_dag.py for tasks to queue
[2025-04-09T14:46:18.193+0000] {logging_mixin.py:190} INFO - [2025-04-09T14:46:18.193+0000] {dagbag.py:588} INFO - Filling up the DagBag from /opt/airflow/dags/real_estate_dag.py
[2025-04-09T14:46:19.248+0000] {processor.py:925} INFO - DAG(s) 'real_estate_pipeline' retrieved from /opt/airflow/dags/real_estate_dag.py
[2025-04-09T14:46:19.285+0000] {logging_mixin.py:190} INFO - [2025-04-09T14:46:19.285+0000] {dag.py:3239} INFO - Sync 1 DAGs
[2025-04-09T14:46:19.313+0000] {logging_mixin.py:190} INFO - [2025-04-09T14:46:19.313+0000] {dag.py:4180} INFO - Setting next_dagrun for real_estate_pipeline to 2025-04-08 23:00:00+00:00, run_after=2025-04-09 23:00:00+00:00
[2025-04-09T14:46:19.382+0000] {processor.py:208} INFO - Processing /opt/airflow/dags/real_estate_dag.py took 1.207 seconds
[2025-04-09T14:46:49.733+0000] {processor.py:186} INFO - Started process (PID=410) to work on /opt/airflow/dags/real_estate_dag.py
[2025-04-09T14:46:49.735+0000] {processor.py:914} INFO - Processing file /opt/airflow/dags/real_estate_dag.py for tasks to queue
[2025-04-09T14:46:49.739+0000] {logging_mixin.py:190} INFO - [2025-04-09T14:46:49.739+0000] {dagbag.py:588} INFO - Filling up the DagBag from /opt/airflow/dags/real_estate_dag.py
[2025-04-09T14:46:50.654+0000] {processor.py:925} INFO - DAG(s) 'real_estate_pipeline' retrieved from /opt/airflow/dags/real_estate_dag.py
[2025-04-09T14:46:50.726+0000] {logging_mixin.py:190} INFO - [2025-04-09T14:46:50.725+0000] {dag.py:3239} INFO - Sync 1 DAGs
[2025-04-09T14:46:50.773+0000] {logging_mixin.py:190} INFO - [2025-04-09T14:46:50.773+0000] {dag.py:4180} INFO - Setting next_dagrun for real_estate_pipeline to 2025-04-08 23:00:00+00:00, run_after=2025-04-09 23:00:00+00:00
[2025-04-09T14:46:50.846+0000] {processor.py:208} INFO - Processing /opt/airflow/dags/real_estate_dag.py took 1.120 seconds
[2025-04-09T14:47:21.152+0000] {processor.py:186} INFO - Started process (PID=412) to work on /opt/airflow/dags/real_estate_dag.py
[2025-04-09T14:47:21.155+0000] {processor.py:914} INFO - Processing file /opt/airflow/dags/real_estate_dag.py for tasks to queue
[2025-04-09T14:47:21.159+0000] {logging_mixin.py:190} INFO - [2025-04-09T14:47:21.158+0000] {dagbag.py:588} INFO - Filling up the DagBag from /opt/airflow/dags/real_estate_dag.py
[2025-04-09T14:47:22.106+0000] {processor.py:925} INFO - DAG(s) 'real_estate_pipeline' retrieved from /opt/airflow/dags/real_estate_dag.py
[2025-04-09T14:47:22.145+0000] {logging_mixin.py:190} INFO - [2025-04-09T14:47:22.144+0000] {dag.py:3239} INFO - Sync 1 DAGs
[2025-04-09T14:47:22.180+0000] {logging_mixin.py:190} INFO - [2025-04-09T14:47:22.179+0000] {dag.py:4180} INFO - Setting next_dagrun for real_estate_pipeline to 2025-04-08 23:00:00+00:00, run_after=2025-04-09 23:00:00+00:00
[2025-04-09T14:47:22.263+0000] {processor.py:208} INFO - Processing /opt/airflow/dags/real_estate_dag.py took 1.119 seconds
[2025-04-09T14:47:52.492+0000] {processor.py:186} INFO - Started process (PID=414) to work on /opt/airflow/dags/real_estate_dag.py
[2025-04-09T14:47:52.493+0000] {processor.py:914} INFO - Processing file /opt/airflow/dags/real_estate_dag.py for tasks to queue
[2025-04-09T14:47:52.496+0000] {logging_mixin.py:190} INFO - [2025-04-09T14:47:52.496+0000] {dagbag.py:588} INFO - Filling up the DagBag from /opt/airflow/dags/real_estate_dag.py
[2025-04-09T14:47:53.331+0000] {processor.py:925} INFO - DAG(s) 'real_estate_pipeline' retrieved from /opt/airflow/dags/real_estate_dag.py
[2025-04-09T14:47:53.364+0000] {logging_mixin.py:190} INFO - [2025-04-09T14:47:53.364+0000] {dag.py:3239} INFO - Sync 1 DAGs
[2025-04-09T14:47:53.395+0000] {logging_mixin.py:190} INFO - [2025-04-09T14:47:53.395+0000] {dag.py:4180} INFO - Setting next_dagrun for real_estate_pipeline to 2025-04-08 23:00:00+00:00, run_after=2025-04-09 23:00:00+00:00
[2025-04-09T14:47:53.462+0000] {processor.py:208} INFO - Processing /opt/airflow/dags/real_estate_dag.py took 0.976 seconds
[2025-04-09T14:48:23.919+0000] {processor.py:186} INFO - Started process (PID=416) to work on /opt/airflow/dags/real_estate_dag.py
[2025-04-09T14:48:23.920+0000] {processor.py:914} INFO - Processing file /opt/airflow/dags/real_estate_dag.py for tasks to queue
[2025-04-09T14:48:23.923+0000] {logging_mixin.py:190} INFO - [2025-04-09T14:48:23.922+0000] {dagbag.py:588} INFO - Filling up the DagBag from /opt/airflow/dags/real_estate_dag.py
[2025-04-09T14:48:24.877+0000] {processor.py:925} INFO - DAG(s) 'real_estate_pipeline' retrieved from /opt/airflow/dags/real_estate_dag.py
[2025-04-09T14:48:24.928+0000] {logging_mixin.py:190} INFO - [2025-04-09T14:48:24.928+0000] {dag.py:3239} INFO - Sync 1 DAGs
[2025-04-09T14:48:24.972+0000] {logging_mixin.py:190} INFO - [2025-04-09T14:48:24.971+0000] {dag.py:4180} INFO - Setting next_dagrun for real_estate_pipeline to 2025-04-08 23:00:00+00:00, run_after=2025-04-09 23:00:00+00:00
[2025-04-09T14:48:25.130+0000] {processor.py:208} INFO - Processing /opt/airflow/dags/real_estate_dag.py took 1.219 seconds
[2025-04-09T14:48:55.403+0000] {processor.py:186} INFO - Started process (PID=418) to work on /opt/airflow/dags/real_estate_dag.py
[2025-04-09T14:48:55.405+0000] {processor.py:914} INFO - Processing file /opt/airflow/dags/real_estate_dag.py for tasks to queue
[2025-04-09T14:48:55.409+0000] {logging_mixin.py:190} INFO - [2025-04-09T14:48:55.408+0000] {dagbag.py:588} INFO - Filling up the DagBag from /opt/airflow/dags/real_estate_dag.py
[2025-04-09T14:48:56.505+0000] {processor.py:925} INFO - DAG(s) 'real_estate_pipeline' retrieved from /opt/airflow/dags/real_estate_dag.py
[2025-04-09T14:48:56.545+0000] {logging_mixin.py:190} INFO - [2025-04-09T14:48:56.544+0000] {dag.py:3239} INFO - Sync 1 DAGs
[2025-04-09T14:48:56.572+0000] {logging_mixin.py:190} INFO - [2025-04-09T14:48:56.572+0000] {dag.py:4180} INFO - Setting next_dagrun for real_estate_pipeline to 2025-04-08 23:00:00+00:00, run_after=2025-04-09 23:00:00+00:00
[2025-04-09T14:48:56.658+0000] {processor.py:208} INFO - Processing /opt/airflow/dags/real_estate_dag.py took 1.263 seconds
[2025-04-09T14:49:27.097+0000] {processor.py:186} INFO - Started process (PID=420) to work on /opt/airflow/dags/real_estate_dag.py
[2025-04-09T14:49:27.098+0000] {processor.py:914} INFO - Processing file /opt/airflow/dags/real_estate_dag.py for tasks to queue
[2025-04-09T14:49:27.102+0000] {logging_mixin.py:190} INFO - [2025-04-09T14:49:27.101+0000] {dagbag.py:588} INFO - Filling up the DagBag from /opt/airflow/dags/real_estate_dag.py
[2025-04-09T14:49:27.973+0000] {processor.py:925} INFO - DAG(s) 'real_estate_pipeline' retrieved from /opt/airflow/dags/real_estate_dag.py
[2025-04-09T14:49:28.011+0000] {logging_mixin.py:190} INFO - [2025-04-09T14:49:28.011+0000] {dag.py:3239} INFO - Sync 1 DAGs
[2025-04-09T14:49:28.043+0000] {logging_mixin.py:190} INFO - [2025-04-09T14:49:28.042+0000] {dag.py:4180} INFO - Setting next_dagrun for real_estate_pipeline to 2025-04-08 23:00:00+00:00, run_after=2025-04-09 23:00:00+00:00
[2025-04-09T14:49:28.127+0000] {processor.py:208} INFO - Processing /opt/airflow/dags/real_estate_dag.py took 1.036 seconds
[2025-04-09T14:50:10.810+0000] {processor.py:186} INFO - Started process (PID=422) to work on /opt/airflow/dags/real_estate_dag.py
[2025-04-09T14:50:10.813+0000] {processor.py:914} INFO - Processing file /opt/airflow/dags/real_estate_dag.py for tasks to queue
[2025-04-09T14:50:10.817+0000] {logging_mixin.py:190} INFO - [2025-04-09T14:50:10.816+0000] {dagbag.py:588} INFO - Filling up the DagBag from /opt/airflow/dags/real_estate_dag.py
[2025-04-09T14:50:17.523+0000] {processor.py:925} INFO - DAG(s) 'real_estate_pipeline' retrieved from /opt/airflow/dags/real_estate_dag.py
[2025-04-09T14:50:17.594+0000] {logging_mixin.py:190} INFO - [2025-04-09T14:50:17.594+0000] {dag.py:3239} INFO - Sync 1 DAGs
[2025-04-09T14:50:17.684+0000] {logging_mixin.py:190} INFO - [2025-04-09T14:50:17.683+0000] {dag.py:4180} INFO - Setting next_dagrun for real_estate_pipeline to 2025-04-08 23:00:00+00:00, run_after=2025-04-09 23:00:00+00:00
[2025-04-09T14:50:17.883+0000] {processor.py:208} INFO - Processing /opt/airflow/dags/real_estate_dag.py took 7.081 seconds
