[2025-04-21T18:01:38.218+0000] {manager.py:483} INFO - Processing files using up to 1 processes at a time 
[2025-04-21T18:01:38.219+0000] {manager.py:484} INFO - Process each file at most once every 30 seconds
[2025-04-21T18:01:38.220+0000] {manager.py:485} INFO - Checking for new files in /opt/airflow/dags every 300 seconds
[2025-04-21T18:01:38.220+0000] {manager.py:821} INFO - Searching for files in /opt/airflow/dags
[2025-04-21T18:01:38.592+0000] {manager.py:824} INFO - There are 1 files in /opt/airflow/dags
[2025-04-21T18:01:41.091+0000] {manager.py:997} INFO - 
================================================================================
DAG File Processing Stats

File Path                             PID    Runtime      # DAGs    # Errors  Last Runtime    Last Run               Last # of DB Queries
------------------------------------  -----  ---------  --------  ----------  --------------  -------------------  ----------------------
/opt/airflow/dags/real_estate_dag.py                           1           0  2.31s           2025-04-21T18:01:41                      12
================================================================================
[2025-04-21T18:02:13.101+0000] {manager.py:997} INFO - 
================================================================================
DAG File Processing Stats

File Path                             PID    Runtime      # DAGs    # Errors  Last Runtime    Last Run               Last # of DB Queries
------------------------------------  -----  ---------  --------  ----------  --------------  -------------------  ----------------------
/opt/airflow/dags/real_estate_dag.py                           1           0  1.51s           2025-04-21T18:02:13                      12
================================================================================
[2025-04-21T18:02:45.574+0000] {manager.py:997} INFO - 
================================================================================
DAG File Processing Stats

File Path                             PID    Runtime      # DAGs    # Errors  Last Runtime    Last Run               Last # of DB Queries
------------------------------------  -----  ---------  --------  ----------  --------------  -------------------  ----------------------
/opt/airflow/dags/real_estate_dag.py                           1           0  1.81s           2025-04-21T18:02:45                      12
================================================================================
[2025-04-21T18:03:17.240+0000] {manager.py:997} INFO - 
================================================================================
DAG File Processing Stats

File Path                             PID    Runtime      # DAGs    # Errors  Last Runtime    Last Run               Last # of DB Queries
------------------------------------  -----  ---------  --------  ----------  --------------  -------------------  ----------------------
/opt/airflow/dags/real_estate_dag.py                           1           0  1.01s           2025-04-21T18:03:17                      12
================================================================================
[2025-04-21T18:03:48.862+0000] {manager.py:997} INFO - 
================================================================================
DAG File Processing Stats

File Path                             PID    Runtime      # DAGs    # Errors  Last Runtime    Last Run               Last # of DB Queries
------------------------------------  -----  ---------  --------  ----------  --------------  -------------------  ----------------------
/opt/airflow/dags/real_estate_dag.py                           1           0  1.01s           2025-04-21T18:03:48                      12
================================================================================
[2025-04-21T18:04:20.775+0000] {manager.py:997} INFO - 
================================================================================
DAG File Processing Stats

File Path                             PID    Runtime      # DAGs    # Errors  Last Runtime    Last Run               Last # of DB Queries
------------------------------------  -----  ---------  --------  ----------  --------------  -------------------  ----------------------
/opt/airflow/dags/real_estate_dag.py                           1           0  1.62s           2025-04-21T18:04:20                      12
================================================================================
[2025-04-21T18:04:52.449+0000] {manager.py:997} INFO - 
================================================================================
DAG File Processing Stats

File Path                             PID    Runtime      # DAGs    # Errors  Last Runtime    Last Run               Last # of DB Queries
------------------------------------  -----  ---------  --------  ----------  --------------  -------------------  ----------------------
/opt/airflow/dags/real_estate_dag.py                           1           0  1.41s           2025-04-21T18:04:52                      12
================================================================================
[2025-04-21T18:05:24.189+0000] {manager.py:997} INFO - 
================================================================================
DAG File Processing Stats

File Path                             PID    Runtime      # DAGs    # Errors  Last Runtime    Last Run               Last # of DB Queries
------------------------------------  -----  ---------  --------  ----------  --------------  -------------------  ----------------------
/opt/airflow/dags/real_estate_dag.py                           1           0  1.51s           2025-04-21T18:05:24                      12
================================================================================
[2025-04-21T18:05:56.429+0000] {manager.py:997} INFO - 
================================================================================
DAG File Processing Stats

File Path                             PID    Runtime      # DAGs    # Errors  Last Runtime    Last Run               Last # of DB Queries
------------------------------------  -----  ---------  --------  ----------  --------------  -------------------  ----------------------
/opt/airflow/dags/real_estate_dag.py                           1           0  2.01s           2025-04-21T18:05:56                      12
================================================================================
[2025-04-21T18:06:28.319+0000] {manager.py:997} INFO - 
================================================================================
DAG File Processing Stats

File Path                             PID    Runtime      # DAGs    # Errors  Last Runtime    Last Run               Last # of DB Queries
------------------------------------  -----  ---------  --------  ----------  --------------  -------------------  ----------------------
/opt/airflow/dags/real_estate_dag.py                           1           0  1.22s           2025-04-21T18:06:28                      12
================================================================================
[2025-04-21T18:06:38.782+0000] {manager.py:821} INFO - Searching for files in /opt/airflow/dags
[2025-04-21T18:06:39.261+0000] {manager.py:824} INFO - There are 1 files in /opt/airflow/dags
[2025-04-21T18:06:59.962+0000] {manager.py:997} INFO - 
================================================================================
DAG File Processing Stats

File Path                             PID    Runtime      # DAGs    # Errors  Last Runtime    Last Run               Last # of DB Queries
------------------------------------  -----  ---------  --------  ----------  --------------  -------------------  ----------------------
/opt/airflow/dags/real_estate_dag.py                           1           0  1.21s           2025-04-21T18:06:59                      12
================================================================================
[2025-04-21T18:07:31.618+0000] {manager.py:997} INFO - 
================================================================================
DAG File Processing Stats

File Path                             PID    Runtime      # DAGs    # Errors  Last Runtime    Last Run               Last # of DB Queries
------------------------------------  -----  ---------  --------  ----------  --------------  -------------------  ----------------------
/opt/airflow/dags/real_estate_dag.py                           1           0  1.21s           2025-04-21T18:07:31                      12
================================================================================
[2025-04-21T18:08:03.907+0000] {manager.py:997} INFO - 
================================================================================
DAG File Processing Stats

File Path                             PID    Runtime      # DAGs    # Errors  Last Runtime    Last Run               Last # of DB Queries
------------------------------------  -----  ---------  --------  ----------  --------------  -------------------  ----------------------
/opt/airflow/dags/real_estate_dag.py                           1           0  1.92s           2025-04-21T18:08:03                      12
================================================================================
[2025-04-21T18:08:35.789+0000] {manager.py:997} INFO - 
================================================================================
DAG File Processing Stats

File Path                             PID    Runtime      # DAGs    # Errors  Last Runtime    Last Run               Last # of DB Queries
------------------------------------  -----  ---------  --------  ----------  --------------  -------------------  ----------------------
/opt/airflow/dags/real_estate_dag.py                           1           0  1.71s           2025-04-21T18:08:35                      12
================================================================================
[2025-04-21T18:09:08.242+0000] {manager.py:997} INFO - 
================================================================================
DAG File Processing Stats

File Path                             PID    Runtime      # DAGs    # Errors  Last Runtime    Last Run               Last # of DB Queries
------------------------------------  -----  ---------  --------  ----------  --------------  -------------------  ----------------------
/opt/airflow/dags/real_estate_dag.py                           1           0  1.82s           2025-04-21T18:09:08                      12
================================================================================
[2025-04-21T18:09:39.961+0000] {manager.py:997} INFO - 
================================================================================
DAG File Processing Stats

File Path                             PID    Runtime      # DAGs    # Errors  Last Runtime    Last Run               Last # of DB Queries
------------------------------------  -----  ---------  --------  ----------  --------------  -------------------  ----------------------
/opt/airflow/dags/real_estate_dag.py                           1           0  1.41s           2025-04-21T18:09:39                      12
================================================================================
[2025-04-21T18:10:12.149+0000] {manager.py:997} INFO - 
================================================================================
DAG File Processing Stats

File Path                             PID    Runtime      # DAGs    # Errors  Last Runtime    Last Run               Last # of DB Queries
------------------------------------  -----  ---------  --------  ----------  --------------  -------------------  ----------------------
/opt/airflow/dags/real_estate_dag.py                           1           0  1.61s           2025-04-21T18:10:12                      12
================================================================================
[2025-04-21T18:10:43.932+0000] {manager.py:997} INFO - 
================================================================================
DAG File Processing Stats

File Path                             PID    Runtime      # DAGs    # Errors  Last Runtime    Last Run               Last # of DB Queries
------------------------------------  -----  ---------  --------  ----------  --------------  -------------------  ----------------------
/opt/airflow/dags/real_estate_dag.py                           1           0  1.32s           2025-04-21T18:10:43                      12
================================================================================
[2025-04-21T18:11:15.619+0000] {manager.py:997} INFO - 
================================================================================
DAG File Processing Stats

File Path                             PID    Runtime      # DAGs    # Errors  Last Runtime    Last Run               Last # of DB Queries
------------------------------------  -----  ---------  --------  ----------  --------------  -------------------  ----------------------
/opt/airflow/dags/real_estate_dag.py                           1           0  1.11s           2025-04-21T18:11:15                      12
================================================================================
[2025-04-21T18:11:39.621+0000] {manager.py:821} INFO - Searching for files in /opt/airflow/dags
[2025-04-21T18:11:39.885+0000] {manager.py:824} INFO - There are 1 files in /opt/airflow/dags
[2025-04-21T18:11:47.560+0000] {manager.py:997} INFO - 
================================================================================
DAG File Processing Stats

File Path                             PID    Runtime      # DAGs    # Errors  Last Runtime    Last Run               Last # of DB Queries
------------------------------------  -----  ---------  --------  ----------  --------------  -------------------  ----------------------
/opt/airflow/dags/real_estate_dag.py                           1           0  1.51s           2025-04-21T18:11:47                      12
================================================================================
[2025-04-21T18:12:19.254+0000] {manager.py:997} INFO - 
================================================================================
DAG File Processing Stats

File Path                             PID    Runtime      # DAGs    # Errors  Last Runtime    Last Run               Last # of DB Queries
------------------------------------  -----  ---------  --------  ----------  --------------  -------------------  ----------------------
/opt/airflow/dags/real_estate_dag.py                           1           0  1.21s           2025-04-21T18:12:19                      12
================================================================================
[2025-04-21T18:12:51.515+0000] {manager.py:997} INFO - 
================================================================================
DAG File Processing Stats

File Path                             PID    Runtime      # DAGs    # Errors  Last Runtime    Last Run               Last # of DB Queries
------------------------------------  -----  ---------  --------  ----------  --------------  -------------------  ----------------------
/opt/airflow/dags/real_estate_dag.py                           1           0  1.81s           2025-04-21T18:12:51                      12
================================================================================
[2025-04-21T18:13:23.422+0000] {manager.py:997} INFO - 
================================================================================
DAG File Processing Stats

File Path                             PID    Runtime      # DAGs    # Errors  Last Runtime    Last Run               Last # of DB Queries
------------------------------------  -----  ---------  --------  ----------  --------------  -------------------  ----------------------
/opt/airflow/dags/real_estate_dag.py                           1           0  1.32s           2025-04-21T18:13:23                      12
================================================================================
[2025-04-21T18:13:55.363+0000] {manager.py:997} INFO - 
================================================================================
DAG File Processing Stats

File Path                             PID    Runtime      # DAGs    # Errors  Last Runtime    Last Run               Last # of DB Queries
------------------------------------  -----  ---------  --------  ----------  --------------  -------------------  ----------------------
/opt/airflow/dags/real_estate_dag.py                           1           0  1.22s           2025-04-21T18:13:55                      12
================================================================================
[2025-04-21T18:14:27.048+0000] {manager.py:997} INFO - 
================================================================================
DAG File Processing Stats

File Path                             PID    Runtime      # DAGs    # Errors  Last Runtime    Last Run               Last # of DB Queries
------------------------------------  -----  ---------  --------  ----------  --------------  -------------------  ----------------------
/opt/airflow/dags/real_estate_dag.py                           1           0  1.31s           2025-04-21T18:14:27                      12
================================================================================
[2025-04-21T18:14:58.803+0000] {manager.py:997} INFO - 
================================================================================
DAG File Processing Stats

File Path                             PID    Runtime      # DAGs    # Errors  Last Runtime    Last Run               Last # of DB Queries
------------------------------------  -----  ---------  --------  ----------  --------------  -------------------  ----------------------
/opt/airflow/dags/real_estate_dag.py                           1           0  1.52s           2025-04-21T18:14:58                      12
================================================================================
[2025-04-21T18:15:30.649+0000] {manager.py:997} INFO - 
================================================================================
DAG File Processing Stats

File Path                             PID    Runtime      # DAGs    # Errors  Last Runtime    Last Run               Last # of DB Queries
------------------------------------  -----  ---------  --------  ----------  --------------  -------------------  ----------------------
/opt/airflow/dags/real_estate_dag.py                           1           0  1.51s           2025-04-21T18:15:30                      12
================================================================================
[2025-04-21T18:16:02.549+0000] {manager.py:997} INFO - 
================================================================================
DAG File Processing Stats

File Path                             PID    Runtime      # DAGs    # Errors  Last Runtime    Last Run               Last # of DB Queries
------------------------------------  -----  ---------  --------  ----------  --------------  -------------------  ----------------------
/opt/airflow/dags/real_estate_dag.py                           1           0  1.52s           2025-04-21T18:16:02                      12
================================================================================
[2025-04-21T18:16:34.641+0000] {manager.py:997} INFO - 
================================================================================
DAG File Processing Stats

File Path                             PID    Runtime      # DAGs    # Errors  Last Runtime    Last Run               Last # of DB Queries
------------------------------------  -----  ---------  --------  ----------  --------------  -------------------  ----------------------
/opt/airflow/dags/real_estate_dag.py                           1           0  1.81s           2025-04-21T18:16:34                      12
================================================================================
[2025-04-21T18:16:39.738+0000] {manager.py:821} INFO - Searching for files in /opt/airflow/dags
[2025-04-21T18:16:40.645+0000] {manager.py:824} INFO - There are 1 files in /opt/airflow/dags
[2025-04-21T18:17:06.301+0000] {manager.py:997} INFO - 
================================================================================
DAG File Processing Stats

File Path                             PID    Runtime      # DAGs    # Errors  Last Runtime    Last Run               Last # of DB Queries
------------------------------------  -----  ---------  --------  ----------  --------------  -------------------  ----------------------
/opt/airflow/dags/real_estate_dag.py                           1           0  1.41s           2025-04-21T18:17:06                      12
================================================================================
[2025-04-21T18:17:38.103+0000] {manager.py:997} INFO - 
================================================================================
DAG File Processing Stats

File Path                             PID    Runtime      # DAGs    # Errors  Last Runtime    Last Run               Last # of DB Queries
------------------------------------  -----  ---------  --------  ----------  --------------  -------------------  ----------------------
/opt/airflow/dags/real_estate_dag.py                           1           0  1.31s           2025-04-21T18:17:38                      12
================================================================================
[2025-04-21T18:18:10.022+0000] {manager.py:997} INFO - 
================================================================================
DAG File Processing Stats

File Path                             PID    Runtime      # DAGs    # Errors  Last Runtime    Last Run               Last # of DB Queries
------------------------------------  -----  ---------  --------  ----------  --------------  -------------------  ----------------------
/opt/airflow/dags/real_estate_dag.py                           1           0  1.51s           2025-04-21T18:18:10                      12
================================================================================
[2025-04-21T18:18:41.984+0000] {manager.py:997} INFO - 
================================================================================
DAG File Processing Stats

File Path                             PID    Runtime      # DAGs    # Errors  Last Runtime    Last Run               Last # of DB Queries
------------------------------------  -----  ---------  --------  ----------  --------------  -------------------  ----------------------
/opt/airflow/dags/real_estate_dag.py                           1           0  1.51s           2025-04-21T18:18:41                      12
================================================================================
[2025-04-21T18:19:13.545+0000] {manager.py:997} INFO - 
================================================================================
DAG File Processing Stats

File Path                             PID    Runtime      # DAGs    # Errors  Last Runtime    Last Run               Last # of DB Queries
------------------------------------  -----  ---------  --------  ----------  --------------  -------------------  ----------------------
/opt/airflow/dags/real_estate_dag.py                           1           0  1.41s           2025-04-21T18:19:13                      12
================================================================================
[2025-04-21T18:19:45.473+0000] {manager.py:997} INFO - 
================================================================================
DAG File Processing Stats

File Path                             PID    Runtime      # DAGs    # Errors  Last Runtime    Last Run               Last # of DB Queries
------------------------------------  -----  ---------  --------  ----------  --------------  -------------------  ----------------------
/opt/airflow/dags/real_estate_dag.py                           1           0  1.51s           2025-04-21T18:19:45                      12
================================================================================
[2025-04-21T18:20:17.873+0000] {manager.py:997} INFO - 
================================================================================
DAG File Processing Stats

File Path                             PID    Runtime      # DAGs    # Errors  Last Runtime    Last Run               Last # of DB Queries
------------------------------------  -----  ---------  --------  ----------  --------------  -------------------  ----------------------
/opt/airflow/dags/real_estate_dag.py                           1           0  1.71s           2025-04-21T18:20:17                      12
================================================================================
[2025-04-21T18:20:49.743+0000] {manager.py:997} INFO - 
================================================================================
DAG File Processing Stats

File Path                             PID    Runtime      # DAGs    # Errors  Last Runtime    Last Run               Last # of DB Queries
------------------------------------  -----  ---------  --------  ----------  --------------  -------------------  ----------------------
/opt/airflow/dags/real_estate_dag.py                           1           0  1.31s           2025-04-21T18:20:49                      12
================================================================================
[2025-04-21T18:21:21.487+0000] {manager.py:997} INFO - 
================================================================================
DAG File Processing Stats

File Path                             PID    Runtime      # DAGs    # Errors  Last Runtime    Last Run               Last # of DB Queries
------------------------------------  -----  ---------  --------  ----------  --------------  -------------------  ----------------------
/opt/airflow/dags/real_estate_dag.py                           1           0  1.51s           2025-04-21T18:21:21                      12
================================================================================
[2025-04-21T18:21:39.936+0000] {manager.py:821} INFO - Searching for files in /opt/airflow/dags
[2025-04-21T18:21:40.798+0000] {manager.py:824} INFO - There are 1 files in /opt/airflow/dags
[2025-04-21T18:21:53.089+0000] {manager.py:997} INFO - 
================================================================================
DAG File Processing Stats

File Path                             PID    Runtime      # DAGs    # Errors  Last Runtime    Last Run               Last # of DB Queries
------------------------------------  -----  ---------  --------  ----------  --------------  -------------------  ----------------------
/opt/airflow/dags/real_estate_dag.py                           1           0  1.31s           2025-04-21T18:21:53                      12
================================================================================
[2025-04-21T18:22:24.936+0000] {manager.py:997} INFO - 
================================================================================
DAG File Processing Stats

File Path                             PID    Runtime      # DAGs    # Errors  Last Runtime    Last Run               Last # of DB Queries
------------------------------------  -----  ---------  --------  ----------  --------------  -------------------  ----------------------
/opt/airflow/dags/real_estate_dag.py                           1           0  1.42s           2025-04-21T18:22:24                      12
================================================================================
[2025-04-21T18:22:54.936+0000] {manager.py:997} INFO - 
================================================================================
DAG File Processing Stats

File Path                             PID    Runtime      # DAGs    # Errors  Last Runtime    Last Run               Last # of DB Queries
------------------------------------  -----  ---------  --------  ----------  --------------  -------------------  ----------------------
/opt/airflow/dags/real_estate_dag.py                           1           0  1.42s           2025-04-21T18:22:24                      12
================================================================================
