[2025-04-21T18:01:38.813+0000] {processor.py:186} INFO - Started process (PID=74) to work on /opt/airflow/dags/real_estate_dag.py
[2025-04-21T18:01:38.814+0000] {processor.py:914} INFO - Processing file /opt/airflow/dags/real_estate_dag.py for tasks to queue
[2025-04-21T18:01:38.817+0000] {logging_mixin.py:190} INFO - [2025-04-21T18:01:38.817+0000] {dagbag.py:588} INFO - Filling up the DagBag from /opt/airflow/dags/real_estate_dag.py
[2025-04-21T18:01:40.841+0000] {processor.py:925} INFO - DAG(s) 'real_estate_pipeline' retrieved from /opt/airflow/dags/real_estate_dag.py
[2025-04-21T18:01:40.897+0000] {logging_mixin.py:190} INFO - [2025-04-21T18:01:40.896+0000] {dag.py:3239} INFO - Sync 1 DAGs
[2025-04-21T18:01:40.925+0000] {logging_mixin.py:190} INFO - [2025-04-21T18:01:40.925+0000] {dag.py:4180} INFO - Setting next_dagrun for real_estate_pipeline to 2025-04-20 23:00:00+00:00, run_after=2025-04-21 23:00:00+00:00
[2025-04-21T18:01:40.988+0000] {processor.py:208} INFO - Processing /opt/airflow/dags/real_estate_dag.py took 2.182 seconds
[2025-04-21T18:02:11.616+0000] {processor.py:186} INFO - Started process (PID=104) to work on /opt/airflow/dags/real_estate_dag.py
[2025-04-21T18:02:11.617+0000] {processor.py:914} INFO - Processing file /opt/airflow/dags/real_estate_dag.py for tasks to queue
[2025-04-21T18:02:11.620+0000] {logging_mixin.py:190} INFO - [2025-04-21T18:02:11.620+0000] {dagbag.py:588} INFO - Filling up the DagBag from /opt/airflow/dags/real_estate_dag.py
[2025-04-21T18:02:12.858+0000] {processor.py:925} INFO - DAG(s) 'real_estate_pipeline' retrieved from /opt/airflow/dags/real_estate_dag.py
[2025-04-21T18:02:12.905+0000] {logging_mixin.py:190} INFO - [2025-04-21T18:02:12.905+0000] {dag.py:3239} INFO - Sync 1 DAGs
[2025-04-21T18:02:12.939+0000] {logging_mixin.py:190} INFO - [2025-04-21T18:02:12.938+0000] {dag.py:4180} INFO - Setting next_dagrun for real_estate_pipeline to 2025-04-20 23:00:00+00:00, run_after=2025-04-21 23:00:00+00:00
[2025-04-21T18:02:13.050+0000] {processor.py:208} INFO - Processing /opt/airflow/dags/real_estate_dag.py took 1.442 seconds
[2025-04-21T18:02:43.808+0000] {processor.py:186} INFO - Started process (PID=106) to work on /opt/airflow/dags/real_estate_dag.py
[2025-04-21T18:02:43.812+0000] {processor.py:914} INFO - Processing file /opt/airflow/dags/real_estate_dag.py for tasks to queue
[2025-04-21T18:02:43.817+0000] {logging_mixin.py:190} INFO - [2025-04-21T18:02:43.816+0000] {dagbag.py:588} INFO - Filling up the DagBag from /opt/airflow/dags/real_estate_dag.py
[2025-04-21T18:02:45.222+0000] {processor.py:925} INFO - DAG(s) 'real_estate_pipeline' retrieved from /opt/airflow/dags/real_estate_dag.py
[2025-04-21T18:02:45.290+0000] {logging_mixin.py:190} INFO - [2025-04-21T18:02:45.290+0000] {dag.py:3239} INFO - Sync 1 DAGs
[2025-04-21T18:02:45.340+0000] {logging_mixin.py:190} INFO - [2025-04-21T18:02:45.340+0000] {dag.py:4180} INFO - Setting next_dagrun for real_estate_pipeline to 2025-04-20 23:00:00+00:00, run_after=2025-04-21 23:00:00+00:00
[2025-04-21T18:02:45.482+0000] {processor.py:208} INFO - Processing /opt/airflow/dags/real_estate_dag.py took 1.685 seconds
[2025-04-21T18:03:16.252+0000] {processor.py:186} INFO - Started process (PID=108) to work on /opt/airflow/dags/real_estate_dag.py
[2025-04-21T18:03:16.254+0000] {processor.py:914} INFO - Processing file /opt/airflow/dags/real_estate_dag.py for tasks to queue
[2025-04-21T18:03:16.256+0000] {logging_mixin.py:190} INFO - [2025-04-21T18:03:16.256+0000] {dagbag.py:588} INFO - Filling up the DagBag from /opt/airflow/dags/real_estate_dag.py
[2025-04-21T18:03:17.048+0000] {processor.py:925} INFO - DAG(s) 'real_estate_pipeline' retrieved from /opt/airflow/dags/real_estate_dag.py
[2025-04-21T18:03:17.081+0000] {logging_mixin.py:190} INFO - [2025-04-21T18:03:17.081+0000] {dag.py:3239} INFO - Sync 1 DAGs
[2025-04-21T18:03:17.109+0000] {logging_mixin.py:190} INFO - [2025-04-21T18:03:17.109+0000] {dag.py:4180} INFO - Setting next_dagrun for real_estate_pipeline to 2025-04-20 23:00:00+00:00, run_after=2025-04-21 23:00:00+00:00
[2025-04-21T18:03:17.164+0000] {processor.py:208} INFO - Processing /opt/airflow/dags/real_estate_dag.py took 0.917 seconds
[2025-04-21T18:03:47.875+0000] {processor.py:186} INFO - Started process (PID=110) to work on /opt/airflow/dags/real_estate_dag.py
[2025-04-21T18:03:47.876+0000] {processor.py:914} INFO - Processing file /opt/airflow/dags/real_estate_dag.py for tasks to queue
[2025-04-21T18:03:47.880+0000] {logging_mixin.py:190} INFO - [2025-04-21T18:03:47.879+0000] {dagbag.py:588} INFO - Filling up the DagBag from /opt/airflow/dags/real_estate_dag.py
[2025-04-21T18:03:48.681+0000] {processor.py:925} INFO - DAG(s) 'real_estate_pipeline' retrieved from /opt/airflow/dags/real_estate_dag.py
[2025-04-21T18:03:48.714+0000] {logging_mixin.py:190} INFO - [2025-04-21T18:03:48.714+0000] {dag.py:3239} INFO - Sync 1 DAGs
[2025-04-21T18:03:48.743+0000] {logging_mixin.py:190} INFO - [2025-04-21T18:03:48.743+0000] {dag.py:4180} INFO - Setting next_dagrun for real_estate_pipeline to 2025-04-20 23:00:00+00:00, run_after=2025-04-21 23:00:00+00:00
[2025-04-21T18:03:48.801+0000] {processor.py:208} INFO - Processing /opt/airflow/dags/real_estate_dag.py took 0.932 seconds
[2025-04-21T18:04:19.192+0000] {processor.py:186} INFO - Started process (PID=112) to work on /opt/airflow/dags/real_estate_dag.py
[2025-04-21T18:04:19.195+0000] {processor.py:914} INFO - Processing file /opt/airflow/dags/real_estate_dag.py for tasks to queue
[2025-04-21T18:04:19.200+0000] {logging_mixin.py:190} INFO - [2025-04-21T18:04:19.199+0000] {dagbag.py:588} INFO - Filling up the DagBag from /opt/airflow/dags/real_estate_dag.py
[2025-04-21T18:04:20.525+0000] {processor.py:925} INFO - DAG(s) 'real_estate_pipeline' retrieved from /opt/airflow/dags/real_estate_dag.py
[2025-04-21T18:04:20.591+0000] {logging_mixin.py:190} INFO - [2025-04-21T18:04:20.590+0000] {dag.py:3239} INFO - Sync 1 DAGs
[2025-04-21T18:04:20.649+0000] {logging_mixin.py:190} INFO - [2025-04-21T18:04:20.648+0000] {dag.py:4180} INFO - Setting next_dagrun for real_estate_pipeline to 2025-04-20 23:00:00+00:00, run_after=2025-04-21 23:00:00+00:00
[2025-04-21T18:04:20.763+0000] {processor.py:208} INFO - Processing /opt/airflow/dags/real_estate_dag.py took 1.580 seconds
[2025-04-21T18:04:51.087+0000] {processor.py:186} INFO - Started process (PID=114) to work on /opt/airflow/dags/real_estate_dag.py
[2025-04-21T18:04:51.088+0000] {processor.py:914} INFO - Processing file /opt/airflow/dags/real_estate_dag.py for tasks to queue
[2025-04-21T18:04:51.091+0000] {logging_mixin.py:190} INFO - [2025-04-21T18:04:51.090+0000] {dagbag.py:588} INFO - Filling up the DagBag from /opt/airflow/dags/real_estate_dag.py
[2025-04-21T18:04:52.148+0000] {processor.py:925} INFO - DAG(s) 'real_estate_pipeline' retrieved from /opt/airflow/dags/real_estate_dag.py
[2025-04-21T18:04:52.204+0000] {logging_mixin.py:190} INFO - [2025-04-21T18:04:52.203+0000] {dag.py:3239} INFO - Sync 1 DAGs
[2025-04-21T18:04:52.239+0000] {logging_mixin.py:190} INFO - [2025-04-21T18:04:52.238+0000] {dag.py:4180} INFO - Setting next_dagrun for real_estate_pipeline to 2025-04-20 23:00:00+00:00, run_after=2025-04-21 23:00:00+00:00
[2025-04-21T18:04:52.353+0000] {processor.py:208} INFO - Processing /opt/airflow/dags/real_estate_dag.py took 1.271 seconds
[2025-04-21T18:05:22.714+0000] {processor.py:186} INFO - Started process (PID=116) to work on /opt/airflow/dags/real_estate_dag.py
[2025-04-21T18:05:22.716+0000] {processor.py:914} INFO - Processing file /opt/airflow/dags/real_estate_dag.py for tasks to queue
[2025-04-21T18:05:22.718+0000] {logging_mixin.py:190} INFO - [2025-04-21T18:05:22.718+0000] {dagbag.py:588} INFO - Filling up the DagBag from /opt/airflow/dags/real_estate_dag.py
[2025-04-21T18:05:23.896+0000] {processor.py:925} INFO - DAG(s) 'real_estate_pipeline' retrieved from /opt/airflow/dags/real_estate_dag.py
[2025-04-21T18:05:23.964+0000] {logging_mixin.py:190} INFO - [2025-04-21T18:05:23.963+0000] {dag.py:3239} INFO - Sync 1 DAGs
[2025-04-21T18:05:24.016+0000] {logging_mixin.py:190} INFO - [2025-04-21T18:05:24.015+0000] {dag.py:4180} INFO - Setting next_dagrun for real_estate_pipeline to 2025-04-20 23:00:00+00:00, run_after=2025-04-21 23:00:00+00:00
[2025-04-21T18:05:24.133+0000] {processor.py:208} INFO - Processing /opt/airflow/dags/real_estate_dag.py took 1.426 seconds
[2025-04-21T18:05:54.460+0000] {processor.py:186} INFO - Started process (PID=118) to work on /opt/airflow/dags/real_estate_dag.py
[2025-04-21T18:05:54.464+0000] {processor.py:914} INFO - Processing file /opt/airflow/dags/real_estate_dag.py for tasks to queue
[2025-04-21T18:05:54.471+0000] {logging_mixin.py:190} INFO - [2025-04-21T18:05:54.470+0000] {dagbag.py:588} INFO - Filling up the DagBag from /opt/airflow/dags/real_estate_dag.py
[2025-04-21T18:05:55.953+0000] {processor.py:925} INFO - DAG(s) 'real_estate_pipeline' retrieved from /opt/airflow/dags/real_estate_dag.py
[2025-04-21T18:05:56.013+0000] {logging_mixin.py:190} INFO - [2025-04-21T18:05:56.012+0000] {dag.py:3239} INFO - Sync 1 DAGs
[2025-04-21T18:05:56.075+0000] {logging_mixin.py:190} INFO - [2025-04-21T18:05:56.074+0000] {dag.py:4180} INFO - Setting next_dagrun for real_estate_pipeline to 2025-04-20 23:00:00+00:00, run_after=2025-04-21 23:00:00+00:00
[2025-04-21T18:05:56.334+0000] {processor.py:208} INFO - Processing /opt/airflow/dags/real_estate_dag.py took 1.885 seconds
[2025-04-21T18:06:27.127+0000] {processor.py:186} INFO - Started process (PID=120) to work on /opt/airflow/dags/real_estate_dag.py
[2025-04-21T18:06:27.129+0000] {processor.py:914} INFO - Processing file /opt/airflow/dags/real_estate_dag.py for tasks to queue
[2025-04-21T18:06:27.133+0000] {logging_mixin.py:190} INFO - [2025-04-21T18:06:27.133+0000] {dagbag.py:588} INFO - Filling up the DagBag from /opt/airflow/dags/real_estate_dag.py
[2025-04-21T18:06:28.157+0000] {processor.py:925} INFO - DAG(s) 'real_estate_pipeline' retrieved from /opt/airflow/dags/real_estate_dag.py
[2025-04-21T18:06:28.193+0000] {logging_mixin.py:190} INFO - [2025-04-21T18:06:28.192+0000] {dag.py:3239} INFO - Sync 1 DAGs
[2025-04-21T18:06:28.229+0000] {logging_mixin.py:190} INFO - [2025-04-21T18:06:28.229+0000] {dag.py:4180} INFO - Setting next_dagrun for real_estate_pipeline to 2025-04-20 23:00:00+00:00, run_after=2025-04-21 23:00:00+00:00
[2025-04-21T18:06:28.299+0000] {processor.py:208} INFO - Processing /opt/airflow/dags/real_estate_dag.py took 1.180 seconds
[2025-04-21T18:06:58.794+0000] {processor.py:186} INFO - Started process (PID=122) to work on /opt/airflow/dags/real_estate_dag.py
[2025-04-21T18:06:58.796+0000] {processor.py:914} INFO - Processing file /opt/airflow/dags/real_estate_dag.py for tasks to queue
[2025-04-21T18:06:58.800+0000] {logging_mixin.py:190} INFO - [2025-04-21T18:06:58.799+0000] {dagbag.py:588} INFO - Filling up the DagBag from /opt/airflow/dags/real_estate_dag.py
[2025-04-21T18:06:59.773+0000] {processor.py:925} INFO - DAG(s) 'real_estate_pipeline' retrieved from /opt/airflow/dags/real_estate_dag.py
[2025-04-21T18:06:59.811+0000] {logging_mixin.py:190} INFO - [2025-04-21T18:06:59.810+0000] {dag.py:3239} INFO - Sync 1 DAGs
[2025-04-21T18:06:59.854+0000] {logging_mixin.py:190} INFO - [2025-04-21T18:06:59.853+0000] {dag.py:4180} INFO - Setting next_dagrun for real_estate_pipeline to 2025-04-20 23:00:00+00:00, run_after=2025-04-21 23:00:00+00:00
[2025-04-21T18:06:59.928+0000] {processor.py:208} INFO - Processing /opt/airflow/dags/real_estate_dag.py took 1.145 seconds
[2025-04-21T18:07:30.448+0000] {processor.py:186} INFO - Started process (PID=124) to work on /opt/airflow/dags/real_estate_dag.py
[2025-04-21T18:07:30.450+0000] {processor.py:914} INFO - Processing file /opt/airflow/dags/real_estate_dag.py for tasks to queue
[2025-04-21T18:07:30.454+0000] {logging_mixin.py:190} INFO - [2025-04-21T18:07:30.453+0000] {dagbag.py:588} INFO - Filling up the DagBag from /opt/airflow/dags/real_estate_dag.py
[2025-04-21T18:07:31.436+0000] {processor.py:925} INFO - DAG(s) 'real_estate_pipeline' retrieved from /opt/airflow/dags/real_estate_dag.py
[2025-04-21T18:07:31.478+0000] {logging_mixin.py:190} INFO - [2025-04-21T18:07:31.477+0000] {dag.py:3239} INFO - Sync 1 DAGs
[2025-04-21T18:07:31.510+0000] {logging_mixin.py:190} INFO - [2025-04-21T18:07:31.509+0000] {dag.py:4180} INFO - Setting next_dagrun for real_estate_pipeline to 2025-04-20 23:00:00+00:00, run_after=2025-04-21 23:00:00+00:00
[2025-04-21T18:07:31.579+0000] {processor.py:208} INFO - Processing /opt/airflow/dags/real_estate_dag.py took 1.141 seconds
[2025-04-21T18:08:02.093+0000] {processor.py:186} INFO - Started process (PID=126) to work on /opt/airflow/dags/real_estate_dag.py
[2025-04-21T18:08:02.096+0000] {processor.py:914} INFO - Processing file /opt/airflow/dags/real_estate_dag.py for tasks to queue
[2025-04-21T18:08:02.101+0000] {logging_mixin.py:190} INFO - [2025-04-21T18:08:02.100+0000] {dagbag.py:588} INFO - Filling up the DagBag from /opt/airflow/dags/real_estate_dag.py
[2025-04-21T18:08:03.606+0000] {processor.py:925} INFO - DAG(s) 'real_estate_pipeline' retrieved from /opt/airflow/dags/real_estate_dag.py
[2025-04-21T18:08:03.657+0000] {logging_mixin.py:190} INFO - [2025-04-21T18:08:03.657+0000] {dag.py:3239} INFO - Sync 1 DAGs
[2025-04-21T18:08:03.698+0000] {logging_mixin.py:190} INFO - [2025-04-21T18:08:03.698+0000] {dag.py:4180} INFO - Setting next_dagrun for real_estate_pipeline to 2025-04-20 23:00:00+00:00, run_after=2025-04-21 23:00:00+00:00
[2025-04-21T18:08:03.861+0000] {processor.py:208} INFO - Processing /opt/airflow/dags/real_estate_dag.py took 1.780 seconds
[2025-04-21T18:08:34.131+0000] {processor.py:186} INFO - Started process (PID=128) to work on /opt/airflow/dags/real_estate_dag.py
[2025-04-21T18:08:34.133+0000] {processor.py:914} INFO - Processing file /opt/airflow/dags/real_estate_dag.py for tasks to queue
[2025-04-21T18:08:34.140+0000] {logging_mixin.py:190} INFO - [2025-04-21T18:08:34.139+0000] {dagbag.py:588} INFO - Filling up the DagBag from /opt/airflow/dags/real_estate_dag.py
[2025-04-21T18:08:35.519+0000] {processor.py:925} INFO - DAG(s) 'real_estate_pipeline' retrieved from /opt/airflow/dags/real_estate_dag.py
[2025-04-21T18:08:35.574+0000] {logging_mixin.py:190} INFO - [2025-04-21T18:08:35.574+0000] {dag.py:3239} INFO - Sync 1 DAGs
[2025-04-21T18:08:35.619+0000] {logging_mixin.py:190} INFO - [2025-04-21T18:08:35.619+0000] {dag.py:4180} INFO - Setting next_dagrun for real_estate_pipeline to 2025-04-20 23:00:00+00:00, run_after=2025-04-21 23:00:00+00:00
[2025-04-21T18:08:35.746+0000] {processor.py:208} INFO - Processing /opt/airflow/dags/real_estate_dag.py took 1.634 seconds
[2025-04-21T18:09:06.482+0000] {processor.py:186} INFO - Started process (PID=130) to work on /opt/airflow/dags/real_estate_dag.py
[2025-04-21T18:09:06.485+0000] {processor.py:914} INFO - Processing file /opt/airflow/dags/real_estate_dag.py for tasks to queue
[2025-04-21T18:09:06.492+0000] {logging_mixin.py:190} INFO - [2025-04-21T18:09:06.491+0000] {dagbag.py:588} INFO - Filling up the DagBag from /opt/airflow/dags/real_estate_dag.py
[2025-04-21T18:09:07.976+0000] {processor.py:925} INFO - DAG(s) 'real_estate_pipeline' retrieved from /opt/airflow/dags/real_estate_dag.py
[2025-04-21T18:09:08.043+0000] {logging_mixin.py:190} INFO - [2025-04-21T18:09:08.042+0000] {dag.py:3239} INFO - Sync 1 DAGs
[2025-04-21T18:09:08.092+0000] {logging_mixin.py:190} INFO - [2025-04-21T18:09:08.091+0000] {dag.py:4180} INFO - Setting next_dagrun for real_estate_pipeline to 2025-04-20 23:00:00+00:00, run_after=2025-04-21 23:00:00+00:00
[2025-04-21T18:09:08.206+0000] {processor.py:208} INFO - Processing /opt/airflow/dags/real_estate_dag.py took 1.732 seconds
[2025-04-21T18:09:38.593+0000] {processor.py:186} INFO - Started process (PID=132) to work on /opt/airflow/dags/real_estate_dag.py
[2025-04-21T18:09:38.595+0000] {processor.py:914} INFO - Processing file /opt/airflow/dags/real_estate_dag.py for tasks to queue
[2025-04-21T18:09:38.598+0000] {logging_mixin.py:190} INFO - [2025-04-21T18:09:38.597+0000] {dagbag.py:588} INFO - Filling up the DagBag from /opt/airflow/dags/real_estate_dag.py
[2025-04-21T18:09:39.695+0000] {processor.py:925} INFO - DAG(s) 'real_estate_pipeline' retrieved from /opt/airflow/dags/real_estate_dag.py
[2025-04-21T18:09:39.739+0000] {logging_mixin.py:190} INFO - [2025-04-21T18:09:39.738+0000] {dag.py:3239} INFO - Sync 1 DAGs
[2025-04-21T18:09:39.771+0000] {logging_mixin.py:190} INFO - [2025-04-21T18:09:39.771+0000] {dag.py:4180} INFO - Setting next_dagrun for real_estate_pipeline to 2025-04-20 23:00:00+00:00, run_after=2025-04-21 23:00:00+00:00
[2025-04-21T18:09:39.864+0000] {processor.py:208} INFO - Processing /opt/airflow/dags/real_estate_dag.py took 1.277 seconds
[2025-04-21T18:10:10.586+0000] {processor.py:186} INFO - Started process (PID=134) to work on /opt/airflow/dags/real_estate_dag.py
[2025-04-21T18:10:10.587+0000] {processor.py:914} INFO - Processing file /opt/airflow/dags/real_estate_dag.py for tasks to queue
[2025-04-21T18:10:10.591+0000] {logging_mixin.py:190} INFO - [2025-04-21T18:10:10.591+0000] {dagbag.py:588} INFO - Filling up the DagBag from /opt/airflow/dags/real_estate_dag.py
[2025-04-21T18:10:11.912+0000] {processor.py:925} INFO - DAG(s) 'real_estate_pipeline' retrieved from /opt/airflow/dags/real_estate_dag.py
[2025-04-21T18:10:11.957+0000] {logging_mixin.py:190} INFO - [2025-04-21T18:10:11.956+0000] {dag.py:3239} INFO - Sync 1 DAGs
[2025-04-21T18:10:11.993+0000] {logging_mixin.py:190} INFO - [2025-04-21T18:10:11.993+0000] {dag.py:4180} INFO - Setting next_dagrun for real_estate_pipeline to 2025-04-20 23:00:00+00:00, run_after=2025-04-21 23:00:00+00:00
[2025-04-21T18:10:12.129+0000] {processor.py:208} INFO - Processing /opt/airflow/dags/real_estate_dag.py took 1.552 seconds
[2025-04-21T18:10:42.643+0000] {processor.py:186} INFO - Started process (PID=136) to work on /opt/airflow/dags/real_estate_dag.py
[2025-04-21T18:10:42.646+0000] {processor.py:914} INFO - Processing file /opt/airflow/dags/real_estate_dag.py for tasks to queue
[2025-04-21T18:10:42.649+0000] {logging_mixin.py:190} INFO - [2025-04-21T18:10:42.649+0000] {dagbag.py:588} INFO - Filling up the DagBag from /opt/airflow/dags/real_estate_dag.py
[2025-04-21T18:10:43.763+0000] {processor.py:925} INFO - DAG(s) 'real_estate_pipeline' retrieved from /opt/airflow/dags/real_estate_dag.py
[2025-04-21T18:10:43.801+0000] {logging_mixin.py:190} INFO - [2025-04-21T18:10:43.801+0000] {dag.py:3239} INFO - Sync 1 DAGs
[2025-04-21T18:10:43.833+0000] {logging_mixin.py:190} INFO - [2025-04-21T18:10:43.832+0000] {dag.py:4180} INFO - Setting next_dagrun for real_estate_pipeline to 2025-04-20 23:00:00+00:00, run_after=2025-04-21 23:00:00+00:00
[2025-04-21T18:10:43.913+0000] {processor.py:208} INFO - Processing /opt/airflow/dags/real_estate_dag.py took 1.276 seconds
[2025-04-21T18:11:14.558+0000] {processor.py:186} INFO - Started process (PID=138) to work on /opt/airflow/dags/real_estate_dag.py
[2025-04-21T18:11:14.559+0000] {processor.py:914} INFO - Processing file /opt/airflow/dags/real_estate_dag.py for tasks to queue
[2025-04-21T18:11:14.564+0000] {logging_mixin.py:190} INFO - [2025-04-21T18:11:14.563+0000] {dagbag.py:588} INFO - Filling up the DagBag from /opt/airflow/dags/real_estate_dag.py
[2025-04-21T18:11:15.422+0000] {processor.py:925} INFO - DAG(s) 'real_estate_pipeline' retrieved from /opt/airflow/dags/real_estate_dag.py
[2025-04-21T18:11:15.465+0000] {logging_mixin.py:190} INFO - [2025-04-21T18:11:15.465+0000] {dag.py:3239} INFO - Sync 1 DAGs
[2025-04-21T18:11:15.493+0000] {logging_mixin.py:190} INFO - [2025-04-21T18:11:15.492+0000] {dag.py:4180} INFO - Setting next_dagrun for real_estate_pipeline to 2025-04-20 23:00:00+00:00, run_after=2025-04-21 23:00:00+00:00
[2025-04-21T18:11:15.554+0000] {processor.py:208} INFO - Processing /opt/airflow/dags/real_estate_dag.py took 1.006 seconds
[2025-04-21T18:11:46.097+0000] {processor.py:186} INFO - Started process (PID=140) to work on /opt/airflow/dags/real_estate_dag.py
[2025-04-21T18:11:46.100+0000] {processor.py:914} INFO - Processing file /opt/airflow/dags/real_estate_dag.py for tasks to queue
[2025-04-21T18:11:46.105+0000] {logging_mixin.py:190} INFO - [2025-04-21T18:11:46.104+0000] {dagbag.py:588} INFO - Filling up the DagBag from /opt/airflow/dags/real_estate_dag.py
[2025-04-21T18:11:47.313+0000] {processor.py:925} INFO - DAG(s) 'real_estate_pipeline' retrieved from /opt/airflow/dags/real_estate_dag.py
[2025-04-21T18:11:47.363+0000] {logging_mixin.py:190} INFO - [2025-04-21T18:11:47.362+0000] {dag.py:3239} INFO - Sync 1 DAGs
[2025-04-21T18:11:47.396+0000] {logging_mixin.py:190} INFO - [2025-04-21T18:11:47.396+0000] {dag.py:4180} INFO - Setting next_dagrun for real_estate_pipeline to 2025-04-20 23:00:00+00:00, run_after=2025-04-21 23:00:00+00:00
[2025-04-21T18:11:47.463+0000] {processor.py:208} INFO - Processing /opt/airflow/dags/real_estate_dag.py took 1.376 seconds
[2025-04-21T18:12:18.085+0000] {processor.py:186} INFO - Started process (PID=142) to work on /opt/airflow/dags/real_estate_dag.py
[2025-04-21T18:12:18.087+0000] {processor.py:914} INFO - Processing file /opt/airflow/dags/real_estate_dag.py for tasks to queue
[2025-04-21T18:12:18.090+0000] {logging_mixin.py:190} INFO - [2025-04-21T18:12:18.090+0000] {dagbag.py:588} INFO - Filling up the DagBag from /opt/airflow/dags/real_estate_dag.py
[2025-04-21T18:12:19.033+0000] {processor.py:925} INFO - DAG(s) 'real_estate_pipeline' retrieved from /opt/airflow/dags/real_estate_dag.py
[2025-04-21T18:12:19.080+0000] {logging_mixin.py:190} INFO - [2025-04-21T18:12:19.080+0000] {dag.py:3239} INFO - Sync 1 DAGs
[2025-04-21T18:12:19.111+0000] {logging_mixin.py:190} INFO - [2025-04-21T18:12:19.110+0000] {dag.py:4180} INFO - Setting next_dagrun for real_estate_pipeline to 2025-04-20 23:00:00+00:00, run_after=2025-04-21 23:00:00+00:00
[2025-04-21T18:12:19.192+0000] {processor.py:208} INFO - Processing /opt/airflow/dags/real_estate_dag.py took 1.114 seconds
[2025-04-21T18:12:49.758+0000] {processor.py:186} INFO - Started process (PID=144) to work on /opt/airflow/dags/real_estate_dag.py
[2025-04-21T18:12:49.762+0000] {processor.py:914} INFO - Processing file /opt/airflow/dags/real_estate_dag.py for tasks to queue
[2025-04-21T18:12:49.767+0000] {logging_mixin.py:190} INFO - [2025-04-21T18:12:49.767+0000] {dagbag.py:588} INFO - Filling up the DagBag from /opt/airflow/dags/real_estate_dag.py
[2025-04-21T18:12:51.244+0000] {processor.py:925} INFO - DAG(s) 'real_estate_pipeline' retrieved from /opt/airflow/dags/real_estate_dag.py
[2025-04-21T18:12:51.293+0000] {logging_mixin.py:190} INFO - [2025-04-21T18:12:51.292+0000] {dag.py:3239} INFO - Sync 1 DAGs
[2025-04-21T18:12:51.338+0000] {logging_mixin.py:190} INFO - [2025-04-21T18:12:51.338+0000] {dag.py:4180} INFO - Setting next_dagrun for real_estate_pipeline to 2025-04-20 23:00:00+00:00, run_after=2025-04-21 23:00:00+00:00
[2025-04-21T18:12:51.474+0000] {processor.py:208} INFO - Processing /opt/airflow/dags/real_estate_dag.py took 1.726 seconds
[2025-04-21T18:13:22.145+0000] {processor.py:186} INFO - Started process (PID=146) to work on /opt/airflow/dags/real_estate_dag.py
[2025-04-21T18:13:22.147+0000] {processor.py:914} INFO - Processing file /opt/airflow/dags/real_estate_dag.py for tasks to queue
[2025-04-21T18:13:22.152+0000] {logging_mixin.py:190} INFO - [2025-04-21T18:13:22.151+0000] {dagbag.py:588} INFO - Filling up the DagBag from /opt/airflow/dags/real_estate_dag.py
[2025-04-21T18:13:23.239+0000] {processor.py:925} INFO - DAG(s) 'real_estate_pipeline' retrieved from /opt/airflow/dags/real_estate_dag.py
[2025-04-21T18:13:23.288+0000] {logging_mixin.py:190} INFO - [2025-04-21T18:13:23.287+0000] {dag.py:3239} INFO - Sync 1 DAGs
[2025-04-21T18:13:23.325+0000] {logging_mixin.py:190} INFO - [2025-04-21T18:13:23.324+0000] {dag.py:4180} INFO - Setting next_dagrun for real_estate_pipeline to 2025-04-20 23:00:00+00:00, run_after=2025-04-21 23:00:00+00:00
[2025-04-21T18:13:23.398+0000] {processor.py:208} INFO - Processing /opt/airflow/dags/real_estate_dag.py took 1.261 seconds
[2025-04-21T18:13:54.177+0000] {processor.py:186} INFO - Started process (PID=148) to work on /opt/airflow/dags/real_estate_dag.py
[2025-04-21T18:13:54.179+0000] {processor.py:914} INFO - Processing file /opt/airflow/dags/real_estate_dag.py for tasks to queue
[2025-04-21T18:13:54.184+0000] {logging_mixin.py:190} INFO - [2025-04-21T18:13:54.183+0000] {dagbag.py:588} INFO - Filling up the DagBag from /opt/airflow/dags/real_estate_dag.py
[2025-04-21T18:13:55.040+0000] {processor.py:925} INFO - DAG(s) 'real_estate_pipeline' retrieved from /opt/airflow/dags/real_estate_dag.py
[2025-04-21T18:13:55.119+0000] {logging_mixin.py:190} INFO - [2025-04-21T18:13:55.118+0000] {dag.py:3239} INFO - Sync 1 DAGs
[2025-04-21T18:13:55.190+0000] {logging_mixin.py:190} INFO - [2025-04-21T18:13:55.190+0000] {dag.py:4180} INFO - Setting next_dagrun for real_estate_pipeline to 2025-04-20 23:00:00+00:00, run_after=2025-04-21 23:00:00+00:00
[2025-04-21T18:13:55.342+0000] {processor.py:208} INFO - Processing /opt/airflow/dags/real_estate_dag.py took 1.174 seconds
[2025-04-21T18:14:25.769+0000] {processor.py:186} INFO - Started process (PID=150) to work on /opt/airflow/dags/real_estate_dag.py
[2025-04-21T18:14:25.771+0000] {processor.py:914} INFO - Processing file /opt/airflow/dags/real_estate_dag.py for tasks to queue
[2025-04-21T18:14:25.775+0000] {logging_mixin.py:190} INFO - [2025-04-21T18:14:25.774+0000] {dagbag.py:588} INFO - Filling up the DagBag from /opt/airflow/dags/real_estate_dag.py
[2025-04-21T18:14:26.815+0000] {processor.py:925} INFO - DAG(s) 'real_estate_pipeline' retrieved from /opt/airflow/dags/real_estate_dag.py
[2025-04-21T18:14:26.859+0000] {logging_mixin.py:190} INFO - [2025-04-21T18:14:26.858+0000] {dag.py:3239} INFO - Sync 1 DAGs
[2025-04-21T18:14:26.889+0000] {logging_mixin.py:190} INFO - [2025-04-21T18:14:26.888+0000] {dag.py:4180} INFO - Setting next_dagrun for real_estate_pipeline to 2025-04-20 23:00:00+00:00, run_after=2025-04-21 23:00:00+00:00
[2025-04-21T18:14:26.949+0000] {processor.py:208} INFO - Processing /opt/airflow/dags/real_estate_dag.py took 1.190 seconds
[2025-04-21T18:14:57.320+0000] {processor.py:186} INFO - Started process (PID=152) to work on /opt/airflow/dags/real_estate_dag.py
[2025-04-21T18:14:57.326+0000] {processor.py:914} INFO - Processing file /opt/airflow/dags/real_estate_dag.py for tasks to queue
[2025-04-21T18:14:57.336+0000] {logging_mixin.py:190} INFO - [2025-04-21T18:14:57.336+0000] {dagbag.py:588} INFO - Filling up the DagBag from /opt/airflow/dags/real_estate_dag.py
[2025-04-21T18:14:58.634+0000] {processor.py:925} INFO - DAG(s) 'real_estate_pipeline' retrieved from /opt/airflow/dags/real_estate_dag.py
[2025-04-21T18:14:58.685+0000] {logging_mixin.py:190} INFO - [2025-04-21T18:14:58.684+0000] {dag.py:3239} INFO - Sync 1 DAGs
[2025-04-21T18:14:58.726+0000] {logging_mixin.py:190} INFO - [2025-04-21T18:14:58.725+0000] {dag.py:4180} INFO - Setting next_dagrun for real_estate_pipeline to 2025-04-20 23:00:00+00:00, run_after=2025-04-21 23:00:00+00:00
[2025-04-21T18:14:58.789+0000] {processor.py:208} INFO - Processing /opt/airflow/dags/real_estate_dag.py took 1.484 seconds
[2025-04-21T18:15:29.177+0000] {processor.py:186} INFO - Started process (PID=154) to work on /opt/airflow/dags/real_estate_dag.py
[2025-04-21T18:15:29.179+0000] {processor.py:914} INFO - Processing file /opt/airflow/dags/real_estate_dag.py for tasks to queue
[2025-04-21T18:15:29.182+0000] {logging_mixin.py:190} INFO - [2025-04-21T18:15:29.182+0000] {dagbag.py:588} INFO - Filling up the DagBag from /opt/airflow/dags/real_estate_dag.py
[2025-04-21T18:15:30.241+0000] {processor.py:925} INFO - DAG(s) 'real_estate_pipeline' retrieved from /opt/airflow/dags/real_estate_dag.py
[2025-04-21T18:15:30.348+0000] {logging_mixin.py:190} INFO - [2025-04-21T18:15:30.346+0000] {dag.py:3239} INFO - Sync 1 DAGs
[2025-04-21T18:15:30.430+0000] {logging_mixin.py:190} INFO - [2025-04-21T18:15:30.430+0000] {dag.py:4180} INFO - Setting next_dagrun for real_estate_pipeline to 2025-04-20 23:00:00+00:00, run_after=2025-04-21 23:00:00+00:00
[2025-04-21T18:15:30.583+0000] {processor.py:208} INFO - Processing /opt/airflow/dags/real_estate_dag.py took 1.413 seconds
[2025-04-21T18:16:01.071+0000] {processor.py:186} INFO - Started process (PID=156) to work on /opt/airflow/dags/real_estate_dag.py
[2025-04-21T18:16:01.073+0000] {processor.py:914} INFO - Processing file /opt/airflow/dags/real_estate_dag.py for tasks to queue
[2025-04-21T18:16:01.076+0000] {logging_mixin.py:190} INFO - [2025-04-21T18:16:01.076+0000] {dagbag.py:588} INFO - Filling up the DagBag from /opt/airflow/dags/real_estate_dag.py
[2025-04-21T18:16:02.254+0000] {processor.py:925} INFO - DAG(s) 'real_estate_pipeline' retrieved from /opt/airflow/dags/real_estate_dag.py
[2025-04-21T18:16:02.299+0000] {logging_mixin.py:190} INFO - [2025-04-21T18:16:02.298+0000] {dag.py:3239} INFO - Sync 1 DAGs
[2025-04-21T18:16:02.349+0000] {logging_mixin.py:190} INFO - [2025-04-21T18:16:02.348+0000] {dag.py:4180} INFO - Setting next_dagrun for real_estate_pipeline to 2025-04-20 23:00:00+00:00, run_after=2025-04-21 23:00:00+00:00
[2025-04-21T18:16:02.511+0000] {processor.py:208} INFO - Processing /opt/airflow/dags/real_estate_dag.py took 1.447 seconds
[2025-04-21T18:16:32.890+0000] {processor.py:186} INFO - Started process (PID=158) to work on /opt/airflow/dags/real_estate_dag.py
[2025-04-21T18:16:32.893+0000] {processor.py:914} INFO - Processing file /opt/airflow/dags/real_estate_dag.py for tasks to queue
[2025-04-21T18:16:32.897+0000] {logging_mixin.py:190} INFO - [2025-04-21T18:16:32.896+0000] {dagbag.py:588} INFO - Filling up the DagBag from /opt/airflow/dags/real_estate_dag.py
[2025-04-21T18:16:34.237+0000] {processor.py:925} INFO - DAG(s) 'real_estate_pipeline' retrieved from /opt/airflow/dags/real_estate_dag.py
[2025-04-21T18:16:34.308+0000] {logging_mixin.py:190} INFO - [2025-04-21T18:16:34.307+0000] {dag.py:3239} INFO - Sync 1 DAGs
[2025-04-21T18:16:34.359+0000] {logging_mixin.py:190} INFO - [2025-04-21T18:16:34.358+0000] {dag.py:4180} INFO - Setting next_dagrun for real_estate_pipeline to 2025-04-20 23:00:00+00:00, run_after=2025-04-21 23:00:00+00:00
[2025-04-21T18:16:34.565+0000] {processor.py:208} INFO - Processing /opt/airflow/dags/real_estate_dag.py took 1.683 seconds
[2025-04-21T18:17:04.943+0000] {processor.py:186} INFO - Started process (PID=160) to work on /opt/airflow/dags/real_estate_dag.py
[2025-04-21T18:17:04.945+0000] {processor.py:914} INFO - Processing file /opt/airflow/dags/real_estate_dag.py for tasks to queue
[2025-04-21T18:17:04.948+0000] {logging_mixin.py:190} INFO - [2025-04-21T18:17:04.948+0000] {dagbag.py:588} INFO - Filling up the DagBag from /opt/airflow/dags/real_estate_dag.py
[2025-04-21T18:17:06.029+0000] {processor.py:925} INFO - DAG(s) 'real_estate_pipeline' retrieved from /opt/airflow/dags/real_estate_dag.py
[2025-04-21T18:17:06.088+0000] {logging_mixin.py:190} INFO - [2025-04-21T18:17:06.088+0000] {dag.py:3239} INFO - Sync 1 DAGs
[2025-04-21T18:17:06.133+0000] {logging_mixin.py:190} INFO - [2025-04-21T18:17:06.133+0000] {dag.py:4180} INFO - Setting next_dagrun for real_estate_pipeline to 2025-04-20 23:00:00+00:00, run_after=2025-04-21 23:00:00+00:00
[2025-04-21T18:17:06.259+0000] {processor.py:208} INFO - Processing /opt/airflow/dags/real_estate_dag.py took 1.322 seconds
[2025-04-21T18:17:36.825+0000] {processor.py:186} INFO - Started process (PID=162) to work on /opt/airflow/dags/real_estate_dag.py
[2025-04-21T18:17:36.826+0000] {processor.py:914} INFO - Processing file /opt/airflow/dags/real_estate_dag.py for tasks to queue
[2025-04-21T18:17:36.830+0000] {logging_mixin.py:190} INFO - [2025-04-21T18:17:36.830+0000] {dagbag.py:588} INFO - Filling up the DagBag from /opt/airflow/dags/real_estate_dag.py
[2025-04-21T18:17:37.827+0000] {processor.py:925} INFO - DAG(s) 'real_estate_pipeline' retrieved from /opt/airflow/dags/real_estate_dag.py
[2025-04-21T18:17:37.886+0000] {logging_mixin.py:190} INFO - [2025-04-21T18:17:37.885+0000] {dag.py:3239} INFO - Sync 1 DAGs
[2025-04-21T18:17:37.945+0000] {logging_mixin.py:190} INFO - [2025-04-21T18:17:37.944+0000] {dag.py:4180} INFO - Setting next_dagrun for real_estate_pipeline to 2025-04-20 23:00:00+00:00, run_after=2025-04-21 23:00:00+00:00
[2025-04-21T18:17:38.083+0000] {processor.py:208} INFO - Processing /opt/airflow/dags/real_estate_dag.py took 1.265 seconds
[2025-04-21T18:18:08.541+0000] {processor.py:186} INFO - Started process (PID=164) to work on /opt/airflow/dags/real_estate_dag.py
[2025-04-21T18:18:08.543+0000] {processor.py:914} INFO - Processing file /opt/airflow/dags/real_estate_dag.py for tasks to queue
[2025-04-21T18:18:08.545+0000] {logging_mixin.py:190} INFO - [2025-04-21T18:18:08.545+0000] {dagbag.py:588} INFO - Filling up the DagBag from /opt/airflow/dags/real_estate_dag.py
[2025-04-21T18:18:09.809+0000] {processor.py:925} INFO - DAG(s) 'real_estate_pipeline' retrieved from /opt/airflow/dags/real_estate_dag.py
[2025-04-21T18:18:09.859+0000] {logging_mixin.py:190} INFO - [2025-04-21T18:18:09.858+0000] {dag.py:3239} INFO - Sync 1 DAGs
[2025-04-21T18:18:09.898+0000] {logging_mixin.py:190} INFO - [2025-04-21T18:18:09.897+0000] {dag.py:4180} INFO - Setting next_dagrun for real_estate_pipeline to 2025-04-20 23:00:00+00:00, run_after=2025-04-21 23:00:00+00:00
[2025-04-21T18:18:09.967+0000] {processor.py:208} INFO - Processing /opt/airflow/dags/real_estate_dag.py took 1.432 seconds
[2025-04-21T18:18:40.512+0000] {processor.py:186} INFO - Started process (PID=166) to work on /opt/airflow/dags/real_estate_dag.py
[2025-04-21T18:18:40.514+0000] {processor.py:914} INFO - Processing file /opt/airflow/dags/real_estate_dag.py for tasks to queue
[2025-04-21T18:18:40.516+0000] {logging_mixin.py:190} INFO - [2025-04-21T18:18:40.516+0000] {dagbag.py:588} INFO - Filling up the DagBag from /opt/airflow/dags/real_estate_dag.py
[2025-04-21T18:18:41.723+0000] {processor.py:925} INFO - DAG(s) 'real_estate_pipeline' retrieved from /opt/airflow/dags/real_estate_dag.py
[2025-04-21T18:18:41.779+0000] {logging_mixin.py:190} INFO - [2025-04-21T18:18:41.778+0000] {dag.py:3239} INFO - Sync 1 DAGs
[2025-04-21T18:18:41.822+0000] {logging_mixin.py:190} INFO - [2025-04-21T18:18:41.822+0000] {dag.py:4180} INFO - Setting next_dagrun for real_estate_pipeline to 2025-04-20 23:00:00+00:00, run_after=2025-04-21 23:00:00+00:00
[2025-04-21T18:18:41.913+0000] {processor.py:208} INFO - Processing /opt/airflow/dags/real_estate_dag.py took 1.407 seconds
[2025-04-21T18:19:12.160+0000] {processor.py:186} INFO - Started process (PID=168) to work on /opt/airflow/dags/real_estate_dag.py
[2025-04-21T18:19:12.162+0000] {processor.py:914} INFO - Processing file /opt/airflow/dags/real_estate_dag.py for tasks to queue
[2025-04-21T18:19:12.164+0000] {logging_mixin.py:190} INFO - [2025-04-21T18:19:12.164+0000] {dagbag.py:588} INFO - Filling up the DagBag from /opt/airflow/dags/real_estate_dag.py
[2025-04-21T18:19:13.311+0000] {processor.py:925} INFO - DAG(s) 'real_estate_pipeline' retrieved from /opt/airflow/dags/real_estate_dag.py
[2025-04-21T18:19:13.352+0000] {logging_mixin.py:190} INFO - [2025-04-21T18:19:13.351+0000] {dag.py:3239} INFO - Sync 1 DAGs
[2025-04-21T18:19:13.388+0000] {logging_mixin.py:190} INFO - [2025-04-21T18:19:13.388+0000] {dag.py:4180} INFO - Setting next_dagrun for real_estate_pipeline to 2025-04-20 23:00:00+00:00, run_after=2025-04-21 23:00:00+00:00
[2025-04-21T18:19:13.454+0000] {processor.py:208} INFO - Processing /opt/airflow/dags/real_estate_dag.py took 1.300 seconds
[2025-04-21T18:19:43.996+0000] {processor.py:186} INFO - Started process (PID=170) to work on /opt/airflow/dags/real_estate_dag.py
[2025-04-21T18:19:43.997+0000] {processor.py:914} INFO - Processing file /opt/airflow/dags/real_estate_dag.py for tasks to queue
[2025-04-21T18:19:44.002+0000] {logging_mixin.py:190} INFO - [2025-04-21T18:19:44.001+0000] {dagbag.py:588} INFO - Filling up the DagBag from /opt/airflow/dags/real_estate_dag.py
[2025-04-21T18:19:45.212+0000] {processor.py:925} INFO - DAG(s) 'real_estate_pipeline' retrieved from /opt/airflow/dags/real_estate_dag.py
[2025-04-21T18:19:45.252+0000] {logging_mixin.py:190} INFO - [2025-04-21T18:19:45.251+0000] {dag.py:3239} INFO - Sync 1 DAGs
[2025-04-21T18:19:45.286+0000] {logging_mixin.py:190} INFO - [2025-04-21T18:19:45.286+0000] {dag.py:4180} INFO - Setting next_dagrun for real_estate_pipeline to 2025-04-20 23:00:00+00:00, run_after=2025-04-21 23:00:00+00:00
[2025-04-21T18:19:45.397+0000] {processor.py:208} INFO - Processing /opt/airflow/dags/real_estate_dag.py took 1.411 seconds
[2025-04-21T18:20:16.219+0000] {processor.py:186} INFO - Started process (PID=172) to work on /opt/airflow/dags/real_estate_dag.py
[2025-04-21T18:20:16.221+0000] {processor.py:914} INFO - Processing file /opt/airflow/dags/real_estate_dag.py for tasks to queue
[2025-04-21T18:20:16.224+0000] {logging_mixin.py:190} INFO - [2025-04-21T18:20:16.224+0000] {dagbag.py:588} INFO - Filling up the DagBag from /opt/airflow/dags/real_estate_dag.py
[2025-04-21T18:20:17.563+0000] {processor.py:925} INFO - DAG(s) 'real_estate_pipeline' retrieved from /opt/airflow/dags/real_estate_dag.py
[2025-04-21T18:20:17.610+0000] {logging_mixin.py:190} INFO - [2025-04-21T18:20:17.610+0000] {dag.py:3239} INFO - Sync 1 DAGs
[2025-04-21T18:20:17.643+0000] {logging_mixin.py:190} INFO - [2025-04-21T18:20:17.643+0000] {dag.py:4180} INFO - Setting next_dagrun for real_estate_pipeline to 2025-04-20 23:00:00+00:00, run_after=2025-04-21 23:00:00+00:00
[2025-04-21T18:20:17.796+0000] {processor.py:208} INFO - Processing /opt/airflow/dags/real_estate_dag.py took 1.583 seconds
[2025-04-21T18:20:48.469+0000] {processor.py:186} INFO - Started process (PID=174) to work on /opt/airflow/dags/real_estate_dag.py
[2025-04-21T18:20:48.470+0000] {processor.py:914} INFO - Processing file /opt/airflow/dags/real_estate_dag.py for tasks to queue
[2025-04-21T18:20:48.473+0000] {logging_mixin.py:190} INFO - [2025-04-21T18:20:48.473+0000] {dagbag.py:588} INFO - Filling up the DagBag from /opt/airflow/dags/real_estate_dag.py
[2025-04-21T18:20:49.462+0000] {processor.py:925} INFO - DAG(s) 'real_estate_pipeline' retrieved from /opt/airflow/dags/real_estate_dag.py
[2025-04-21T18:20:49.521+0000] {logging_mixin.py:190} INFO - [2025-04-21T18:20:49.520+0000] {dag.py:3239} INFO - Sync 1 DAGs
[2025-04-21T18:20:49.559+0000] {logging_mixin.py:190} INFO - [2025-04-21T18:20:49.559+0000] {dag.py:4180} INFO - Setting next_dagrun for real_estate_pipeline to 2025-04-20 23:00:00+00:00, run_after=2025-04-21 23:00:00+00:00
[2025-04-21T18:20:49.672+0000] {processor.py:208} INFO - Processing /opt/airflow/dags/real_estate_dag.py took 1.210 seconds
[2025-04-21T18:21:20.021+0000] {processor.py:186} INFO - Started process (PID=176) to work on /opt/airflow/dags/real_estate_dag.py
[2025-04-21T18:21:20.024+0000] {processor.py:914} INFO - Processing file /opt/airflow/dags/real_estate_dag.py for tasks to queue
[2025-04-21T18:21:20.029+0000] {logging_mixin.py:190} INFO - [2025-04-21T18:21:20.028+0000] {dagbag.py:588} INFO - Filling up the DagBag from /opt/airflow/dags/real_estate_dag.py
[2025-04-21T18:21:21.136+0000] {processor.py:925} INFO - DAG(s) 'real_estate_pipeline' retrieved from /opt/airflow/dags/real_estate_dag.py
[2025-04-21T18:21:21.175+0000] {logging_mixin.py:190} INFO - [2025-04-21T18:21:21.174+0000] {dag.py:3239} INFO - Sync 1 DAGs
[2025-04-21T18:21:21.215+0000] {logging_mixin.py:190} INFO - [2025-04-21T18:21:21.215+0000] {dag.py:4180} INFO - Setting next_dagrun for real_estate_pipeline to 2025-04-20 23:00:00+00:00, run_after=2025-04-21 23:00:00+00:00
[2025-04-21T18:21:21.396+0000] {processor.py:208} INFO - Processing /opt/airflow/dags/real_estate_dag.py took 1.387 seconds
[2025-04-21T18:21:51.820+0000] {processor.py:186} INFO - Started process (PID=178) to work on /opt/airflow/dags/real_estate_dag.py
[2025-04-21T18:21:51.823+0000] {processor.py:914} INFO - Processing file /opt/airflow/dags/real_estate_dag.py for tasks to queue
[2025-04-21T18:21:51.827+0000] {logging_mixin.py:190} INFO - [2025-04-21T18:21:51.826+0000] {dagbag.py:588} INFO - Filling up the DagBag from /opt/airflow/dags/real_estate_dag.py
[2025-04-21T18:21:52.794+0000] {processor.py:925} INFO - DAG(s) 'real_estate_pipeline' retrieved from /opt/airflow/dags/real_estate_dag.py
[2025-04-21T18:21:52.838+0000] {logging_mixin.py:190} INFO - [2025-04-21T18:21:52.837+0000] {dag.py:3239} INFO - Sync 1 DAGs
[2025-04-21T18:21:52.886+0000] {logging_mixin.py:190} INFO - [2025-04-21T18:21:52.885+0000] {dag.py:4180} INFO - Setting next_dagrun for real_estate_pipeline to 2025-04-20 23:00:00+00:00, run_after=2025-04-21 23:00:00+00:00
[2025-04-21T18:21:53.022+0000] {processor.py:208} INFO - Processing /opt/airflow/dags/real_estate_dag.py took 1.217 seconds
[2025-04-21T18:22:23.571+0000] {processor.py:186} INFO - Started process (PID=180) to work on /opt/airflow/dags/real_estate_dag.py
[2025-04-21T18:22:23.573+0000] {processor.py:914} INFO - Processing file /opt/airflow/dags/real_estate_dag.py for tasks to queue
[2025-04-21T18:22:23.576+0000] {logging_mixin.py:190} INFO - [2025-04-21T18:22:23.576+0000] {dagbag.py:588} INFO - Filling up the DagBag from /opt/airflow/dags/real_estate_dag.py
[2025-04-21T18:22:24.782+0000] {processor.py:925} INFO - DAG(s) 'real_estate_pipeline' retrieved from /opt/airflow/dags/real_estate_dag.py
[2025-04-21T18:22:24.810+0000] {logging_mixin.py:190} INFO - [2025-04-21T18:22:24.810+0000] {dag.py:3239} INFO - Sync 1 DAGs
[2025-04-21T18:22:24.838+0000] {logging_mixin.py:190} INFO - [2025-04-21T18:22:24.838+0000] {dag.py:4180} INFO - Setting next_dagrun for real_estate_pipeline to 2025-04-20 23:00:00+00:00, run_after=2025-04-21 23:00:00+00:00
[2025-04-21T18:22:24.908+0000] {processor.py:208} INFO - Processing /opt/airflow/dags/real_estate_dag.py took 1.345 seconds
[2025-04-21T18:22:55.422+0000] {processor.py:186} INFO - Started process (PID=182) to work on /opt/airflow/dags/real_estate_dag.py
[2025-04-21T18:22:55.424+0000] {processor.py:914} INFO - Processing file /opt/airflow/dags/real_estate_dag.py for tasks to queue
[2025-04-21T18:22:55.428+0000] {logging_mixin.py:190} INFO - [2025-04-21T18:22:55.427+0000] {dagbag.py:588} INFO - Filling up the DagBag from /opt/airflow/dags/real_estate_dag.py
[2025-04-21T18:22:56.636+0000] {processor.py:925} INFO - DAG(s) 'real_estate_pipeline' retrieved from /opt/airflow/dags/real_estate_dag.py
[2025-04-21T18:22:56.711+0000] {logging_mixin.py:190} INFO - [2025-04-21T18:22:56.711+0000] {dag.py:3239} INFO - Sync 1 DAGs
[2025-04-21T18:22:56.775+0000] {logging_mixin.py:190} INFO - [2025-04-21T18:22:56.775+0000] {dag.py:4180} INFO - Setting next_dagrun for real_estate_pipeline to 2025-04-20 23:00:00+00:00, run_after=2025-04-21 23:00:00+00:00
[2025-04-21T18:22:56.840+0000] {processor.py:208} INFO - Processing /opt/airflow/dags/real_estate_dag.py took 1.427 seconds
[2025-04-21T18:23:27.279+0000] {processor.py:186} INFO - Started process (PID=184) to work on /opt/airflow/dags/real_estate_dag.py
[2025-04-21T18:23:27.280+0000] {processor.py:914} INFO - Processing file /opt/airflow/dags/real_estate_dag.py for tasks to queue
[2025-04-21T18:23:27.284+0000] {logging_mixin.py:190} INFO - [2025-04-21T18:23:27.284+0000] {dagbag.py:588} INFO - Filling up the DagBag from /opt/airflow/dags/real_estate_dag.py
[2025-04-21T18:23:28.486+0000] {processor.py:925} INFO - DAG(s) 'real_estate_pipeline' retrieved from /opt/airflow/dags/real_estate_dag.py
[2025-04-21T18:23:28.534+0000] {logging_mixin.py:190} INFO - [2025-04-21T18:23:28.534+0000] {dag.py:3239} INFO - Sync 1 DAGs
[2025-04-21T18:23:28.578+0000] {logging_mixin.py:190} INFO - [2025-04-21T18:23:28.577+0000] {dag.py:4180} INFO - Setting next_dagrun for real_estate_pipeline to 2025-04-20 23:00:00+00:00, run_after=2025-04-21 23:00:00+00:00
[2025-04-21T18:23:28.762+0000] {processor.py:208} INFO - Processing /opt/airflow/dags/real_estate_dag.py took 1.491 seconds
