[2025-04-10T11:42:13.188+0000] {processor.py:186} INFO - Started process (PID=424) to work on /opt/airflow/dags/real_estate_dag.py
[2025-04-10T11:42:13.191+0000] {processor.py:914} INFO - Processing file /opt/airflow/dags/real_estate_dag.py for tasks to queue
[2025-04-10T11:42:13.201+0000] {logging_mixin.py:190} INFO - [2025-04-10T11:42:13.201+0000] {dagbag.py:588} INFO - Filling up the DagBag from /opt/airflow/dags/real_estate_dag.py
[2025-04-10T11:42:14.035+0000] {processor.py:925} INFO - DAG(s) 'real_estate_pipeline' retrieved from /opt/airflow/dags/real_estate_dag.py
[2025-04-10T11:42:14.792+0000] {logging_mixin.py:190} INFO - [2025-04-10T11:42:14.791+0000] {dag.py:3239} INFO - Sync 1 DAGs
[2025-04-10T11:42:14.915+0000] {logging_mixin.py:190} INFO - [2025-04-10T11:42:14.914+0000] {dag.py:4180} INFO - Setting next_dagrun for real_estate_pipeline to 2025-04-09 23:00:00+00:00, run_after=2025-04-10 23:00:00+00:00
[2025-04-10T11:42:15.034+0000] {processor.py:208} INFO - Processing /opt/airflow/dags/real_estate_dag.py took 1.855 seconds
[2025-04-10T11:42:45.549+0000] {processor.py:186} INFO - Started process (PID=426) to work on /opt/airflow/dags/real_estate_dag.py
[2025-04-10T11:42:45.551+0000] {processor.py:914} INFO - Processing file /opt/airflow/dags/real_estate_dag.py for tasks to queue
[2025-04-10T11:42:45.553+0000] {logging_mixin.py:190} INFO - [2025-04-10T11:42:45.553+0000] {dagbag.py:588} INFO - Filling up the DagBag from /opt/airflow/dags/real_estate_dag.py
[2025-04-10T11:42:46.547+0000] {processor.py:925} INFO - DAG(s) 'real_estate_pipeline' retrieved from /opt/airflow/dags/real_estate_dag.py
[2025-04-10T11:42:46.573+0000] {logging_mixin.py:190} INFO - [2025-04-10T11:42:46.573+0000] {dag.py:3239} INFO - Sync 1 DAGs
[2025-04-10T11:42:46.607+0000] {logging_mixin.py:190} INFO - [2025-04-10T11:42:46.607+0000] {dag.py:4180} INFO - Setting next_dagrun for real_estate_pipeline to 2025-04-09 23:00:00+00:00, run_after=2025-04-10 23:00:00+00:00
[2025-04-10T11:42:46.736+0000] {processor.py:208} INFO - Processing /opt/airflow/dags/real_estate_dag.py took 1.193 seconds
[2025-04-10T11:43:17.322+0000] {processor.py:186} INFO - Started process (PID=428) to work on /opt/airflow/dags/real_estate_dag.py
[2025-04-10T11:43:17.325+0000] {processor.py:914} INFO - Processing file /opt/airflow/dags/real_estate_dag.py for tasks to queue
[2025-04-10T11:43:17.327+0000] {logging_mixin.py:190} INFO - [2025-04-10T11:43:17.327+0000] {dagbag.py:588} INFO - Filling up the DagBag from /opt/airflow/dags/real_estate_dag.py
[2025-04-10T11:43:18.275+0000] {processor.py:925} INFO - DAG(s) 'real_estate_pipeline' retrieved from /opt/airflow/dags/real_estate_dag.py
[2025-04-10T11:43:18.325+0000] {logging_mixin.py:190} INFO - [2025-04-10T11:43:18.324+0000] {dag.py:3239} INFO - Sync 1 DAGs
[2025-04-10T11:43:18.367+0000] {logging_mixin.py:190} INFO - [2025-04-10T11:43:18.366+0000] {dag.py:4180} INFO - Setting next_dagrun for real_estate_pipeline to 2025-04-09 23:00:00+00:00, run_after=2025-04-10 23:00:00+00:00
[2025-04-10T11:43:18.492+0000] {processor.py:208} INFO - Processing /opt/airflow/dags/real_estate_dag.py took 1.175 seconds
[2025-04-10T11:43:49.097+0000] {processor.py:186} INFO - Started process (PID=430) to work on /opt/airflow/dags/real_estate_dag.py
[2025-04-10T11:43:49.098+0000] {processor.py:914} INFO - Processing file /opt/airflow/dags/real_estate_dag.py for tasks to queue
[2025-04-10T11:43:49.135+0000] {logging_mixin.py:190} INFO - [2025-04-10T11:43:49.131+0000] {dagbag.py:588} INFO - Filling up the DagBag from /opt/airflow/dags/real_estate_dag.py
[2025-04-10T11:43:50.281+0000] {processor.py:925} INFO - DAG(s) 'real_estate_pipeline' retrieved from /opt/airflow/dags/real_estate_dag.py
[2025-04-10T11:43:50.323+0000] {logging_mixin.py:190} INFO - [2025-04-10T11:43:50.323+0000] {dag.py:3239} INFO - Sync 1 DAGs
[2025-04-10T11:43:50.363+0000] {logging_mixin.py:190} INFO - [2025-04-10T11:43:50.362+0000] {dag.py:4180} INFO - Setting next_dagrun for real_estate_pipeline to 2025-04-09 23:00:00+00:00, run_after=2025-04-10 23:00:00+00:00
[2025-04-10T11:43:50.425+0000] {processor.py:208} INFO - Processing /opt/airflow/dags/real_estate_dag.py took 1.339 seconds
[2025-04-10T11:44:20.814+0000] {processor.py:186} INFO - Started process (PID=432) to work on /opt/airflow/dags/real_estate_dag.py
[2025-04-10T11:44:20.816+0000] {processor.py:914} INFO - Processing file /opt/airflow/dags/real_estate_dag.py for tasks to queue
[2025-04-10T11:44:20.819+0000] {logging_mixin.py:190} INFO - [2025-04-10T11:44:20.818+0000] {dagbag.py:588} INFO - Filling up the DagBag from /opt/airflow/dags/real_estate_dag.py
[2025-04-10T11:44:21.620+0000] {processor.py:925} INFO - DAG(s) 'real_estate_pipeline' retrieved from /opt/airflow/dags/real_estate_dag.py
[2025-04-10T11:44:21.674+0000] {logging_mixin.py:190} INFO - [2025-04-10T11:44:21.673+0000] {dag.py:3239} INFO - Sync 1 DAGs
[2025-04-10T11:44:21.710+0000] {logging_mixin.py:190} INFO - [2025-04-10T11:44:21.710+0000] {dag.py:4180} INFO - Setting next_dagrun for real_estate_pipeline to 2025-04-09 23:00:00+00:00, run_after=2025-04-10 23:00:00+00:00
[2025-04-10T11:44:21.781+0000] {processor.py:208} INFO - Processing /opt/airflow/dags/real_estate_dag.py took 0.972 seconds
[2025-04-10T11:44:52.277+0000] {processor.py:186} INFO - Started process (PID=434) to work on /opt/airflow/dags/real_estate_dag.py
[2025-04-10T11:44:52.284+0000] {processor.py:914} INFO - Processing file /opt/airflow/dags/real_estate_dag.py for tasks to queue
[2025-04-10T11:44:52.290+0000] {logging_mixin.py:190} INFO - [2025-04-10T11:44:52.289+0000] {dagbag.py:588} INFO - Filling up the DagBag from /opt/airflow/dags/real_estate_dag.py
[2025-04-10T11:44:53.645+0000] {processor.py:925} INFO - DAG(s) 'real_estate_pipeline' retrieved from /opt/airflow/dags/real_estate_dag.py
[2025-04-10T11:44:53.689+0000] {logging_mixin.py:190} INFO - [2025-04-10T11:44:53.688+0000] {dag.py:3239} INFO - Sync 1 DAGs
[2025-04-10T11:44:53.725+0000] {logging_mixin.py:190} INFO - [2025-04-10T11:44:53.725+0000] {dag.py:4180} INFO - Setting next_dagrun for real_estate_pipeline to 2025-04-09 23:00:00+00:00, run_after=2025-04-10 23:00:00+00:00
[2025-04-10T11:44:53.852+0000] {processor.py:208} INFO - Processing /opt/airflow/dags/real_estate_dag.py took 1.589 seconds
[2025-04-10T11:45:24.661+0000] {processor.py:186} INFO - Started process (PID=436) to work on /opt/airflow/dags/real_estate_dag.py
[2025-04-10T11:45:24.664+0000] {processor.py:914} INFO - Processing file /opt/airflow/dags/real_estate_dag.py for tasks to queue
[2025-04-10T11:45:24.673+0000] {logging_mixin.py:190} INFO - [2025-04-10T11:45:24.667+0000] {dagbag.py:588} INFO - Filling up the DagBag from /opt/airflow/dags/real_estate_dag.py
[2025-04-10T11:45:25.607+0000] {processor.py:925} INFO - DAG(s) 'real_estate_pipeline' retrieved from /opt/airflow/dags/real_estate_dag.py
[2025-04-10T11:45:25.651+0000] {logging_mixin.py:190} INFO - [2025-04-10T11:45:25.651+0000] {dag.py:3239} INFO - Sync 1 DAGs
[2025-04-10T11:45:25.685+0000] {logging_mixin.py:190} INFO - [2025-04-10T11:45:25.684+0000] {dag.py:4180} INFO - Setting next_dagrun for real_estate_pipeline to 2025-04-09 23:00:00+00:00, run_after=2025-04-10 23:00:00+00:00
[2025-04-10T11:45:25.773+0000] {processor.py:208} INFO - Processing /opt/airflow/dags/real_estate_dag.py took 1.120 seconds
[2025-04-10T11:45:56.133+0000] {processor.py:186} INFO - Started process (PID=438) to work on /opt/airflow/dags/real_estate_dag.py
[2025-04-10T11:45:56.135+0000] {processor.py:914} INFO - Processing file /opt/airflow/dags/real_estate_dag.py for tasks to queue
[2025-04-10T11:45:56.141+0000] {logging_mixin.py:190} INFO - [2025-04-10T11:45:56.140+0000] {dagbag.py:588} INFO - Filling up the DagBag from /opt/airflow/dags/real_estate_dag.py
[2025-04-10T11:45:56.910+0000] {processor.py:925} INFO - DAG(s) 'real_estate_pipeline' retrieved from /opt/airflow/dags/real_estate_dag.py
[2025-04-10T11:45:56.973+0000] {logging_mixin.py:190} INFO - [2025-04-10T11:45:56.973+0000] {dag.py:3239} INFO - Sync 1 DAGs
[2025-04-10T11:45:57.008+0000] {logging_mixin.py:190} INFO - [2025-04-10T11:45:57.008+0000] {dag.py:4180} INFO - Setting next_dagrun for real_estate_pipeline to 2025-04-09 23:00:00+00:00, run_after=2025-04-10 23:00:00+00:00
[2025-04-10T11:45:57.093+0000] {processor.py:208} INFO - Processing /opt/airflow/dags/real_estate_dag.py took 0.970 seconds
[2025-04-10T11:46:27.346+0000] {processor.py:186} INFO - Started process (PID=440) to work on /opt/airflow/dags/real_estate_dag.py
[2025-04-10T11:46:27.347+0000] {processor.py:914} INFO - Processing file /opt/airflow/dags/real_estate_dag.py for tasks to queue
[2025-04-10T11:46:27.350+0000] {logging_mixin.py:190} INFO - [2025-04-10T11:46:27.350+0000] {dagbag.py:588} INFO - Filling up the DagBag from /opt/airflow/dags/real_estate_dag.py
[2025-04-10T11:46:28.536+0000] {processor.py:925} INFO - DAG(s) 'real_estate_pipeline' retrieved from /opt/airflow/dags/real_estate_dag.py
[2025-04-10T11:46:28.597+0000] {logging_mixin.py:190} INFO - [2025-04-10T11:46:28.597+0000] {dag.py:3239} INFO - Sync 1 DAGs
[2025-04-10T11:46:28.647+0000] {logging_mixin.py:190} INFO - [2025-04-10T11:46:28.646+0000] {dag.py:4180} INFO - Setting next_dagrun for real_estate_pipeline to 2025-04-09 23:00:00+00:00, run_after=2025-04-10 23:00:00+00:00
[2025-04-10T11:46:28.733+0000] {processor.py:208} INFO - Processing /opt/airflow/dags/real_estate_dag.py took 1.395 seconds
[2025-04-10T11:46:59.347+0000] {processor.py:186} INFO - Started process (PID=442) to work on /opt/airflow/dags/real_estate_dag.py
[2025-04-10T11:46:59.358+0000] {processor.py:914} INFO - Processing file /opt/airflow/dags/real_estate_dag.py for tasks to queue
[2025-04-10T11:46:59.362+0000] {logging_mixin.py:190} INFO - [2025-04-10T11:46:59.361+0000] {dagbag.py:588} INFO - Filling up the DagBag from /opt/airflow/dags/real_estate_dag.py
[2025-04-10T11:47:00.351+0000] {processor.py:925} INFO - DAG(s) 'real_estate_pipeline' retrieved from /opt/airflow/dags/real_estate_dag.py
[2025-04-10T11:47:00.398+0000] {logging_mixin.py:190} INFO - [2025-04-10T11:47:00.397+0000] {dag.py:3239} INFO - Sync 1 DAGs
[2025-04-10T11:47:00.437+0000] {logging_mixin.py:190} INFO - [2025-04-10T11:47:00.437+0000] {dag.py:4180} INFO - Setting next_dagrun for real_estate_pipeline to 2025-04-09 23:00:00+00:00, run_after=2025-04-10 23:00:00+00:00
[2025-04-10T11:47:00.522+0000] {processor.py:208} INFO - Processing /opt/airflow/dags/real_estate_dag.py took 1.187 seconds
[2025-04-10T11:47:31.002+0000] {processor.py:186} INFO - Started process (PID=444) to work on /opt/airflow/dags/real_estate_dag.py
[2025-04-10T11:47:31.015+0000] {processor.py:914} INFO - Processing file /opt/airflow/dags/real_estate_dag.py for tasks to queue
[2025-04-10T11:47:31.038+0000] {logging_mixin.py:190} INFO - [2025-04-10T11:47:31.037+0000] {dagbag.py:588} INFO - Filling up the DagBag from /opt/airflow/dags/real_estate_dag.py
[2025-04-10T11:47:32.014+0000] {processor.py:925} INFO - DAG(s) 'real_estate_pipeline' retrieved from /opt/airflow/dags/real_estate_dag.py
[2025-04-10T11:47:32.061+0000] {logging_mixin.py:190} INFO - [2025-04-10T11:47:32.060+0000] {dag.py:3239} INFO - Sync 1 DAGs
[2025-04-10T11:47:32.102+0000] {logging_mixin.py:190} INFO - [2025-04-10T11:47:32.101+0000] {dag.py:4180} INFO - Setting next_dagrun for real_estate_pipeline to 2025-04-09 23:00:00+00:00, run_after=2025-04-10 23:00:00+00:00
[2025-04-10T11:47:32.202+0000] {processor.py:208} INFO - Processing /opt/airflow/dags/real_estate_dag.py took 1.215 seconds
[2025-04-10T11:48:02.904+0000] {processor.py:186} INFO - Started process (PID=446) to work on /opt/airflow/dags/real_estate_dag.py
[2025-04-10T11:48:02.906+0000] {processor.py:914} INFO - Processing file /opt/airflow/dags/real_estate_dag.py for tasks to queue
[2025-04-10T11:48:02.911+0000] {logging_mixin.py:190} INFO - [2025-04-10T11:48:02.910+0000] {dagbag.py:588} INFO - Filling up the DagBag from /opt/airflow/dags/real_estate_dag.py
[2025-04-10T11:48:03.721+0000] {processor.py:925} INFO - DAG(s) 'real_estate_pipeline' retrieved from /opt/airflow/dags/real_estate_dag.py
[2025-04-10T11:48:03.756+0000] {logging_mixin.py:190} INFO - [2025-04-10T11:48:03.755+0000] {dag.py:3239} INFO - Sync 1 DAGs
[2025-04-10T11:48:03.785+0000] {logging_mixin.py:190} INFO - [2025-04-10T11:48:03.784+0000] {dag.py:4180} INFO - Setting next_dagrun for real_estate_pipeline to 2025-04-09 23:00:00+00:00, run_after=2025-04-10 23:00:00+00:00
[2025-04-10T11:48:03.857+0000] {processor.py:208} INFO - Processing /opt/airflow/dags/real_estate_dag.py took 0.959 seconds
[2025-04-10T11:48:34.144+0000] {processor.py:186} INFO - Started process (PID=448) to work on /opt/airflow/dags/real_estate_dag.py
[2025-04-10T11:48:34.146+0000] {processor.py:914} INFO - Processing file /opt/airflow/dags/real_estate_dag.py for tasks to queue
[2025-04-10T11:48:34.150+0000] {logging_mixin.py:190} INFO - [2025-04-10T11:48:34.149+0000] {dagbag.py:588} INFO - Filling up the DagBag from /opt/airflow/dags/real_estate_dag.py
[2025-04-10T11:48:34.997+0000] {processor.py:925} INFO - DAG(s) 'real_estate_pipeline' retrieved from /opt/airflow/dags/real_estate_dag.py
[2025-04-10T11:48:35.052+0000] {logging_mixin.py:190} INFO - [2025-04-10T11:48:35.051+0000] {dag.py:3239} INFO - Sync 1 DAGs
[2025-04-10T11:48:35.090+0000] {logging_mixin.py:190} INFO - [2025-04-10T11:48:35.090+0000] {dag.py:4180} INFO - Setting next_dagrun for real_estate_pipeline to 2025-04-09 23:00:00+00:00, run_after=2025-04-10 23:00:00+00:00
[2025-04-10T11:48:35.220+0000] {processor.py:208} INFO - Processing /opt/airflow/dags/real_estate_dag.py took 1.083 seconds
[2025-04-10T11:49:11.296+0000] {processor.py:186} INFO - Started process (PID=450) to work on /opt/airflow/dags/real_estate_dag.py
[2025-04-10T11:49:11.298+0000] {processor.py:914} INFO - Processing file /opt/airflow/dags/real_estate_dag.py for tasks to queue
[2025-04-10T11:49:11.301+0000] {logging_mixin.py:190} INFO - [2025-04-10T11:49:11.301+0000] {dagbag.py:588} INFO - Filling up the DagBag from /opt/airflow/dags/real_estate_dag.py
[2025-04-10T11:49:12.224+0000] {processor.py:925} INFO - DAG(s) 'real_estate_pipeline' retrieved from /opt/airflow/dags/real_estate_dag.py
[2025-04-10T11:49:12.257+0000] {logging_mixin.py:190} INFO - [2025-04-10T11:49:12.256+0000] {dag.py:3239} INFO - Sync 1 DAGs
[2025-04-10T11:49:12.285+0000] {logging_mixin.py:190} INFO - [2025-04-10T11:49:12.284+0000] {dag.py:4180} INFO - Setting next_dagrun for real_estate_pipeline to 2025-04-09 23:00:00+00:00, run_after=2025-04-10 23:00:00+00:00
[2025-04-10T11:49:12.362+0000] {processor.py:208} INFO - Processing /opt/airflow/dags/real_estate_dag.py took 1.073 seconds
[2025-04-10T11:49:43.559+0000] {processor.py:186} INFO - Started process (PID=452) to work on /opt/airflow/dags/real_estate_dag.py
[2025-04-10T11:49:43.561+0000] {processor.py:914} INFO - Processing file /opt/airflow/dags/real_estate_dag.py for tasks to queue
[2025-04-10T11:49:43.564+0000] {logging_mixin.py:190} INFO - [2025-04-10T11:49:43.563+0000] {dagbag.py:588} INFO - Filling up the DagBag from /opt/airflow/dags/real_estate_dag.py
[2025-04-10T11:49:44.624+0000] {processor.py:925} INFO - DAG(s) 'real_estate_pipeline' retrieved from /opt/airflow/dags/real_estate_dag.py
[2025-04-10T11:49:44.666+0000] {logging_mixin.py:190} INFO - [2025-04-10T11:49:44.666+0000] {dag.py:3239} INFO - Sync 1 DAGs
[2025-04-10T11:49:44.696+0000] {logging_mixin.py:190} INFO - [2025-04-10T11:49:44.695+0000] {dag.py:4180} INFO - Setting next_dagrun for real_estate_pipeline to 2025-04-09 23:00:00+00:00, run_after=2025-04-10 23:00:00+00:00
[2025-04-10T11:49:44.790+0000] {processor.py:208} INFO - Processing /opt/airflow/dags/real_estate_dag.py took 1.240 seconds
[2025-04-10T11:50:15.054+0000] {processor.py:186} INFO - Started process (PID=454) to work on /opt/airflow/dags/real_estate_dag.py
[2025-04-10T11:50:15.055+0000] {processor.py:914} INFO - Processing file /opt/airflow/dags/real_estate_dag.py for tasks to queue
[2025-04-10T11:50:15.078+0000] {logging_mixin.py:190} INFO - [2025-04-10T11:50:15.077+0000] {dagbag.py:588} INFO - Filling up the DagBag from /opt/airflow/dags/real_estate_dag.py
[2025-04-10T11:50:15.789+0000] {processor.py:925} INFO - DAG(s) 'real_estate_pipeline' retrieved from /opt/airflow/dags/real_estate_dag.py
[2025-04-10T11:50:15.824+0000] {logging_mixin.py:190} INFO - [2025-04-10T11:50:15.823+0000] {dag.py:3239} INFO - Sync 1 DAGs
[2025-04-10T11:50:15.846+0000] {logging_mixin.py:190} INFO - [2025-04-10T11:50:15.846+0000] {dag.py:4180} INFO - Setting next_dagrun for real_estate_pipeline to 2025-04-09 23:00:00+00:00, run_after=2025-04-10 23:00:00+00:00
[2025-04-10T11:50:15.911+0000] {processor.py:208} INFO - Processing /opt/airflow/dags/real_estate_dag.py took 0.863 seconds
[2025-04-10T11:50:46.622+0000] {processor.py:186} INFO - Started process (PID=456) to work on /opt/airflow/dags/real_estate_dag.py
[2025-04-10T11:50:46.623+0000] {processor.py:914} INFO - Processing file /opt/airflow/dags/real_estate_dag.py for tasks to queue
[2025-04-10T11:50:46.627+0000] {logging_mixin.py:190} INFO - [2025-04-10T11:50:46.626+0000] {dagbag.py:588} INFO - Filling up the DagBag from /opt/airflow/dags/real_estate_dag.py
[2025-04-10T11:50:47.740+0000] {processor.py:925} INFO - DAG(s) 'real_estate_pipeline' retrieved from /opt/airflow/dags/real_estate_dag.py
[2025-04-10T11:50:47.772+0000] {logging_mixin.py:190} INFO - [2025-04-10T11:50:47.771+0000] {dag.py:3239} INFO - Sync 1 DAGs
[2025-04-10T11:50:47.803+0000] {logging_mixin.py:190} INFO - [2025-04-10T11:50:47.803+0000] {dag.py:4180} INFO - Setting next_dagrun for real_estate_pipeline to 2025-04-09 23:00:00+00:00, run_after=2025-04-10 23:00:00+00:00
[2025-04-10T11:50:47.887+0000] {processor.py:208} INFO - Processing /opt/airflow/dags/real_estate_dag.py took 1.278 seconds
[2025-04-10T11:51:18.241+0000] {processor.py:186} INFO - Started process (PID=458) to work on /opt/airflow/dags/real_estate_dag.py
[2025-04-10T11:51:18.258+0000] {processor.py:914} INFO - Processing file /opt/airflow/dags/real_estate_dag.py for tasks to queue
[2025-04-10T11:51:18.264+0000] {logging_mixin.py:190} INFO - [2025-04-10T11:51:18.263+0000] {dagbag.py:588} INFO - Filling up the DagBag from /opt/airflow/dags/real_estate_dag.py
[2025-04-10T11:51:19.269+0000] {processor.py:925} INFO - DAG(s) 'real_estate_pipeline' retrieved from /opt/airflow/dags/real_estate_dag.py
[2025-04-10T11:51:19.314+0000] {logging_mixin.py:190} INFO - [2025-04-10T11:51:19.313+0000] {dag.py:3239} INFO - Sync 1 DAGs
[2025-04-10T11:51:19.352+0000] {logging_mixin.py:190} INFO - [2025-04-10T11:51:19.351+0000] {dag.py:4180} INFO - Setting next_dagrun for real_estate_pipeline to 2025-04-09 23:00:00+00:00, run_after=2025-04-10 23:00:00+00:00
[2025-04-10T11:51:19.433+0000] {processor.py:208} INFO - Processing /opt/airflow/dags/real_estate_dag.py took 1.200 seconds
[2025-04-10T11:51:50.136+0000] {processor.py:186} INFO - Started process (PID=460) to work on /opt/airflow/dags/real_estate_dag.py
[2025-04-10T11:51:50.138+0000] {processor.py:914} INFO - Processing file /opt/airflow/dags/real_estate_dag.py for tasks to queue
[2025-04-10T11:51:50.140+0000] {logging_mixin.py:190} INFO - [2025-04-10T11:51:50.140+0000] {dagbag.py:588} INFO - Filling up the DagBag from /opt/airflow/dags/real_estate_dag.py
[2025-04-10T11:51:51.010+0000] {processor.py:925} INFO - DAG(s) 'real_estate_pipeline' retrieved from /opt/airflow/dags/real_estate_dag.py
[2025-04-10T11:51:51.045+0000] {logging_mixin.py:190} INFO - [2025-04-10T11:51:51.044+0000] {dag.py:3239} INFO - Sync 1 DAGs
[2025-04-10T11:51:51.066+0000] {logging_mixin.py:190} INFO - [2025-04-10T11:51:51.066+0000] {dag.py:4180} INFO - Setting next_dagrun for real_estate_pipeline to 2025-04-09 23:00:00+00:00, run_after=2025-04-10 23:00:00+00:00
[2025-04-10T11:51:51.132+0000] {processor.py:208} INFO - Processing /opt/airflow/dags/real_estate_dag.py took 1.000 seconds
[2025-04-10T11:52:21.870+0000] {processor.py:186} INFO - Started process (PID=462) to work on /opt/airflow/dags/real_estate_dag.py
[2025-04-10T11:52:21.872+0000] {processor.py:914} INFO - Processing file /opt/airflow/dags/real_estate_dag.py for tasks to queue
[2025-04-10T11:52:21.876+0000] {logging_mixin.py:190} INFO - [2025-04-10T11:52:21.875+0000] {dagbag.py:588} INFO - Filling up the DagBag from /opt/airflow/dags/real_estate_dag.py
[2025-04-10T11:52:23.227+0000] {processor.py:925} INFO - DAG(s) 'real_estate_pipeline' retrieved from /opt/airflow/dags/real_estate_dag.py
[2025-04-10T11:52:23.287+0000] {logging_mixin.py:190} INFO - [2025-04-10T11:52:23.287+0000] {dag.py:3239} INFO - Sync 1 DAGs
[2025-04-10T11:52:23.335+0000] {logging_mixin.py:190} INFO - [2025-04-10T11:52:23.335+0000] {dag.py:4180} INFO - Setting next_dagrun for real_estate_pipeline to 2025-04-09 23:00:00+00:00, run_after=2025-04-10 23:00:00+00:00
[2025-04-10T11:52:23.463+0000] {processor.py:208} INFO - Processing /opt/airflow/dags/real_estate_dag.py took 1.601 seconds
[2025-04-10T11:52:54.157+0000] {processor.py:186} INFO - Started process (PID=464) to work on /opt/airflow/dags/real_estate_dag.py
[2025-04-10T11:52:54.159+0000] {processor.py:914} INFO - Processing file /opt/airflow/dags/real_estate_dag.py for tasks to queue
[2025-04-10T11:52:54.161+0000] {logging_mixin.py:190} INFO - [2025-04-10T11:52:54.160+0000] {dagbag.py:588} INFO - Filling up the DagBag from /opt/airflow/dags/real_estate_dag.py
[2025-04-10T11:52:55.036+0000] {processor.py:925} INFO - DAG(s) 'real_estate_pipeline' retrieved from /opt/airflow/dags/real_estate_dag.py
[2025-04-10T11:52:55.074+0000] {logging_mixin.py:190} INFO - [2025-04-10T11:52:55.073+0000] {dag.py:3239} INFO - Sync 1 DAGs
[2025-04-10T11:52:55.102+0000] {logging_mixin.py:190} INFO - [2025-04-10T11:52:55.102+0000] {dag.py:4180} INFO - Setting next_dagrun for real_estate_pipeline to 2025-04-09 23:00:00+00:00, run_after=2025-04-10 23:00:00+00:00
[2025-04-10T11:52:55.182+0000] {processor.py:208} INFO - Processing /opt/airflow/dags/real_estate_dag.py took 1.030 seconds
[2025-04-10T11:53:25.753+0000] {processor.py:186} INFO - Started process (PID=466) to work on /opt/airflow/dags/real_estate_dag.py
[2025-04-10T11:53:25.760+0000] {processor.py:914} INFO - Processing file /opt/airflow/dags/real_estate_dag.py for tasks to queue
[2025-04-10T11:53:25.764+0000] {logging_mixin.py:190} INFO - [2025-04-10T11:53:25.764+0000] {dagbag.py:588} INFO - Filling up the DagBag from /opt/airflow/dags/real_estate_dag.py
[2025-04-10T11:53:27.431+0000] {processor.py:925} INFO - DAG(s) 'real_estate_pipeline' retrieved from /opt/airflow/dags/real_estate_dag.py
[2025-04-10T11:53:27.516+0000] {logging_mixin.py:190} INFO - [2025-04-10T11:53:27.515+0000] {dag.py:3239} INFO - Sync 1 DAGs
[2025-04-10T11:53:27.570+0000] {logging_mixin.py:190} INFO - [2025-04-10T11:53:27.569+0000] {dag.py:4180} INFO - Setting next_dagrun for real_estate_pipeline to 2025-04-09 23:00:00+00:00, run_after=2025-04-10 23:00:00+00:00
[2025-04-10T11:53:27.719+0000] {processor.py:208} INFO - Processing /opt/airflow/dags/real_estate_dag.py took 1.982 seconds
[2025-04-10T11:53:58.272+0000] {processor.py:186} INFO - Started process (PID=468) to work on /opt/airflow/dags/real_estate_dag.py
[2025-04-10T11:53:58.274+0000] {processor.py:914} INFO - Processing file /opt/airflow/dags/real_estate_dag.py for tasks to queue
[2025-04-10T11:53:58.284+0000] {logging_mixin.py:190} INFO - [2025-04-10T11:53:58.283+0000] {dagbag.py:588} INFO - Filling up the DagBag from /opt/airflow/dags/real_estate_dag.py
[2025-04-10T11:53:59.652+0000] {processor.py:925} INFO - DAG(s) 'real_estate_pipeline' retrieved from /opt/airflow/dags/real_estate_dag.py
[2025-04-10T11:53:59.717+0000] {logging_mixin.py:190} INFO - [2025-04-10T11:53:59.717+0000] {dag.py:3239} INFO - Sync 1 DAGs
[2025-04-10T11:53:59.762+0000] {logging_mixin.py:190} INFO - [2025-04-10T11:53:59.762+0000] {dag.py:4180} INFO - Setting next_dagrun for real_estate_pipeline to 2025-04-09 23:00:00+00:00, run_after=2025-04-10 23:00:00+00:00
[2025-04-10T11:53:59.911+0000] {processor.py:208} INFO - Processing /opt/airflow/dags/real_estate_dag.py took 1.645 seconds
[2025-04-10T11:54:30.549+0000] {processor.py:186} INFO - Started process (PID=470) to work on /opt/airflow/dags/real_estate_dag.py
[2025-04-10T11:54:30.551+0000] {processor.py:914} INFO - Processing file /opt/airflow/dags/real_estate_dag.py for tasks to queue
[2025-04-10T11:54:30.553+0000] {logging_mixin.py:190} INFO - [2025-04-10T11:54:30.553+0000] {dagbag.py:588} INFO - Filling up the DagBag from /opt/airflow/dags/real_estate_dag.py
[2025-04-10T11:54:31.575+0000] {processor.py:925} INFO - DAG(s) 'real_estate_pipeline' retrieved from /opt/airflow/dags/real_estate_dag.py
[2025-04-10T11:54:31.611+0000] {logging_mixin.py:190} INFO - [2025-04-10T11:54:31.610+0000] {dag.py:3239} INFO - Sync 1 DAGs
[2025-04-10T11:54:31.632+0000] {logging_mixin.py:190} INFO - [2025-04-10T11:54:31.632+0000] {dag.py:4180} INFO - Setting next_dagrun for real_estate_pipeline to 2025-04-09 23:00:00+00:00, run_after=2025-04-10 23:00:00+00:00
[2025-04-10T11:54:31.787+0000] {processor.py:208} INFO - Processing /opt/airflow/dags/real_estate_dag.py took 1.258 seconds
[2025-04-10T11:55:02.228+0000] {processor.py:186} INFO - Started process (PID=472) to work on /opt/airflow/dags/real_estate_dag.py
[2025-04-10T11:55:02.230+0000] {processor.py:914} INFO - Processing file /opt/airflow/dags/real_estate_dag.py for tasks to queue
[2025-04-10T11:55:02.234+0000] {logging_mixin.py:190} INFO - [2025-04-10T11:55:02.233+0000] {dagbag.py:588} INFO - Filling up the DagBag from /opt/airflow/dags/real_estate_dag.py
[2025-04-10T11:55:03.177+0000] {processor.py:925} INFO - DAG(s) 'real_estate_pipeline' retrieved from /opt/airflow/dags/real_estate_dag.py
[2025-04-10T11:55:03.222+0000] {logging_mixin.py:190} INFO - [2025-04-10T11:55:03.221+0000] {dag.py:3239} INFO - Sync 1 DAGs
[2025-04-10T11:55:03.256+0000] {logging_mixin.py:190} INFO - [2025-04-10T11:55:03.256+0000] {dag.py:4180} INFO - Setting next_dagrun for real_estate_pipeline to 2025-04-09 23:00:00+00:00, run_after=2025-04-10 23:00:00+00:00
[2025-04-10T11:55:03.370+0000] {processor.py:208} INFO - Processing /opt/airflow/dags/real_estate_dag.py took 1.151 seconds
[2025-04-10T11:55:33.810+0000] {processor.py:186} INFO - Started process (PID=474) to work on /opt/airflow/dags/real_estate_dag.py
[2025-04-10T11:55:33.820+0000] {processor.py:914} INFO - Processing file /opt/airflow/dags/real_estate_dag.py for tasks to queue
[2025-04-10T11:55:33.826+0000] {logging_mixin.py:190} INFO - [2025-04-10T11:55:33.825+0000] {dagbag.py:588} INFO - Filling up the DagBag from /opt/airflow/dags/real_estate_dag.py
[2025-04-10T11:55:35.169+0000] {processor.py:925} INFO - DAG(s) 'real_estate_pipeline' retrieved from /opt/airflow/dags/real_estate_dag.py
[2025-04-10T11:55:35.220+0000] {logging_mixin.py:190} INFO - [2025-04-10T11:55:35.220+0000] {dag.py:3239} INFO - Sync 1 DAGs
[2025-04-10T11:55:35.256+0000] {logging_mixin.py:190} INFO - [2025-04-10T11:55:35.256+0000] {dag.py:4180} INFO - Setting next_dagrun for real_estate_pipeline to 2025-04-09 23:00:00+00:00, run_after=2025-04-10 23:00:00+00:00
[2025-04-10T11:55:35.361+0000] {processor.py:208} INFO - Processing /opt/airflow/dags/real_estate_dag.py took 1.563 seconds
[2025-04-10T11:56:05.745+0000] {processor.py:186} INFO - Started process (PID=476) to work on /opt/airflow/dags/real_estate_dag.py
[2025-04-10T11:56:05.747+0000] {processor.py:914} INFO - Processing file /opt/airflow/dags/real_estate_dag.py for tasks to queue
[2025-04-10T11:56:05.750+0000] {logging_mixin.py:190} INFO - [2025-04-10T11:56:05.750+0000] {dagbag.py:588} INFO - Filling up the DagBag from /opt/airflow/dags/real_estate_dag.py
[2025-04-10T11:56:06.561+0000] {processor.py:925} INFO - DAG(s) 'real_estate_pipeline' retrieved from /opt/airflow/dags/real_estate_dag.py
[2025-04-10T11:56:06.594+0000] {logging_mixin.py:190} INFO - [2025-04-10T11:56:06.593+0000] {dag.py:3239} INFO - Sync 1 DAGs
[2025-04-10T11:56:06.624+0000] {logging_mixin.py:190} INFO - [2025-04-10T11:56:06.624+0000] {dag.py:4180} INFO - Setting next_dagrun for real_estate_pipeline to 2025-04-09 23:00:00+00:00, run_after=2025-04-10 23:00:00+00:00
[2025-04-10T11:56:06.718+0000] {processor.py:208} INFO - Processing /opt/airflow/dags/real_estate_dag.py took 0.978 seconds
[2025-04-10T11:56:37.284+0000] {processor.py:186} INFO - Started process (PID=478) to work on /opt/airflow/dags/real_estate_dag.py
[2025-04-10T11:56:37.289+0000] {processor.py:914} INFO - Processing file /opt/airflow/dags/real_estate_dag.py for tasks to queue
[2025-04-10T11:56:37.298+0000] {logging_mixin.py:190} INFO - [2025-04-10T11:56:37.297+0000] {dagbag.py:588} INFO - Filling up the DagBag from /opt/airflow/dags/real_estate_dag.py
[2025-04-10T11:56:38.707+0000] {processor.py:925} INFO - DAG(s) 'real_estate_pipeline' retrieved from /opt/airflow/dags/real_estate_dag.py
[2025-04-10T11:56:38.759+0000] {logging_mixin.py:190} INFO - [2025-04-10T11:56:38.758+0000] {dag.py:3239} INFO - Sync 1 DAGs
[2025-04-10T11:56:38.785+0000] {logging_mixin.py:190} INFO - [2025-04-10T11:56:38.785+0000] {dag.py:4180} INFO - Setting next_dagrun for real_estate_pipeline to 2025-04-09 23:00:00+00:00, run_after=2025-04-10 23:00:00+00:00
[2025-04-10T11:56:38.871+0000] {processor.py:208} INFO - Processing /opt/airflow/dags/real_estate_dag.py took 1.597 seconds
[2025-04-10T11:57:09.495+0000] {processor.py:186} INFO - Started process (PID=480) to work on /opt/airflow/dags/real_estate_dag.py
[2025-04-10T11:57:09.500+0000] {processor.py:914} INFO - Processing file /opt/airflow/dags/real_estate_dag.py for tasks to queue
[2025-04-10T11:57:09.503+0000] {logging_mixin.py:190} INFO - [2025-04-10T11:57:09.503+0000] {dagbag.py:588} INFO - Filling up the DagBag from /opt/airflow/dags/real_estate_dag.py
[2025-04-10T11:57:10.469+0000] {processor.py:925} INFO - DAG(s) 'real_estate_pipeline' retrieved from /opt/airflow/dags/real_estate_dag.py
[2025-04-10T11:57:10.507+0000] {logging_mixin.py:190} INFO - [2025-04-10T11:57:10.507+0000] {dag.py:3239} INFO - Sync 1 DAGs
[2025-04-10T11:57:10.536+0000] {logging_mixin.py:190} INFO - [2025-04-10T11:57:10.535+0000] {dag.py:4180} INFO - Setting next_dagrun for real_estate_pipeline to 2025-04-09 23:00:00+00:00, run_after=2025-04-10 23:00:00+00:00
[2025-04-10T11:57:10.599+0000] {processor.py:208} INFO - Processing /opt/airflow/dags/real_estate_dag.py took 1.118 seconds
[2025-04-10T11:57:40.999+0000] {processor.py:186} INFO - Started process (PID=482) to work on /opt/airflow/dags/real_estate_dag.py
[2025-04-10T11:57:41.001+0000] {processor.py:914} INFO - Processing file /opt/airflow/dags/real_estate_dag.py for tasks to queue
[2025-04-10T11:57:41.003+0000] {logging_mixin.py:190} INFO - [2025-04-10T11:57:41.003+0000] {dagbag.py:588} INFO - Filling up the DagBag from /opt/airflow/dags/real_estate_dag.py
[2025-04-10T11:57:42.399+0000] {processor.py:925} INFO - DAG(s) 'real_estate_pipeline' retrieved from /opt/airflow/dags/real_estate_dag.py
[2025-04-10T11:57:42.442+0000] {logging_mixin.py:190} INFO - [2025-04-10T11:57:42.441+0000] {dag.py:3239} INFO - Sync 1 DAGs
[2025-04-10T11:57:42.472+0000] {logging_mixin.py:190} INFO - [2025-04-10T11:57:42.472+0000] {dag.py:4180} INFO - Setting next_dagrun for real_estate_pipeline to 2025-04-09 23:00:00+00:00, run_after=2025-04-10 23:00:00+00:00
[2025-04-10T11:57:42.562+0000] {processor.py:208} INFO - Processing /opt/airflow/dags/real_estate_dag.py took 1.569 seconds
[2025-04-10T11:58:13.121+0000] {processor.py:186} INFO - Started process (PID=484) to work on /opt/airflow/dags/real_estate_dag.py
[2025-04-10T11:58:13.123+0000] {processor.py:914} INFO - Processing file /opt/airflow/dags/real_estate_dag.py for tasks to queue
[2025-04-10T11:58:13.125+0000] {logging_mixin.py:190} INFO - [2025-04-10T11:58:13.124+0000] {dagbag.py:588} INFO - Filling up the DagBag from /opt/airflow/dags/real_estate_dag.py
[2025-04-10T11:58:14.300+0000] {processor.py:925} INFO - DAG(s) 'real_estate_pipeline' retrieved from /opt/airflow/dags/real_estate_dag.py
[2025-04-10T11:58:14.337+0000] {logging_mixin.py:190} INFO - [2025-04-10T11:58:14.336+0000] {dag.py:3239} INFO - Sync 1 DAGs
[2025-04-10T11:58:14.363+0000] {logging_mixin.py:190} INFO - [2025-04-10T11:58:14.363+0000] {dag.py:4180} INFO - Setting next_dagrun for real_estate_pipeline to 2025-04-09 23:00:00+00:00, run_after=2025-04-10 23:00:00+00:00
[2025-04-10T11:58:14.414+0000] {processor.py:208} INFO - Processing /opt/airflow/dags/real_estate_dag.py took 1.306 seconds
[2025-04-10T11:58:44.725+0000] {processor.py:186} INFO - Started process (PID=486) to work on /opt/airflow/dags/real_estate_dag.py
[2025-04-10T11:58:44.726+0000] {processor.py:914} INFO - Processing file /opt/airflow/dags/real_estate_dag.py for tasks to queue
[2025-04-10T11:58:44.729+0000] {logging_mixin.py:190} INFO - [2025-04-10T11:58:44.729+0000] {dagbag.py:588} INFO - Filling up the DagBag from /opt/airflow/dags/real_estate_dag.py
[2025-04-10T11:58:45.759+0000] {processor.py:925} INFO - DAG(s) 'real_estate_pipeline' retrieved from /opt/airflow/dags/real_estate_dag.py
[2025-04-10T11:58:45.807+0000] {logging_mixin.py:190} INFO - [2025-04-10T11:58:45.806+0000] {dag.py:3239} INFO - Sync 1 DAGs
[2025-04-10T11:58:45.849+0000] {logging_mixin.py:190} INFO - [2025-04-10T11:58:45.849+0000] {dag.py:4180} INFO - Setting next_dagrun for real_estate_pipeline to 2025-04-09 23:00:00+00:00, run_after=2025-04-10 23:00:00+00:00
[2025-04-10T11:58:45.929+0000] {processor.py:208} INFO - Processing /opt/airflow/dags/real_estate_dag.py took 1.212 seconds
[2025-04-10T11:59:16.397+0000] {processor.py:186} INFO - Started process (PID=488) to work on /opt/airflow/dags/real_estate_dag.py
[2025-04-10T11:59:16.414+0000] {processor.py:914} INFO - Processing file /opt/airflow/dags/real_estate_dag.py for tasks to queue
[2025-04-10T11:59:16.418+0000] {logging_mixin.py:190} INFO - [2025-04-10T11:59:16.418+0000] {dagbag.py:588} INFO - Filling up the DagBag from /opt/airflow/dags/real_estate_dag.py
[2025-04-10T11:59:17.321+0000] {processor.py:925} INFO - DAG(s) 'real_estate_pipeline' retrieved from /opt/airflow/dags/real_estate_dag.py
[2025-04-10T11:59:17.389+0000] {logging_mixin.py:190} INFO - [2025-04-10T11:59:17.389+0000] {dag.py:3239} INFO - Sync 1 DAGs
[2025-04-10T11:59:17.428+0000] {logging_mixin.py:190} INFO - [2025-04-10T11:59:17.427+0000] {dag.py:4180} INFO - Setting next_dagrun for real_estate_pipeline to 2025-04-09 23:00:00+00:00, run_after=2025-04-10 23:00:00+00:00
[2025-04-10T11:59:17.477+0000] {processor.py:208} INFO - Processing /opt/airflow/dags/real_estate_dag.py took 1.096 seconds
[2025-04-10T11:59:47.972+0000] {processor.py:186} INFO - Started process (PID=490) to work on /opt/airflow/dags/real_estate_dag.py
[2025-04-10T11:59:47.991+0000] {processor.py:914} INFO - Processing file /opt/airflow/dags/real_estate_dag.py for tasks to queue
[2025-04-10T11:59:48.001+0000] {logging_mixin.py:190} INFO - [2025-04-10T11:59:48.000+0000] {dagbag.py:588} INFO - Filling up the DagBag from /opt/airflow/dags/real_estate_dag.py
[2025-04-10T11:59:48.991+0000] {processor.py:925} INFO - DAG(s) 'real_estate_pipeline' retrieved from /opt/airflow/dags/real_estate_dag.py
[2025-04-10T11:59:49.042+0000] {logging_mixin.py:190} INFO - [2025-04-10T11:59:49.042+0000] {dag.py:3239} INFO - Sync 1 DAGs
[2025-04-10T11:59:49.087+0000] {logging_mixin.py:190} INFO - [2025-04-10T11:59:49.086+0000] {dag.py:4180} INFO - Setting next_dagrun for real_estate_pipeline to 2025-04-09 23:00:00+00:00, run_after=2025-04-10 23:00:00+00:00
[2025-04-10T11:59:49.168+0000] {processor.py:208} INFO - Processing /opt/airflow/dags/real_estate_dag.py took 1.205 seconds
[2025-04-10T12:00:19.652+0000] {processor.py:186} INFO - Started process (PID=492) to work on /opt/airflow/dags/real_estate_dag.py
[2025-04-10T12:00:19.654+0000] {processor.py:914} INFO - Processing file /opt/airflow/dags/real_estate_dag.py for tasks to queue
[2025-04-10T12:00:19.657+0000] {logging_mixin.py:190} INFO - [2025-04-10T12:00:19.656+0000] {dagbag.py:588} INFO - Filling up the DagBag from /opt/airflow/dags/real_estate_dag.py
[2025-04-10T12:00:20.880+0000] {processor.py:925} INFO - DAG(s) 'real_estate_pipeline' retrieved from /opt/airflow/dags/real_estate_dag.py
[2025-04-10T12:00:20.946+0000] {logging_mixin.py:190} INFO - [2025-04-10T12:00:20.945+0000] {dag.py:3239} INFO - Sync 1 DAGs
[2025-04-10T12:00:21.001+0000] {logging_mixin.py:190} INFO - [2025-04-10T12:00:21.001+0000] {dag.py:4180} INFO - Setting next_dagrun for real_estate_pipeline to 2025-04-09 23:00:00+00:00, run_after=2025-04-10 23:00:00+00:00
[2025-04-10T12:00:21.151+0000] {processor.py:208} INFO - Processing /opt/airflow/dags/real_estate_dag.py took 1.506 seconds
[2025-04-10T12:00:51.859+0000] {processor.py:186} INFO - Started process (PID=495) to work on /opt/airflow/dags/real_estate_dag.py
[2025-04-10T12:00:51.861+0000] {processor.py:914} INFO - Processing file /opt/airflow/dags/real_estate_dag.py for tasks to queue
[2025-04-10T12:00:51.863+0000] {logging_mixin.py:190} INFO - [2025-04-10T12:00:51.863+0000] {dagbag.py:588} INFO - Filling up the DagBag from /opt/airflow/dags/real_estate_dag.py
[2025-04-10T12:00:52.836+0000] {processor.py:925} INFO - DAG(s) 'real_estate_pipeline' retrieved from /opt/airflow/dags/real_estate_dag.py
[2025-04-10T12:00:52.879+0000] {logging_mixin.py:190} INFO - [2025-04-10T12:00:52.878+0000] {dag.py:3239} INFO - Sync 1 DAGs
[2025-04-10T12:00:52.909+0000] {logging_mixin.py:190} INFO - [2025-04-10T12:00:52.909+0000] {dag.py:4180} INFO - Setting next_dagrun for real_estate_pipeline to 2025-04-09 23:00:00+00:00, run_after=2025-04-10 23:00:00+00:00
[2025-04-10T12:00:52.993+0000] {processor.py:208} INFO - Processing /opt/airflow/dags/real_estate_dag.py took 1.140 seconds
[2025-04-10T12:01:23.552+0000] {processor.py:186} INFO - Started process (PID=497) to work on /opt/airflow/dags/real_estate_dag.py
[2025-04-10T12:01:23.554+0000] {processor.py:914} INFO - Processing file /opt/airflow/dags/real_estate_dag.py for tasks to queue
[2025-04-10T12:01:23.558+0000] {logging_mixin.py:190} INFO - [2025-04-10T12:01:23.557+0000] {dagbag.py:588} INFO - Filling up the DagBag from /opt/airflow/dags/real_estate_dag.py
[2025-04-10T12:01:24.804+0000] {processor.py:925} INFO - DAG(s) 'real_estate_pipeline' retrieved from /opt/airflow/dags/real_estate_dag.py
[2025-04-10T12:01:24.857+0000] {logging_mixin.py:190} INFO - [2025-04-10T12:01:24.856+0000] {dag.py:3239} INFO - Sync 1 DAGs
[2025-04-10T12:01:24.900+0000] {logging_mixin.py:190} INFO - [2025-04-10T12:01:24.900+0000] {dag.py:4180} INFO - Setting next_dagrun for real_estate_pipeline to 2025-04-09 23:00:00+00:00, run_after=2025-04-10 23:00:00+00:00
[2025-04-10T12:01:25.033+0000] {processor.py:208} INFO - Processing /opt/airflow/dags/real_estate_dag.py took 1.491 seconds
[2025-04-10T12:01:55.686+0000] {processor.py:186} INFO - Started process (PID=499) to work on /opt/airflow/dags/real_estate_dag.py
[2025-04-10T12:01:55.688+0000] {processor.py:914} INFO - Processing file /opt/airflow/dags/real_estate_dag.py for tasks to queue
[2025-04-10T12:01:55.694+0000] {logging_mixin.py:190} INFO - [2025-04-10T12:01:55.693+0000] {dagbag.py:588} INFO - Filling up the DagBag from /opt/airflow/dags/real_estate_dag.py
[2025-04-10T12:01:56.711+0000] {processor.py:925} INFO - DAG(s) 'real_estate_pipeline' retrieved from /opt/airflow/dags/real_estate_dag.py
[2025-04-10T12:01:56.752+0000] {logging_mixin.py:190} INFO - [2025-04-10T12:01:56.751+0000] {dag.py:3239} INFO - Sync 1 DAGs
[2025-04-10T12:01:56.784+0000] {logging_mixin.py:190} INFO - [2025-04-10T12:01:56.784+0000] {dag.py:4180} INFO - Setting next_dagrun for real_estate_pipeline to 2025-04-09 23:00:00+00:00, run_after=2025-04-10 23:00:00+00:00
[2025-04-10T12:01:56.867+0000] {processor.py:208} INFO - Processing /opt/airflow/dags/real_estate_dag.py took 1.190 seconds
[2025-04-10T12:02:27.634+0000] {processor.py:186} INFO - Started process (PID=501) to work on /opt/airflow/dags/real_estate_dag.py
[2025-04-10T12:02:27.639+0000] {processor.py:914} INFO - Processing file /opt/airflow/dags/real_estate_dag.py for tasks to queue
[2025-04-10T12:02:27.650+0000] {logging_mixin.py:190} INFO - [2025-04-10T12:02:27.649+0000] {dagbag.py:588} INFO - Filling up the DagBag from /opt/airflow/dags/real_estate_dag.py
[2025-04-10T12:02:28.637+0000] {processor.py:925} INFO - DAG(s) 'real_estate_pipeline' retrieved from /opt/airflow/dags/real_estate_dag.py
[2025-04-10T12:02:28.695+0000] {logging_mixin.py:190} INFO - [2025-04-10T12:02:28.694+0000] {dag.py:3239} INFO - Sync 1 DAGs
[2025-04-10T12:02:28.733+0000] {logging_mixin.py:190} INFO - [2025-04-10T12:02:28.733+0000] {dag.py:4180} INFO - Setting next_dagrun for real_estate_pipeline to 2025-04-09 23:00:00+00:00, run_after=2025-04-10 23:00:00+00:00
[2025-04-10T12:02:28.817+0000] {processor.py:208} INFO - Processing /opt/airflow/dags/real_estate_dag.py took 1.190 seconds
[2025-04-10T12:02:59.161+0000] {processor.py:186} INFO - Started process (PID=503) to work on /opt/airflow/dags/real_estate_dag.py
[2025-04-10T12:02:59.162+0000] {processor.py:914} INFO - Processing file /opt/airflow/dags/real_estate_dag.py for tasks to queue
[2025-04-10T12:02:59.165+0000] {logging_mixin.py:190} INFO - [2025-04-10T12:02:59.165+0000] {dagbag.py:588} INFO - Filling up the DagBag from /opt/airflow/dags/real_estate_dag.py
[2025-04-10T12:02:59.959+0000] {processor.py:925} INFO - DAG(s) 'real_estate_pipeline' retrieved from /opt/airflow/dags/real_estate_dag.py
[2025-04-10T12:03:00.004+0000] {logging_mixin.py:190} INFO - [2025-04-10T12:03:00.003+0000] {dag.py:3239} INFO - Sync 1 DAGs
[2025-04-10T12:03:00.063+0000] {logging_mixin.py:190} INFO - [2025-04-10T12:03:00.063+0000] {dag.py:4180} INFO - Setting next_dagrun for real_estate_pipeline to 2025-04-09 23:00:00+00:00, run_after=2025-04-10 23:00:00+00:00
[2025-04-10T12:03:00.145+0000] {processor.py:208} INFO - Processing /opt/airflow/dags/real_estate_dag.py took 0.988 seconds
[2025-04-10T12:03:30.550+0000] {processor.py:186} INFO - Started process (PID=505) to work on /opt/airflow/dags/real_estate_dag.py
[2025-04-10T12:03:30.551+0000] {processor.py:914} INFO - Processing file /opt/airflow/dags/real_estate_dag.py for tasks to queue
[2025-04-10T12:03:30.553+0000] {logging_mixin.py:190} INFO - [2025-04-10T12:03:30.553+0000] {dagbag.py:588} INFO - Filling up the DagBag from /opt/airflow/dags/real_estate_dag.py
[2025-04-10T12:03:31.256+0000] {processor.py:925} INFO - DAG(s) 'real_estate_pipeline' retrieved from /opt/airflow/dags/real_estate_dag.py
[2025-04-10T12:03:31.283+0000] {logging_mixin.py:190} INFO - [2025-04-10T12:03:31.282+0000] {dag.py:3239} INFO - Sync 1 DAGs
[2025-04-10T12:03:31.302+0000] {logging_mixin.py:190} INFO - [2025-04-10T12:03:31.302+0000] {dag.py:4180} INFO - Setting next_dagrun for real_estate_pipeline to 2025-04-09 23:00:00+00:00, run_after=2025-04-10 23:00:00+00:00
[2025-04-10T12:03:31.344+0000] {processor.py:208} INFO - Processing /opt/airflow/dags/real_estate_dag.py took 0.800 seconds
[2025-04-10T12:04:01.700+0000] {processor.py:186} INFO - Started process (PID=507) to work on /opt/airflow/dags/real_estate_dag.py
[2025-04-10T12:04:01.701+0000] {processor.py:914} INFO - Processing file /opt/airflow/dags/real_estate_dag.py for tasks to queue
[2025-04-10T12:04:01.704+0000] {logging_mixin.py:190} INFO - [2025-04-10T12:04:01.704+0000] {dagbag.py:588} INFO - Filling up the DagBag from /opt/airflow/dags/real_estate_dag.py
[2025-04-10T12:04:02.471+0000] {processor.py:925} INFO - DAG(s) 'real_estate_pipeline' retrieved from /opt/airflow/dags/real_estate_dag.py
[2025-04-10T12:04:02.506+0000] {logging_mixin.py:190} INFO - [2025-04-10T12:04:02.505+0000] {dag.py:3239} INFO - Sync 1 DAGs
[2025-04-10T12:04:02.535+0000] {logging_mixin.py:190} INFO - [2025-04-10T12:04:02.534+0000] {dag.py:4180} INFO - Setting next_dagrun for real_estate_pipeline to 2025-04-09 23:00:00+00:00, run_after=2025-04-10 23:00:00+00:00
[2025-04-10T12:04:02.606+0000] {processor.py:208} INFO - Processing /opt/airflow/dags/real_estate_dag.py took 0.913 seconds
[2025-04-10T12:04:33.277+0000] {processor.py:186} INFO - Started process (PID=509) to work on /opt/airflow/dags/real_estate_dag.py
[2025-04-10T12:04:33.279+0000] {processor.py:914} INFO - Processing file /opt/airflow/dags/real_estate_dag.py for tasks to queue
[2025-04-10T12:04:33.281+0000] {logging_mixin.py:190} INFO - [2025-04-10T12:04:33.281+0000] {dagbag.py:588} INFO - Filling up the DagBag from /opt/airflow/dags/real_estate_dag.py
[2025-04-10T12:04:34.104+0000] {processor.py:925} INFO - DAG(s) 'real_estate_pipeline' retrieved from /opt/airflow/dags/real_estate_dag.py
[2025-04-10T12:04:34.160+0000] {logging_mixin.py:190} INFO - [2025-04-10T12:04:34.158+0000] {dag.py:3239} INFO - Sync 1 DAGs
[2025-04-10T12:04:34.208+0000] {logging_mixin.py:190} INFO - [2025-04-10T12:04:34.207+0000] {dag.py:4180} INFO - Setting next_dagrun for real_estate_pipeline to 2025-04-09 23:00:00+00:00, run_after=2025-04-10 23:00:00+00:00
[2025-04-10T12:04:34.389+0000] {processor.py:208} INFO - Processing /opt/airflow/dags/real_estate_dag.py took 1.119 seconds
[2025-04-10T12:05:04.725+0000] {processor.py:186} INFO - Started process (PID=511) to work on /opt/airflow/dags/real_estate_dag.py
[2025-04-10T12:05:04.727+0000] {processor.py:914} INFO - Processing file /opt/airflow/dags/real_estate_dag.py for tasks to queue
[2025-04-10T12:05:04.730+0000] {logging_mixin.py:190} INFO - [2025-04-10T12:05:04.729+0000] {dagbag.py:588} INFO - Filling up the DagBag from /opt/airflow/dags/real_estate_dag.py
[2025-04-10T12:05:05.561+0000] {processor.py:925} INFO - DAG(s) 'real_estate_pipeline' retrieved from /opt/airflow/dags/real_estate_dag.py
[2025-04-10T12:05:05.607+0000] {logging_mixin.py:190} INFO - [2025-04-10T12:05:05.606+0000] {dag.py:3239} INFO - Sync 1 DAGs
[2025-04-10T12:05:05.657+0000] {logging_mixin.py:190} INFO - [2025-04-10T12:05:05.656+0000] {dag.py:4180} INFO - Setting next_dagrun for real_estate_pipeline to 2025-04-09 23:00:00+00:00, run_after=2025-04-10 23:00:00+00:00
[2025-04-10T12:05:05.769+0000] {processor.py:208} INFO - Processing /opt/airflow/dags/real_estate_dag.py took 1.050 seconds
[2025-04-10T12:05:36.348+0000] {processor.py:186} INFO - Started process (PID=513) to work on /opt/airflow/dags/real_estate_dag.py
[2025-04-10T12:05:36.350+0000] {processor.py:914} INFO - Processing file /opt/airflow/dags/real_estate_dag.py for tasks to queue
[2025-04-10T12:05:36.356+0000] {logging_mixin.py:190} INFO - [2025-04-10T12:05:36.356+0000] {dagbag.py:588} INFO - Filling up the DagBag from /opt/airflow/dags/real_estate_dag.py
[2025-04-10T17:14:32.375+0000] {processor.py:925} INFO - DAG(s) 'real_estate_pipeline' retrieved from /opt/airflow/dags/real_estate_dag.py
[2025-04-10T17:14:32.424+0000] {logging_mixin.py:190} INFO - [2025-04-10T17:14:32.423+0000] {dag.py:3239} INFO - Sync 1 DAGs
[2025-04-10T17:14:32.466+0000] {logging_mixin.py:190} INFO - [2025-04-10T17:14:32.465+0000] {dag.py:4180} INFO - Setting next_dagrun for real_estate_pipeline to 2025-04-09 23:00:00+00:00, run_after=2025-04-10 23:00:00+00:00
[2025-04-10T17:14:32.558+0000] {processor.py:208} INFO - Processing /opt/airflow/dags/real_estate_dag.py took 3.185 seconds
[2025-04-10T17:15:02.985+0000] {processor.py:186} INFO - Started process (PID=515) to work on /opt/airflow/dags/real_estate_dag.py
[2025-04-10T17:15:02.987+0000] {processor.py:914} INFO - Processing file /opt/airflow/dags/real_estate_dag.py for tasks to queue
[2025-04-10T17:15:02.990+0000] {logging_mixin.py:190} INFO - [2025-04-10T17:15:02.989+0000] {dagbag.py:588} INFO - Filling up the DagBag from /opt/airflow/dags/real_estate_dag.py
[2025-04-10T17:15:04.086+0000] {processor.py:925} INFO - DAG(s) 'real_estate_pipeline' retrieved from /opt/airflow/dags/real_estate_dag.py
[2025-04-10T17:15:04.139+0000] {logging_mixin.py:190} INFO - [2025-04-10T17:15:04.138+0000] {dag.py:3239} INFO - Sync 1 DAGs
[2025-04-10T17:15:04.181+0000] {logging_mixin.py:190} INFO - [2025-04-10T17:15:04.181+0000] {dag.py:4180} INFO - Setting next_dagrun for real_estate_pipeline to 2025-04-09 23:00:00+00:00, run_after=2025-04-10 23:00:00+00:00
[2025-04-10T17:15:04.476+0000] {processor.py:208} INFO - Processing /opt/airflow/dags/real_estate_dag.py took 1.498 seconds
[2025-04-10T17:15:34.865+0000] {processor.py:186} INFO - Started process (PID=517) to work on /opt/airflow/dags/real_estate_dag.py
[2025-04-10T17:15:34.866+0000] {processor.py:914} INFO - Processing file /opt/airflow/dags/real_estate_dag.py for tasks to queue
[2025-04-10T17:15:34.870+0000] {logging_mixin.py:190} INFO - [2025-04-10T17:15:34.869+0000] {dagbag.py:588} INFO - Filling up the DagBag from /opt/airflow/dags/real_estate_dag.py
[2025-04-10T17:15:36.576+0000] {processor.py:925} INFO - DAG(s) 'real_estate_pipeline' retrieved from /opt/airflow/dags/real_estate_dag.py
[2025-04-10T17:15:36.666+0000] {logging_mixin.py:190} INFO - [2025-04-10T17:15:36.666+0000] {dag.py:3239} INFO - Sync 1 DAGs
[2025-04-10T17:15:36.712+0000] {logging_mixin.py:190} INFO - [2025-04-10T17:15:36.712+0000] {dag.py:4180} INFO - Setting next_dagrun for real_estate_pipeline to 2025-04-09 23:00:00+00:00, run_after=2025-04-10 23:00:00+00:00
[2025-04-10T17:15:36.948+0000] {processor.py:208} INFO - Processing /opt/airflow/dags/real_estate_dag.py took 2.093 seconds
[2025-04-10T17:16:07.465+0000] {processor.py:186} INFO - Started process (PID=519) to work on /opt/airflow/dags/real_estate_dag.py
[2025-04-10T17:16:07.466+0000] {processor.py:914} INFO - Processing file /opt/airflow/dags/real_estate_dag.py for tasks to queue
[2025-04-10T17:16:07.469+0000] {logging_mixin.py:190} INFO - [2025-04-10T17:16:07.469+0000] {dagbag.py:588} INFO - Filling up the DagBag from /opt/airflow/dags/real_estate_dag.py
[2025-04-10T17:16:08.097+0000] {processor.py:925} INFO - DAG(s) 'real_estate_pipeline' retrieved from /opt/airflow/dags/real_estate_dag.py
[2025-04-10T17:16:08.139+0000] {logging_mixin.py:190} INFO - [2025-04-10T17:16:08.139+0000] {dag.py:3239} INFO - Sync 1 DAGs
[2025-04-10T17:16:08.171+0000] {logging_mixin.py:190} INFO - [2025-04-10T17:16:08.171+0000] {dag.py:4180} INFO - Setting next_dagrun for real_estate_pipeline to 2025-04-09 23:00:00+00:00, run_after=2025-04-10 23:00:00+00:00
[2025-04-10T17:16:08.260+0000] {processor.py:208} INFO - Processing /opt/airflow/dags/real_estate_dag.py took 0.801 seconds
[2025-04-10T17:16:38.537+0000] {processor.py:186} INFO - Started process (PID=521) to work on /opt/airflow/dags/real_estate_dag.py
[2025-04-10T17:16:38.539+0000] {processor.py:914} INFO - Processing file /opt/airflow/dags/real_estate_dag.py for tasks to queue
[2025-04-10T17:16:38.542+0000] {logging_mixin.py:190} INFO - [2025-04-10T17:16:38.542+0000] {dagbag.py:588} INFO - Filling up the DagBag from /opt/airflow/dags/real_estate_dag.py
[2025-04-10T17:16:39.334+0000] {processor.py:925} INFO - DAG(s) 'real_estate_pipeline' retrieved from /opt/airflow/dags/real_estate_dag.py
[2025-04-10T17:16:39.378+0000] {logging_mixin.py:190} INFO - [2025-04-10T17:16:39.378+0000] {dag.py:3239} INFO - Sync 1 DAGs
[2025-04-10T17:16:39.411+0000] {logging_mixin.py:190} INFO - [2025-04-10T17:16:39.411+0000] {dag.py:4180} INFO - Setting next_dagrun for real_estate_pipeline to 2025-04-09 23:00:00+00:00, run_after=2025-04-10 23:00:00+00:00
[2025-04-10T17:16:39.526+0000] {processor.py:208} INFO - Processing /opt/airflow/dags/real_estate_dag.py took 0.995 seconds
[2025-04-10T17:17:09.935+0000] {processor.py:186} INFO - Started process (PID=523) to work on /opt/airflow/dags/real_estate_dag.py
[2025-04-10T17:17:09.937+0000] {processor.py:914} INFO - Processing file /opt/airflow/dags/real_estate_dag.py for tasks to queue
[2025-04-10T17:17:09.940+0000] {logging_mixin.py:190} INFO - [2025-04-10T17:17:09.940+0000] {dagbag.py:588} INFO - Filling up the DagBag from /opt/airflow/dags/real_estate_dag.py
[2025-04-10T17:17:11.077+0000] {processor.py:925} INFO - DAG(s) 'real_estate_pipeline' retrieved from /opt/airflow/dags/real_estate_dag.py
[2025-04-10T17:17:11.153+0000] {logging_mixin.py:190} INFO - [2025-04-10T17:17:11.152+0000] {dag.py:3239} INFO - Sync 1 DAGs
[2025-04-10T17:17:11.199+0000] {logging_mixin.py:190} INFO - [2025-04-10T17:17:11.199+0000] {dag.py:4180} INFO - Setting next_dagrun for real_estate_pipeline to 2025-04-09 23:00:00+00:00, run_after=2025-04-10 23:00:00+00:00
[2025-04-10T17:17:11.312+0000] {processor.py:208} INFO - Processing /opt/airflow/dags/real_estate_dag.py took 1.385 seconds
[2025-04-10T17:17:41.790+0000] {processor.py:186} INFO - Started process (PID=525) to work on /opt/airflow/dags/real_estate_dag.py
[2025-04-10T17:17:41.792+0000] {processor.py:914} INFO - Processing file /opt/airflow/dags/real_estate_dag.py for tasks to queue
[2025-04-10T17:17:41.796+0000] {logging_mixin.py:190} INFO - [2025-04-10T17:17:41.795+0000] {dagbag.py:588} INFO - Filling up the DagBag from /opt/airflow/dags/real_estate_dag.py
[2025-04-10T17:17:42.814+0000] {processor.py:925} INFO - DAG(s) 'real_estate_pipeline' retrieved from /opt/airflow/dags/real_estate_dag.py
[2025-04-10T17:17:42.866+0000] {logging_mixin.py:190} INFO - [2025-04-10T17:17:42.866+0000] {dag.py:3239} INFO - Sync 1 DAGs
[2025-04-10T17:17:42.919+0000] {logging_mixin.py:190} INFO - [2025-04-10T17:17:42.919+0000] {dag.py:4180} INFO - Setting next_dagrun for real_estate_pipeline to 2025-04-09 23:00:00+00:00, run_after=2025-04-10 23:00:00+00:00
[2025-04-10T17:17:43.099+0000] {processor.py:208} INFO - Processing /opt/airflow/dags/real_estate_dag.py took 1.316 seconds
[2025-04-10T17:18:13.830+0000] {processor.py:186} INFO - Started process (PID=527) to work on /opt/airflow/dags/real_estate_dag.py
[2025-04-10T17:18:13.832+0000] {processor.py:914} INFO - Processing file /opt/airflow/dags/real_estate_dag.py for tasks to queue
[2025-04-10T17:18:13.835+0000] {logging_mixin.py:190} INFO - [2025-04-10T17:18:13.834+0000] {dagbag.py:588} INFO - Filling up the DagBag from /opt/airflow/dags/real_estate_dag.py
[2025-04-10T17:18:14.698+0000] {processor.py:925} INFO - DAG(s) 'real_estate_pipeline' retrieved from /opt/airflow/dags/real_estate_dag.py
[2025-04-10T17:18:14.776+0000] {logging_mixin.py:190} INFO - [2025-04-10T17:18:14.776+0000] {dag.py:3239} INFO - Sync 1 DAGs
[2025-04-10T17:18:14.812+0000] {logging_mixin.py:190} INFO - [2025-04-10T17:18:14.812+0000] {dag.py:4180} INFO - Setting next_dagrun for real_estate_pipeline to 2025-04-09 23:00:00+00:00, run_after=2025-04-10 23:00:00+00:00
[2025-04-10T17:18:14.875+0000] {processor.py:208} INFO - Processing /opt/airflow/dags/real_estate_dag.py took 1.053 seconds
[2025-04-10T17:18:45.294+0000] {processor.py:186} INFO - Started process (PID=529) to work on /opt/airflow/dags/real_estate_dag.py
[2025-04-10T17:18:45.296+0000] {processor.py:914} INFO - Processing file /opt/airflow/dags/real_estate_dag.py for tasks to queue
[2025-04-10T17:18:45.302+0000] {logging_mixin.py:190} INFO - [2025-04-10T17:18:45.301+0000] {dagbag.py:588} INFO - Filling up the DagBag from /opt/airflow/dags/real_estate_dag.py
[2025-04-10T17:18:46.236+0000] {processor.py:925} INFO - DAG(s) 'real_estate_pipeline' retrieved from /opt/airflow/dags/real_estate_dag.py
[2025-04-10T17:18:46.307+0000] {logging_mixin.py:190} INFO - [2025-04-10T17:18:46.306+0000] {dag.py:3239} INFO - Sync 1 DAGs
[2025-04-10T17:18:46.352+0000] {logging_mixin.py:190} INFO - [2025-04-10T17:18:46.351+0000] {dag.py:4180} INFO - Setting next_dagrun for real_estate_pipeline to 2025-04-09 23:00:00+00:00, run_after=2025-04-10 23:00:00+00:00
[2025-04-10T17:18:46.451+0000] {processor.py:208} INFO - Processing /opt/airflow/dags/real_estate_dag.py took 1.168 seconds
[2025-04-10T17:19:16.867+0000] {processor.py:186} INFO - Started process (PID=531) to work on /opt/airflow/dags/real_estate_dag.py
[2025-04-10T17:19:16.868+0000] {processor.py:914} INFO - Processing file /opt/airflow/dags/real_estate_dag.py for tasks to queue
[2025-04-10T17:19:16.871+0000] {logging_mixin.py:190} INFO - [2025-04-10T17:19:16.871+0000] {dagbag.py:588} INFO - Filling up the DagBag from /opt/airflow/dags/real_estate_dag.py
[2025-04-10T17:19:17.537+0000] {processor.py:925} INFO - DAG(s) 'real_estate_pipeline' retrieved from /opt/airflow/dags/real_estate_dag.py
[2025-04-10T17:19:17.626+0000] {logging_mixin.py:190} INFO - [2025-04-10T17:19:17.625+0000] {dag.py:3239} INFO - Sync 1 DAGs
[2025-04-10T17:19:17.657+0000] {logging_mixin.py:190} INFO - [2025-04-10T17:19:17.657+0000] {dag.py:4180} INFO - Setting next_dagrun for real_estate_pipeline to 2025-04-09 23:00:00+00:00, run_after=2025-04-10 23:00:00+00:00
[2025-04-10T17:19:17.717+0000] {processor.py:208} INFO - Processing /opt/airflow/dags/real_estate_dag.py took 0.859 seconds
[2025-04-10T17:19:47.838+0000] {processor.py:186} INFO - Started process (PID=533) to work on /opt/airflow/dags/real_estate_dag.py
[2025-04-10T17:19:47.840+0000] {processor.py:914} INFO - Processing file /opt/airflow/dags/real_estate_dag.py for tasks to queue
[2025-04-10T17:19:47.842+0000] {logging_mixin.py:190} INFO - [2025-04-10T17:19:47.841+0000] {dagbag.py:588} INFO - Filling up the DagBag from /opt/airflow/dags/real_estate_dag.py
[2025-04-10T17:19:48.788+0000] {processor.py:925} INFO - DAG(s) 'real_estate_pipeline' retrieved from /opt/airflow/dags/real_estate_dag.py
[2025-04-10T17:19:48.833+0000] {logging_mixin.py:190} INFO - [2025-04-10T17:19:48.832+0000] {dag.py:3239} INFO - Sync 1 DAGs
[2025-04-10T17:19:48.866+0000] {logging_mixin.py:190} INFO - [2025-04-10T17:19:48.866+0000] {dag.py:4180} INFO - Setting next_dagrun for real_estate_pipeline to 2025-04-09 23:00:00+00:00, run_after=2025-04-10 23:00:00+00:00
[2025-04-10T17:19:48.932+0000] {processor.py:208} INFO - Processing /opt/airflow/dags/real_estate_dag.py took 1.103 seconds
[2025-04-10T17:20:19.420+0000] {processor.py:186} INFO - Started process (PID=535) to work on /opt/airflow/dags/real_estate_dag.py
[2025-04-10T17:20:19.423+0000] {processor.py:914} INFO - Processing file /opt/airflow/dags/real_estate_dag.py for tasks to queue
[2025-04-10T17:20:19.427+0000] {logging_mixin.py:190} INFO - [2025-04-10T17:20:19.426+0000] {dagbag.py:588} INFO - Filling up the DagBag from /opt/airflow/dags/real_estate_dag.py
[2025-04-10T17:20:20.296+0000] {processor.py:925} INFO - DAG(s) 'real_estate_pipeline' retrieved from /opt/airflow/dags/real_estate_dag.py
[2025-04-10T17:20:20.344+0000] {logging_mixin.py:190} INFO - [2025-04-10T17:20:20.344+0000] {dag.py:3239} INFO - Sync 1 DAGs
[2025-04-10T17:20:20.382+0000] {logging_mixin.py:190} INFO - [2025-04-10T17:20:20.381+0000] {dag.py:4180} INFO - Setting next_dagrun for real_estate_pipeline to 2025-04-09 23:00:00+00:00, run_after=2025-04-10 23:00:00+00:00
[2025-04-10T17:20:20.505+0000] {processor.py:208} INFO - Processing /opt/airflow/dags/real_estate_dag.py took 1.098 seconds
[2025-04-10T17:20:50.679+0000] {processor.py:186} INFO - Started process (PID=537) to work on /opt/airflow/dags/real_estate_dag.py
[2025-04-10T17:20:50.681+0000] {processor.py:914} INFO - Processing file /opt/airflow/dags/real_estate_dag.py for tasks to queue
[2025-04-10T17:20:50.687+0000] {logging_mixin.py:190} INFO - [2025-04-10T17:20:50.686+0000] {dagbag.py:588} INFO - Filling up the DagBag from /opt/airflow/dags/real_estate_dag.py
[2025-04-10T17:20:51.704+0000] {processor.py:925} INFO - DAG(s) 'real_estate_pipeline' retrieved from /opt/airflow/dags/real_estate_dag.py
[2025-04-10T17:20:51.771+0000] {logging_mixin.py:190} INFO - [2025-04-10T17:20:51.770+0000] {dag.py:3239} INFO - Sync 1 DAGs
[2025-04-10T17:20:51.830+0000] {logging_mixin.py:190} INFO - [2025-04-10T17:20:51.829+0000] {dag.py:4180} INFO - Setting next_dagrun for real_estate_pipeline to 2025-04-09 23:00:00+00:00, run_after=2025-04-10 23:00:00+00:00
[2025-04-10T17:20:51.953+0000] {processor.py:208} INFO - Processing /opt/airflow/dags/real_estate_dag.py took 1.284 seconds
[2025-04-10T17:21:22.739+0000] {processor.py:186} INFO - Started process (PID=539) to work on /opt/airflow/dags/real_estate_dag.py
[2025-04-10T17:21:22.741+0000] {processor.py:914} INFO - Processing file /opt/airflow/dags/real_estate_dag.py for tasks to queue
[2025-04-10T17:21:22.746+0000] {logging_mixin.py:190} INFO - [2025-04-10T17:21:22.745+0000] {dagbag.py:588} INFO - Filling up the DagBag from /opt/airflow/dags/real_estate_dag.py
[2025-04-10T17:21:23.593+0000] {processor.py:925} INFO - DAG(s) 'real_estate_pipeline' retrieved from /opt/airflow/dags/real_estate_dag.py
[2025-04-10T17:21:23.643+0000] {logging_mixin.py:190} INFO - [2025-04-10T17:21:23.642+0000] {dag.py:3239} INFO - Sync 1 DAGs
[2025-04-10T17:21:23.679+0000] {logging_mixin.py:190} INFO - [2025-04-10T17:21:23.678+0000] {dag.py:4180} INFO - Setting next_dagrun for real_estate_pipeline to 2025-04-09 23:00:00+00:00, run_after=2025-04-10 23:00:00+00:00
[2025-04-10T17:21:23.801+0000] {processor.py:208} INFO - Processing /opt/airflow/dags/real_estate_dag.py took 1.071 seconds
[2025-04-10T17:21:54.420+0000] {processor.py:186} INFO - Started process (PID=541) to work on /opt/airflow/dags/real_estate_dag.py
[2025-04-10T17:21:54.422+0000] {processor.py:914} INFO - Processing file /opt/airflow/dags/real_estate_dag.py for tasks to queue
[2025-04-10T17:21:54.427+0000] {logging_mixin.py:190} INFO - [2025-04-10T17:21:54.427+0000] {dagbag.py:588} INFO - Filling up the DagBag from /opt/airflow/dags/real_estate_dag.py
[2025-04-10T17:21:55.337+0000] {processor.py:925} INFO - DAG(s) 'real_estate_pipeline' retrieved from /opt/airflow/dags/real_estate_dag.py
[2025-04-10T17:21:55.407+0000] {logging_mixin.py:190} INFO - [2025-04-10T17:21:55.406+0000] {dag.py:3239} INFO - Sync 1 DAGs
[2025-04-10T17:21:55.457+0000] {logging_mixin.py:190} INFO - [2025-04-10T17:21:55.457+0000] {dag.py:4180} INFO - Setting next_dagrun for real_estate_pipeline to 2025-04-09 23:00:00+00:00, run_after=2025-04-10 23:00:00+00:00
[2025-04-10T17:21:55.553+0000] {processor.py:208} INFO - Processing /opt/airflow/dags/real_estate_dag.py took 1.145 seconds
[2025-04-10T17:22:26.194+0000] {processor.py:186} INFO - Started process (PID=543) to work on /opt/airflow/dags/real_estate_dag.py
[2025-04-10T17:22:26.196+0000] {processor.py:914} INFO - Processing file /opt/airflow/dags/real_estate_dag.py for tasks to queue
[2025-04-10T17:22:26.201+0000] {logging_mixin.py:190} INFO - [2025-04-10T17:22:26.200+0000] {dagbag.py:588} INFO - Filling up the DagBag from /opt/airflow/dags/real_estate_dag.py
[2025-04-10T17:22:26.745+0000] {processor.py:925} INFO - DAG(s) 'real_estate_pipeline' retrieved from /opt/airflow/dags/real_estate_dag.py
[2025-04-10T17:22:26.796+0000] {logging_mixin.py:190} INFO - [2025-04-10T17:22:26.795+0000] {dag.py:3239} INFO - Sync 1 DAGs
[2025-04-10T17:22:26.856+0000] {logging_mixin.py:190} INFO - [2025-04-10T17:22:26.855+0000] {dag.py:4180} INFO - Setting next_dagrun for real_estate_pipeline to 2025-04-09 23:00:00+00:00, run_after=2025-04-10 23:00:00+00:00
[2025-04-10T17:22:26.966+0000] {processor.py:208} INFO - Processing /opt/airflow/dags/real_estate_dag.py took 0.783 seconds
[2025-04-10T17:22:57.558+0000] {processor.py:186} INFO - Started process (PID=545) to work on /opt/airflow/dags/real_estate_dag.py
[2025-04-10T17:22:57.560+0000] {processor.py:914} INFO - Processing file /opt/airflow/dags/real_estate_dag.py for tasks to queue
[2025-04-10T17:22:57.563+0000] {logging_mixin.py:190} INFO - [2025-04-10T17:22:57.563+0000] {dagbag.py:588} INFO - Filling up the DagBag from /opt/airflow/dags/real_estate_dag.py
[2025-04-10T17:22:58.548+0000] {processor.py:925} INFO - DAG(s) 'real_estate_pipeline' retrieved from /opt/airflow/dags/real_estate_dag.py
[2025-04-10T17:22:58.623+0000] {logging_mixin.py:190} INFO - [2025-04-10T17:22:58.622+0000] {dag.py:3239} INFO - Sync 1 DAGs
[2025-04-10T17:22:58.662+0000] {logging_mixin.py:190} INFO - [2025-04-10T17:22:58.662+0000] {dag.py:4180} INFO - Setting next_dagrun for real_estate_pipeline to 2025-04-09 23:00:00+00:00, run_after=2025-04-10 23:00:00+00:00
[2025-04-10T17:22:58.731+0000] {processor.py:208} INFO - Processing /opt/airflow/dags/real_estate_dag.py took 1.182 seconds
[2025-04-10T17:23:29.205+0000] {processor.py:186} INFO - Started process (PID=547) to work on /opt/airflow/dags/real_estate_dag.py
[2025-04-10T17:23:29.207+0000] {processor.py:914} INFO - Processing file /opt/airflow/dags/real_estate_dag.py for tasks to queue
[2025-04-10T17:23:29.211+0000] {logging_mixin.py:190} INFO - [2025-04-10T17:23:29.210+0000] {dagbag.py:588} INFO - Filling up the DagBag from /opt/airflow/dags/real_estate_dag.py
[2025-04-10T17:23:30.072+0000] {processor.py:925} INFO - DAG(s) 'real_estate_pipeline' retrieved from /opt/airflow/dags/real_estate_dag.py
[2025-04-10T17:23:30.116+0000] {logging_mixin.py:190} INFO - [2025-04-10T17:23:30.115+0000] {dag.py:3239} INFO - Sync 1 DAGs
[2025-04-10T17:23:30.154+0000] {logging_mixin.py:190} INFO - [2025-04-10T17:23:30.153+0000] {dag.py:4180} INFO - Setting next_dagrun for real_estate_pipeline to 2025-04-09 23:00:00+00:00, run_after=2025-04-10 23:00:00+00:00
[2025-04-10T17:23:30.222+0000] {processor.py:208} INFO - Processing /opt/airflow/dags/real_estate_dag.py took 1.025 seconds
[2025-04-10T17:24:00.744+0000] {processor.py:186} INFO - Started process (PID=549) to work on /opt/airflow/dags/real_estate_dag.py
[2025-04-10T17:24:00.745+0000] {processor.py:914} INFO - Processing file /opt/airflow/dags/real_estate_dag.py for tasks to queue
[2025-04-10T17:24:00.748+0000] {logging_mixin.py:190} INFO - [2025-04-10T17:24:00.747+0000] {dagbag.py:588} INFO - Filling up the DagBag from /opt/airflow/dags/real_estate_dag.py
[2025-04-10T17:24:01.595+0000] {processor.py:925} INFO - DAG(s) 'real_estate_pipeline' retrieved from /opt/airflow/dags/real_estate_dag.py
[2025-04-10T17:24:01.638+0000] {logging_mixin.py:190} INFO - [2025-04-10T17:24:01.637+0000] {dag.py:3239} INFO - Sync 1 DAGs
[2025-04-10T17:24:01.671+0000] {logging_mixin.py:190} INFO - [2025-04-10T17:24:01.671+0000] {dag.py:4180} INFO - Setting next_dagrun for real_estate_pipeline to 2025-04-09 23:00:00+00:00, run_after=2025-04-10 23:00:00+00:00
[2025-04-10T17:24:01.733+0000] {processor.py:208} INFO - Processing /opt/airflow/dags/real_estate_dag.py took 0.995 seconds
[2025-04-10T17:24:32.479+0000] {processor.py:186} INFO - Started process (PID=551) to work on /opt/airflow/dags/real_estate_dag.py
[2025-04-10T17:24:32.480+0000] {processor.py:914} INFO - Processing file /opt/airflow/dags/real_estate_dag.py for tasks to queue
[2025-04-10T17:24:32.484+0000] {logging_mixin.py:190} INFO - [2025-04-10T17:24:32.483+0000] {dagbag.py:588} INFO - Filling up the DagBag from /opt/airflow/dags/real_estate_dag.py
[2025-04-10T17:24:33.375+0000] {processor.py:925} INFO - DAG(s) 'real_estate_pipeline' retrieved from /opt/airflow/dags/real_estate_dag.py
[2025-04-10T17:24:33.428+0000] {logging_mixin.py:190} INFO - [2025-04-10T17:24:33.428+0000] {dag.py:3239} INFO - Sync 1 DAGs
[2025-04-10T17:24:33.467+0000] {logging_mixin.py:190} INFO - [2025-04-10T17:24:33.467+0000] {dag.py:4180} INFO - Setting next_dagrun for real_estate_pipeline to 2025-04-09 23:00:00+00:00, run_after=2025-04-10 23:00:00+00:00
[2025-04-10T17:24:33.570+0000] {processor.py:208} INFO - Processing /opt/airflow/dags/real_estate_dag.py took 1.097 seconds
[2025-04-10T17:25:04.188+0000] {processor.py:186} INFO - Started process (PID=553) to work on /opt/airflow/dags/real_estate_dag.py
[2025-04-10T17:25:04.190+0000] {processor.py:914} INFO - Processing file /opt/airflow/dags/real_estate_dag.py for tasks to queue
[2025-04-10T17:25:04.192+0000] {logging_mixin.py:190} INFO - [2025-04-10T17:25:04.192+0000] {dagbag.py:588} INFO - Filling up the DagBag from /opt/airflow/dags/real_estate_dag.py
[2025-04-10T17:25:04.905+0000] {processor.py:925} INFO - DAG(s) 'real_estate_pipeline' retrieved from /opt/airflow/dags/real_estate_dag.py
[2025-04-10T17:25:04.959+0000] {logging_mixin.py:190} INFO - [2025-04-10T17:25:04.958+0000] {dag.py:3239} INFO - Sync 1 DAGs
[2025-04-10T17:25:05.004+0000] {logging_mixin.py:190} INFO - [2025-04-10T17:25:05.004+0000] {dag.py:4180} INFO - Setting next_dagrun for real_estate_pipeline to 2025-04-09 23:00:00+00:00, run_after=2025-04-10 23:00:00+00:00
[2025-04-10T17:25:05.115+0000] {processor.py:208} INFO - Processing /opt/airflow/dags/real_estate_dag.py took 0.933 seconds
[2025-04-10T17:25:35.673+0000] {processor.py:186} INFO - Started process (PID=555) to work on /opt/airflow/dags/real_estate_dag.py
[2025-04-10T17:25:35.675+0000] {processor.py:914} INFO - Processing file /opt/airflow/dags/real_estate_dag.py for tasks to queue
[2025-04-10T17:25:35.678+0000] {logging_mixin.py:190} INFO - [2025-04-10T17:25:35.678+0000] {dagbag.py:588} INFO - Filling up the DagBag from /opt/airflow/dags/real_estate_dag.py
[2025-04-10T17:25:36.660+0000] {processor.py:925} INFO - DAG(s) 'real_estate_pipeline' retrieved from /opt/airflow/dags/real_estate_dag.py
[2025-04-10T17:25:36.738+0000] {logging_mixin.py:190} INFO - [2025-04-10T17:25:36.737+0000] {dag.py:3239} INFO - Sync 1 DAGs
[2025-04-10T17:25:36.777+0000] {logging_mixin.py:190} INFO - [2025-04-10T17:25:36.776+0000] {dag.py:4180} INFO - Setting next_dagrun for real_estate_pipeline to 2025-04-09 23:00:00+00:00, run_after=2025-04-10 23:00:00+00:00
[2025-04-10T17:25:36.898+0000] {processor.py:208} INFO - Processing /opt/airflow/dags/real_estate_dag.py took 1.235 seconds
[2025-04-10T17:26:07.240+0000] {processor.py:186} INFO - Started process (PID=557) to work on /opt/airflow/dags/real_estate_dag.py
[2025-04-10T17:26:07.241+0000] {processor.py:914} INFO - Processing file /opt/airflow/dags/real_estate_dag.py for tasks to queue
[2025-04-10T17:26:07.244+0000] {logging_mixin.py:190} INFO - [2025-04-10T17:26:07.243+0000] {dagbag.py:588} INFO - Filling up the DagBag from /opt/airflow/dags/real_estate_dag.py
[2025-04-10T17:26:08.022+0000] {processor.py:925} INFO - DAG(s) 'real_estate_pipeline' retrieved from /opt/airflow/dags/real_estate_dag.py
[2025-04-10T17:26:08.062+0000] {logging_mixin.py:190} INFO - [2025-04-10T17:26:08.061+0000] {dag.py:3239} INFO - Sync 1 DAGs
[2025-04-10T17:26:08.093+0000] {logging_mixin.py:190} INFO - [2025-04-10T17:26:08.093+0000] {dag.py:4180} INFO - Setting next_dagrun for real_estate_pipeline to 2025-04-09 23:00:00+00:00, run_after=2025-04-10 23:00:00+00:00
[2025-04-10T17:26:08.157+0000] {processor.py:208} INFO - Processing /opt/airflow/dags/real_estate_dag.py took 0.924 seconds
[2025-04-10T17:26:38.653+0000] {processor.py:186} INFO - Started process (PID=559) to work on /opt/airflow/dags/real_estate_dag.py
[2025-04-10T17:26:38.655+0000] {processor.py:914} INFO - Processing file /opt/airflow/dags/real_estate_dag.py for tasks to queue
[2025-04-10T17:26:38.657+0000] {logging_mixin.py:190} INFO - [2025-04-10T17:26:38.657+0000] {dagbag.py:588} INFO - Filling up the DagBag from /opt/airflow/dags/real_estate_dag.py
[2025-04-10T17:26:39.578+0000] {processor.py:925} INFO - DAG(s) 'real_estate_pipeline' retrieved from /opt/airflow/dags/real_estate_dag.py
[2025-04-10T17:26:39.647+0000] {logging_mixin.py:190} INFO - [2025-04-10T17:26:39.646+0000] {dag.py:3239} INFO - Sync 1 DAGs
[2025-04-10T17:26:39.684+0000] {logging_mixin.py:190} INFO - [2025-04-10T17:26:39.684+0000] {dag.py:4180} INFO - Setting next_dagrun for real_estate_pipeline to 2025-04-09 23:00:00+00:00, run_after=2025-04-10 23:00:00+00:00
[2025-04-10T17:26:39.741+0000] {processor.py:208} INFO - Processing /opt/airflow/dags/real_estate_dag.py took 1.095 seconds
[2025-04-10T17:39:48.262+0000] {processor.py:186} INFO - Started process (PID=561) to work on /opt/airflow/dags/real_estate_dag.py
[2025-04-10T17:39:48.264+0000] {processor.py:914} INFO - Processing file /opt/airflow/dags/real_estate_dag.py for tasks to queue
[2025-04-10T17:39:48.268+0000] {logging_mixin.py:190} INFO - [2025-04-10T17:39:48.267+0000] {dagbag.py:588} INFO - Filling up the DagBag from /opt/airflow/dags/real_estate_dag.py
[2025-04-10T17:39:49.042+0000] {processor.py:925} INFO - DAG(s) 'real_estate_pipeline' retrieved from /opt/airflow/dags/real_estate_dag.py
[2025-04-10T17:39:49.095+0000] {logging_mixin.py:190} INFO - [2025-04-10T17:39:49.095+0000] {dag.py:3239} INFO - Sync 1 DAGs
[2025-04-10T17:39:49.143+0000] {logging_mixin.py:190} INFO - [2025-04-10T17:39:49.142+0000] {dag.py:4180} INFO - Setting next_dagrun for real_estate_pipeline to 2025-04-09 23:00:00+00:00, run_after=2025-04-10 23:00:00+00:00
[2025-04-10T17:39:49.226+0000] {processor.py:208} INFO - Processing /opt/airflow/dags/real_estate_dag.py took 0.973 seconds
[2025-04-10T17:40:19.607+0000] {processor.py:186} INFO - Started process (PID=563) to work on /opt/airflow/dags/real_estate_dag.py
[2025-04-10T17:40:19.609+0000] {processor.py:914} INFO - Processing file /opt/airflow/dags/real_estate_dag.py for tasks to queue
[2025-04-10T17:40:19.614+0000] {logging_mixin.py:190} INFO - [2025-04-10T17:40:19.614+0000] {dagbag.py:588} INFO - Filling up the DagBag from /opt/airflow/dags/real_estate_dag.py
[2025-04-10T17:40:20.484+0000] {processor.py:925} INFO - DAG(s) 'real_estate_pipeline' retrieved from /opt/airflow/dags/real_estate_dag.py
[2025-04-10T17:40:20.539+0000] {logging_mixin.py:190} INFO - [2025-04-10T17:40:20.538+0000] {dag.py:3239} INFO - Sync 1 DAGs
[2025-04-10T17:40:20.574+0000] {logging_mixin.py:190} INFO - [2025-04-10T17:40:20.573+0000] {dag.py:4180} INFO - Setting next_dagrun for real_estate_pipeline to 2025-04-09 23:00:00+00:00, run_after=2025-04-10 23:00:00+00:00
[2025-04-10T17:40:20.653+0000] {processor.py:208} INFO - Processing /opt/airflow/dags/real_estate_dag.py took 1.055 seconds
[2025-04-10T17:40:51.237+0000] {processor.py:186} INFO - Started process (PID=565) to work on /opt/airflow/dags/real_estate_dag.py
[2025-04-10T17:40:51.239+0000] {processor.py:914} INFO - Processing file /opt/airflow/dags/real_estate_dag.py for tasks to queue
[2025-04-10T17:40:51.244+0000] {logging_mixin.py:190} INFO - [2025-04-10T17:40:51.243+0000] {dagbag.py:588} INFO - Filling up the DagBag from /opt/airflow/dags/real_estate_dag.py
[2025-04-10T17:40:52.765+0000] {processor.py:925} INFO - DAG(s) 'real_estate_pipeline' retrieved from /opt/airflow/dags/real_estate_dag.py
[2025-04-10T17:40:52.847+0000] {logging_mixin.py:190} INFO - [2025-04-10T17:40:52.846+0000] {dag.py:3239} INFO - Sync 1 DAGs
[2025-04-10T17:40:52.892+0000] {logging_mixin.py:190} INFO - [2025-04-10T17:40:52.892+0000] {dag.py:4180} INFO - Setting next_dagrun for real_estate_pipeline to 2025-04-09 23:00:00+00:00, run_after=2025-04-10 23:00:00+00:00
[2025-04-10T17:40:53.085+0000] {processor.py:208} INFO - Processing /opt/airflow/dags/real_estate_dag.py took 1.861 seconds
